{"numFailedTestSuites":2,"numFailedTests":1,"numPassedTestSuites":1,"numPassedTests":2,"numPendingTestSuites":0,"numPendingTests":0,"numRuntimeErrorTestSuites":1,"numTodoTests":0,"numTotalTestSuites":3,"numTotalTests":3,"openHandles":[],"snapshot":{"added":0,"didUpdate":false,"failure":false,"filesAdded":0,"filesRemoved":0,"filesRemovedList":[],"filesUnmatched":0,"filesUpdated":0,"matched":0,"total":0,"unchecked":0,"uncheckedKeysByFile":[],"unmatched":0,"updated":0},"startTime":1782041135934,"success":false,"testResults":[{"assertionResults":[{"ancestorTitles":["HomePage"],"duration":1177,"failing":false,"failureDetails":[{"name":"TestingLibraryElementError"}],"failureMessages":["Error: Found multiple elements with the text: /No movies match your filters.|No movies were found.|/i\n\nHere are the matching elements:\n\nIgnored nodes: comments, script, style\n\u001b[36m<body>\u001b[39m\n  \u001b[36m<div>\u001b[39m\n    \u001b[36m<main\u001b[39m\n      \u001b[33mclass\u001b[39m=\u001b[32m\"page page--home\"\u001b[39m\n    \u001b[36m>\u001b[39m\n      \u001b[36m<header\u001b[39m\n        \u001b[33mclass\u001b[39m=\u001b[32m\"page__header\"\u001b[39m\n      \u001b[36m>\u001b[39m\n        \u001b[36m<h1>\u001b[39m\n          \u001b[0mDiscover movies\u001b[0m\n        \u001b[36m</h1>\u001b[39m\n        \u001b[36m<p>\u001b[39m\n          \u001b[0mBrowse trending, popular, top rated, and upcoming releases from TMDB.\u001b[0m\n        \u001b[36m</p>\u001b[39m\n        \u001b[36m<div\u001b[39m\n          \u001b[33mclass\u001b[39m=\u001b[32m\"home-filters\"\u001b[39m\n        \u001b[36m>\u001b[39m\n          \u001b[36m<label>\u001b[39m\n            \u001b[0mSort:\u001b[0m\n            \u001b[36m<select>\u001b[39m\n              \u001b[36m<option\u001b[39m\n                \u001b[33mvalue\u001b[39m=\u001b[32m\"popularity\"\u001b[39m\n              \u001b[36m>\u001b[39m\n                \u001b[0mPopularity\u001b[0m\n              \u001b[36m</option>\u001b[39m\n              \u001b[36m<option\u001b[39m\n                \u001b[33mvalue\u001b[39m=\u001b[32m\"rating\"\u001b[39m\n              \u001b[36m>\u001b[39m\n                \u001b[0mRating\u001b[0m\n              \u001b[36m</option>\u001b[39m\n              \u001b[36m<option\u001b[39m\n                \u001b[33mvalue\u001b[39m=\u001b[32m\"release_date\"\u001b[39m\n              \u001b[36m>\u001b[39m\n                \u001b[0mRelease Date\u001b[0m\n              \u001b[36m</option>\u001b[39m\n            \u001b[36m</select>\u001b[39m\n          \u001b[36m</label>\u001b[39m\n          \u001b[36m<label>\u001b[39m\n            \u001b[0mMin Rating:\u001b[0m\n            \u001b[36m<input\u001b[39m\n              \u001b[33mmax\u001b[39m=\u001b[32m\"10\"\u001b[39m\n              \u001b[33mmin\u001b[39m=\u001b[32m\"0\"\u001b[39m\n              \u001b[33mplaceholder\u001b[39m=\u001b[32m\"0\"\u001b[39m\n              \u001b[33mstep\u001b[39m=\u001b[32m\"0.1\"\u001b[39m\n              \u001b[33mtype\u001b[39m=\u001b[32m\"number\"\u001b[39m\n              \u001b[33mvalue\u001b[39m=\u001b[32m\"0\"\u001b[39m\n            \u001b[36m/>\u001b[39m\n          \u001b[36m</label>\u001b[39m\n          \u001b[36m<label>\u001b[39m\n            \u001b[0mYear:\u001b[0m\n            \u001b[36m<input\u001b[39m\n              \u001b[33minputmode\u001b[39m=\u001b[32m\"numeric\"\u001b[39m\n              \u001b[33mpattern\u001b[39m=\u001b[32m\"[0-9]*\"\u001b[39m\n              \u001b[33mplaceholder\u001b[39m=\u001b[32m\"YYYY\"\u001b[39m\n              \u001b[33mtype\u001b[39m=\u001b[32m\"text\"\u001b[39m\n              \u001b[33mvalue\u001b[39m=\u001b[32m\"\"\u001b[39m\n            \u001b[36m/>\u001b[39m\n          \u001b[36m</label>\u001b[39m\n        \u001b[36m</div>\u001b[39m\n      \u001b[36m</header>\u001b[39m\n      \u001b[36m<section\u001b[39m\n        \u001b[33mclass\u001b[39m=\u001b[32m\"movie-section\"\u001b[39m\n      \u001b[36m>\u001b[39m\n        \u001b[36m<div\u001b[39m\n          \u001b[33mclass\u001b[39m=\u001b[32m\"movie-section__header\"\u001b[39m\n        \u001b[36m>\u001b[39m\n          \u001b[36m<h2>\u001b[39m\n            \u001b[0mDiscover\u001b[0m\n          \u001b[36m</h2>\u001b[39m\n        \u001b[36m</div>\u001b[39m\n        \u001b[36m<p\u001b[39m\n          \u001b[33mclass\u001b[39m=\u001b[32m\"empty-state\"\u001b[39m\n        \u001b[36m>\u001b[39m\n          \u001b[0mNo movies match your filters.\u001b[0m\n        \u001b[36m</p>\u001b[39m\n        \u001b[36m<div\u001b[39m\n          \u001b[33mstyle\u001b[39m=\u001b[32m\"height: 1px;\"\u001b[39m\n        \u001b[36m/>\u001b[39m\n      \u001b[36m</section>\u001b[39m\n      \u001b[36m<section\u001b[39m\n        \u001b[33mclass\u001b[39m=\u001b[32m\"movie-section\"\u001b[39m\n      \u001b[36m>\u001b[39m\n        \u001b[36m<div\u001b[39m\n          \u001b[33mclass\u001b[39m=\u001b[32m\"movie-section__header\"\u001b[39m\n        \u001b[36m>\u001b[39m\n          \u001b[36m<h2>\u001b[39m\n            \u001b[0mTrending\u001b[0m\n          \u001b[36m</h2>\u001b[39m\n        \u001b[36m</div>\u001b[39m\n        \u001b[36m<div\u001b[39m\n          \u001b[33mclass\u001b[39m=\u001b[32m\"error-message\"\u001b[39m\n          \u001b[33mrole\u001b[39m=\u001b[32m\"alert\"\u001b[39m\n        \u001b[36m>\u001b[39m\n          \u001b[36m<strong>\u001b[39m\n            \u001b[0mUnable to load Trending\u001b[0m\n          \u001b[36m</strong>\u001b[39m\n        \u001b[36m</div>\u001b[39m\n      \u001b[36m</section>\u001b[39m\n      \u001b[36m<section\u001b[39m\n        \u001b[33mclass\u001b[39m=\u001b[32m\"movie-section\"\u001b[39m\n      \u001b[36m>\u001b[39m\n        \u001b[36m<div\u001b[39m\n          \u001b[33mclass\u001b[39m=\u001b[32m\"movie-section__header\"\u001b[39m\n        \u001b[36m>\u001b[39m\n          \u001b[36m<h2>\u001b[39m\n            \u001b[0mPopular\u001b[0m\n          \u001b[36m</h2>\u001b[39m\n        \u001b[36m</div>\u001b[39m\n        \u001b[36m<div\u001b[39m\n          \u001b[33mclass\u001b[39m=\u001b[32m\"error-message\"\u001b[39m\n          \u001b[33mrole\u001b[39m=\u001b[32m\"alert\"\u001b[39m\n        \u001b[36m>\u001b[39m\n          \u001b[36m<strong>\u001b[39m\n            \u001b[0mUnable to load Popular\u001b[0m\n          \u001b[36m</strong>\u001b[39m\n        \u001b[36m</div>\u001b[39m\n      \u001b[36m</section>\u001b[39m\n      \u001b[36m<section\u001b[39m\n        \u001b[33mclass\u001b[39m=\u001b[32m\"movie-section\"\u001b[39m\n      \u001b[36m>\u001b[39m\n        \u001b[36m<div\u001b[39m\n          \u001b[33mclass\u001b[39m=\u001b[32m\"movie-section__header\"\u001b[39m\n        \u001b[36m>\u001b[39m\n          \u001b[36m<h2>\u001b[39m\n            \u001b[0mTop Rated\u001b[0m\n          \u001b[36m</h2>\u001b[39m\n        \u001b[36m</div>\u001b[39m\n        \u001b[36m<div\u001b[39m\n          \u001b[33mclass\u001b[39m=\u001b[32m\"error-message\"\u001b[39m\n          \u001b[33mrole\u001b[39m=\u001b[32m\"alert\"\u001b[39m\n        \u001b[36m>\u001b[39m\n          \u001b[36m<strong>\u001b[39m\n            \u001b[0mUnable to load Top Rated\u001b[0m\n          \u001b[36m</strong>\u001b[39m\n        \u001b[36m</div>\u001b[39m\n      \u001b[36m</section>\u001b[39m\n      \u001b[36m<section\u001b[39m\n        \u001b[33mclass\u001b[39m=\u001b[32m\"movie-section\"\u001b[39m\n      \u001b[36m>\u001b[39m\n        \u001b[36m<div\u001b[39m\n          \u001b[33mclass\u001b[39m=\u001b[32m\"movie-section__header\"\u001b[39m\n        \u001b[36m>\u001b[39m\n          \u001b[36m<h2>\u001b[39m\n            \u001b[0mUpcoming\u001b[0m\n          \u001b[36m</h2>\u001b[39m\n        \u001b[36m</div>\u001b[39m\n        \u001b[36m<div\u001b[39m\n          \u001b[33mclass\u001b[39m=\u001b[32m\"error-message\"\u001b[39m\n          \u001b[33mrole\u001b[39m=\u001b[32m\"alert\"\u001b[39m\n        \u001b[36m>\u001b[39m\n          \u001b[36m<strong>\u001b[39m\n            \u001b[0mUnable to load Upcoming\u001b[0m\n          \u001b[36m</strong>\u001b[39m\n        \u001b[36m</div>\u001b[39m\n      \u001b[36m</section>\u001b[39m\n    \u001b[36m</main>\u001b[39m\n  \u001b[36m</div>\u001b[39m\n\u001b[36m</body>\u001b[39m\n\nIgnored nodes: comments, script, style\n\u001b[36m<div>\u001b[39m\n  \u001b[36m<main\u001b[39m\n    \u001b[33mclass\u001b[39m=\u001b[32m\"page page--home\"\u001b[39m\n  \u001b[36m>\u001b[39m\n    \u001b[36m<header\u001b[39m\n      \u001b[33mclass\u001b[39m=\u001b[32m\"page__header\"\u001b[39m\n    \u001b[36m>\u001b[39m\n      \u001b[36m<h1>\u001b[39m\n        \u001b[0mDiscover movies\u001b[0m\n      \u001b[36m</h1>\u001b[39m\n      \u001b[36m<p>\u001b[39m\n        \u001b[0mBrowse trending, popular, top rated, and upcoming releases from TMDB.\u001b[0m\n      \u001b[36m</p>\u001b[39m\n      \u001b[36m<div\u001b[39m\n        \u001b[33mclass\u001b[39m=\u001b[32m\"home-filters\"\u001b[39m\n      \u001b[36m>\u001b[39m\n        \u001b[36m<label>\u001b[39m\n          \u001b[0mSort:\u001b[0m\n          \u001b[36m<select>\u001b[39m\n            \u001b[36m<option\u001b[39m\n              \u001b[33mvalue\u001b[39m=\u001b[32m\"popularity\"\u001b[39m\n            \u001b[36m>\u001b[39m\n              \u001b[0mPopularity\u001b[0m\n            \u001b[36m</option>\u001b[39m\n            \u001b[36m<option\u001b[39m\n              \u001b[33mvalue\u001b[39m=\u001b[32m\"rating\"\u001b[39m\n            \u001b[36m>\u001b[39m\n              \u001b[0mRating\u001b[0m\n            \u001b[36m</option>\u001b[39m\n            \u001b[36m<option\u001b[39m\n              \u001b[33mvalue\u001b[39m=\u001b[32m\"release_date\"\u001b[39m\n            \u001b[36m>\u001b[39m\n              \u001b[0mRelease Date\u001b[0m\n            \u001b[36m</option>\u001b[39m\n          \u001b[36m</select>\u001b[39m\n        \u001b[36m</label>\u001b[39m\n        \u001b[36m<label>\u001b[39m\n          \u001b[0mMin Rating:\u001b[0m\n          \u001b[36m<input\u001b[39m\n            \u001b[33mmax\u001b[39m=\u001b[32m\"10\"\u001b[39m\n            \u001b[33mmin\u001b[39m=\u001b[32m\"0\"\u001b[39m\n            \u001b[33mplaceholder\u001b[39m=\u001b[32m\"0\"\u001b[39m\n            \u001b[33mstep\u001b[39m=\u001b[32m\"0.1\"\u001b[39m\n            \u001b[33mtype\u001b[39m=\u001b[32m\"number\"\u001b[39m\n            \u001b[33mvalue\u001b[39m=\u001b[32m\"0\"\u001b[39m\n          \u001b[36m/>\u001b[39m\n        \u001b[36m</label>\u001b[39m\n        \u001b[36m<label>\u001b[39m\n          \u001b[0mYear:\u001b[0m\n          \u001b[36m<input\u001b[39m\n            \u001b[33minputmode\u001b[39m=\u001b[32m\"numeric\"\u001b[39m\n            \u001b[33mpattern\u001b[39m=\u001b[32m\"[0-9]*\"\u001b[39m\n            \u001b[33mplaceholder\u001b[39m=\u001b[32m\"YYYY\"\u001b[39m\n            \u001b[33mtype\u001b[39m=\u001b[32m\"text\"\u001b[39m\n            \u001b[33mvalue\u001b[39m=\u001b[32m\"\"\u001b[39m\n          \u001b[36m/>\u001b[39m\n        \u001b[36m</label>\u001b[39m\n      \u001b[36m</div>\u001b[39m\n    \u001b[36m</header>\u001b[39m\n    \u001b[36m<section\u001b[39m\n      \u001b[33mclass\u001b[39m=\u001b[32m\"movie-section\"\u001b[39m\n    \u001b[36m>\u001b[39m\n      \u001b[36m<div\u001b[39m\n        \u001b[33mclass\u001b[39m=\u001b[32m\"movie-section__header\"\u001b[39m\n      \u001b[36m>\u001b[39m\n        \u001b[36m<h2>\u001b[39m\n          \u001b[0mDiscover\u001b[0m\n        \u001b[36m</h2>\u001b[39m\n      \u001b[36m</div>\u001b[39m\n      \u001b[36m<p\u001b[39m\n        \u001b[33mclass\u001b[39m=\u001b[32m\"empty-state\"\u001b[39m\n      \u001b[36m>\u001b[39m\n        \u001b[0mNo movies match your filters.\u001b[0m\n      \u001b[36m</p>\u001b[39m\n      \u001b[36m<div\u001b[39m\n        \u001b[33mstyle\u001b[39m=\u001b[32m\"height: 1px;\"\u001b[39m\n      \u001b[36m/>\u001b[39m\n    \u001b[36m</section>\u001b[39m\n    \u001b[36m<section\u001b[39m\n      \u001b[33mclass\u001b[39m=\u001b[32m\"movie-section\"\u001b[39m\n    \u001b[36m>\u001b[39m\n      \u001b[36m<div\u001b[39m\n        \u001b[33mclass\u001b[39m=\u001b[32m\"movie-section__header\"\u001b[39m\n      \u001b[36m>\u001b[39m\n        \u001b[36m<h2>\u001b[39m\n          \u001b[0mTrending\u001b[0m\n        \u001b[36m</h2>\u001b[39m\n      \u001b[36m</div>\u001b[39m\n      \u001b[36m<div\u001b[39m\n        \u001b[33mclass\u001b[39m=\u001b[32m\"error-message\"\u001b[39m\n        \u001b[33mrole\u001b[39m=\u001b[32m\"alert\"\u001b[39m\n      \u001b[36m>\u001b[39m\n        \u001b[36m<strong>\u001b[39m\n          \u001b[0mUnable to load Trending\u001b[0m\n        \u001b[36m</strong>\u001b[39m\n      \u001b[36m</div>\u001b[39m\n    \u001b[36m</section>\u001b[39m\n    \u001b[36m<section\u001b[39m\n      \u001b[33mclass\u001b[39m=\u001b[32m\"movie-section\"\u001b[39m\n    \u001b[36m>\u001b[39m\n      \u001b[36m<div\u001b[39m\n        \u001b[33mclass\u001b[39m=\u001b[32m\"movie-section__header\"\u001b[39m\n      \u001b[36m>\u001b[39m\n        \u001b[36m<h2>\u001b[39m\n          \u001b[0mPopular\u001b[0m\n        \u001b[36m</h2>\u001b[39m\n      \u001b[36m</div>\u001b[39m\n      \u001b[36m<div\u001b[39m\n        \u001b[33mclass\u001b[39m=\u001b[32m\"error-message\"\u001b[39m\n        \u001b[33mrole\u001b[39m=\u001b[32m\"alert\"\u001b[39m\n      \u001b[36m>\u001b[39m\n        \u001b[36m<strong>\u001b[39m\n          \u001b[0mUnable to load Popular\u001b[0m\n        \u001b[36m</strong>\u001b[39m\n      \u001b[36m</div>\u001b[39m\n    \u001b[36m</section>\u001b[39m\n    \u001b[36m<section\u001b[39m\n      \u001b[33mclass\u001b[39m=\u001b[32m\"movie-section\"\u001b[39m\n    \u001b[36m>\u001b[39m\n      \u001b[36m<div\u001b[39m\n        \u001b[33mclass\u001b[39m=\u001b[32m\"movie-section__header\"\u001b[39m\n      \u001b[36m>\u001b[39m\n        \u001b[36m<h2>\u001b[39m\n          \u001b[0mTop Rated\u001b[0m\n        \u001b[36m</h2>\u001b[39m\n      \u001b[36m</div>\u001b[39m\n      \u001b[36m<div\u001b[39m\n        \u001b[33mclass\u001b[39m=\u001b[32m\"error-message\"\u001b[39m\n        \u001b[33mrole\u001b[39m=\u001b[32m\"alert\"\u001b[39m\n      \u001b[36m>\u001b[39m\n        \u001b[36m<strong>\u001b[39m\n          \u001b[0mUnable to load Top Rated\u001b[0m\n        \u001b[36m</strong>\u001b[39m\n      \u001b[36m</div>\u001b[39m\n    \u001b[36m</section>\u001b[39m\n    \u001b[36m<section\u001b[39m\n      \u001b[33mclass\u001b[39m=\u001b[32m\"movie-section\"\u001b[39m\n    \u001b[36m>\u001b[39m\n      \u001b[36m<div\u001b[39m\n        \u001b[33mclass\u001b[39m=\u001b[32m\"movie-section__header\"\u001b[39m\n      \u001b[36m>\u001b[39m\n        \u001b[36m<h2>\u001b[39m\n          \u001b[0mUpcoming\u001b[0m\n        \u001b[36m</h2>\u001b[39m\n      \u001b[36m</div>\u001b[39m\n      \u001b[36m<div\u001b[39m\n        \u001b[33mclass\u001b[39m=\u001b[32m\"error-message\"\u001b[39m\n        \u001b[33mrole\u001b[39m=\u001b[32m\"alert\"\u001b[39m\n      \u001b[36m>\u001b[39m\n        \u001b[36m<strong>\u001b[39m\n          \u001b[0mUnable to load Upcoming\u001b[0m\n        \u001b[36m</strong>\u001b[39m\n      \u001b[36m</div>\u001b[39m\n    \u001b[36m</section>\u001b[39m\n  \u001b[36m</main>\u001b[39m\n\u001b[36m</div>\u001b[39m\n\nIgnored nodes: comments, script, style\n\u001b[36m<main\u001b[39m\n  \u001b[33mclass\u001b[39m=\u001b[32m\"page page--home\"\u001b[39m\n\u001b[36m>\u001b[39m\n  \u001b[36m<header\u001b[39m\n    \u001b[33mclass\u001b[39m=\u001b[32m\"page__header\"\u001b[39m\n  \u001b[36m>\u001b[39m\n    \u001b[36m<h1>\u001b[39m\n      \u001b[0mDiscover movies\u001b[0m\n    \u001b[36m</h1>\u001b[39m\n    \u001b[36m<p>\u001b[39m\n      \u001b[0mBrowse trending, popular, top rated, and upcoming releases from TMDB.\u001b[0m\n    \u001b[36m</p>\u001b[39m\n    \u001b[36m<div\u001b[39m\n      \u001b[33mclass\u001b[39m=\u001b[32m\"home-filters\"\u001b[39m\n    \u001b[36m>\u001b[39m\n      \u001b[36m<label>\u001b[39m\n        \u001b[0mSort:\u001b[0m\n        \u001b[36m<select>\u001b[39m\n          \u001b[36m<option\u001b[39m\n            \u001b[33mvalue\u001b[39m=\u001b[32m\"popularity\"\u001b[39m\n          \u001b[36m>\u001b[39m\n            \u001b[0mPopularity\u001b[0m\n          \u001b[36m</option>\u001b[39m\n          \u001b[36m<option\u001b[39m\n            \u001b[33mvalue\u001b[39m=\u001b[32m\"rating\"\u001b[39m\n          \u001b[36m>\u001b[39m\n            \u001b[0mRating\u001b[0m\n          \u001b[36m</option>\u001b[39m\n          \u001b[36m<option\u001b[39m\n            \u001b[33mvalue\u001b[39m=\u001b[32m\"release_date\"\u001b[39m\n          \u001b[36m>\u001b[39m\n            \u001b[0mRelease Date\u001b[0m\n          \u001b[36m</option>\u001b[39m\n        \u001b[36m</select>\u001b[39m\n      \u001b[36m</label>\u001b[39m\n      \u001b[36m<label>\u001b[39m\n        \u001b[0mMin Rating:\u001b[0m\n        \u001b[36m<input\u001b[39m\n          \u001b[33mmax\u001b[39m=\u001b[32m\"10\"\u001b[39m\n          \u001b[33mmin\u001b[39m=\u001b[32m\"0\"\u001b[39m\n          \u001b[33mplaceholder\u001b[39m=\u001b[32m\"0\"\u001b[39m\n          \u001b[33mstep\u001b[39m=\u001b[32m\"0.1\"\u001b[39m\n          \u001b[33mtype\u001b[39m=\u001b[32m\"number\"\u001b[39m\n          \u001b[33mvalue\u001b[39m=\u001b[32m\"0\"\u001b[39m\n        \u001b[36m/>\u001b[39m\n      \u001b[36m</label>\u001b[39m\n      \u001b[36m<label>\u001b[39m\n        \u001b[0mYear:\u001b[0m\n        \u001b[36m<input\u001b[39m\n          \u001b[33minputmode\u001b[39m=\u001b[32m\"numeric\"\u001b[39m\n          \u001b[33mpattern\u001b[39m=\u001b[32m\"[0-9]*\"\u001b[39m\n          \u001b[33mplaceholder\u001b[39m=\u001b[32m\"YYYY\"\u001b[39m\n          \u001b[33mtype\u001b[39m=\u001b[32m\"text\"\u001b[39m\n          \u001b[33mvalue\u001b[39m=\u001b[32m\"\"\u001b[39m\n        \u001b[36m/>\u001b[39m\n      \u001b[36m</label>\u001b[39m\n    \u001b[36m</div>\u001b[39m\n  \u001b[36m</header>\u001b[39m\n  \u001b[36m<section\u001b[39m\n    \u001b[33mclass\u001b[39m=\u001b[32m\"movie-section\"\u001b[39m\n  \u001b[36m>\u001b[39m\n    \u001b[36m<div\u001b[39m\n      \u001b[33mclass\u001b[39m=\u001b[32m\"movie-section__header\"\u001b[39m\n    \u001b[36m>\u001b[39m\n      \u001b[36m<h2>\u001b[39m\n        \u001b[0mDiscover\u001b[0m\n      \u001b[36m</h2>\u001b[39m\n    \u001b[36m</div>\u001b[39m\n    \u001b[36m<p\u001b[39m\n      \u001b[33mclass\u001b[39m=\u001b[32m\"empty-state\"\u001b[39m\n    \u001b[36m>\u001b[39m\n      \u001b[0mNo movies match your filters.\u001b[0m\n    \u001b[36m</p>\u001b[39m\n    \u001b[36m<div\u001b[39m\n      \u001b[33mstyle\u001b[39m=\u001b[32m\"height: 1px;\"\u001b[39m\n    \u001b[36m/>\u001b[39m\n  \u001b[36m</section>\u001b[39m\n  \u001b[36m<section\u001b[39m\n    \u001b[33mclass\u001b[39m=\u001b[32m\"movie-section\"\u001b[39m\n  \u001b[36m>\u001b[39m\n    \u001b[36m<div\u001b[39m\n      \u001b[33mclass\u001b[39m=\u001b[32m\"movie-section__header\"\u001b[39m\n    \u001b[36m>\u001b[39m\n      \u001b[36m<h2>\u001b[39m\n        \u001b[0mTrending\u001b[0m\n      \u001b[36m</h2>\u001b[39m\n    \u001b[36m</div>\u001b[39m\n    \u001b[36m<div\u001b[39m\n      \u001b[33mclass\u001b[39m=\u001b[32m\"error-message\"\u001b[39m\n      \u001b[33mrole\u001b[39m=\u001b[32m\"alert\"\u001b[39m\n    \u001b[36m>\u001b[39m\n      \u001b[36m<strong>\u001b[39m\n        \u001b[0mUnable to load Trending\u001b[0m\n      \u001b[36m</strong>\u001b[39m\n    \u001b[36m</div>\u001b[39m\n  \u001b[36m</section>\u001b[39m\n  \u001b[36m<section\u001b[39m\n    \u001b[33mclass\u001b[39m=\u001b[32m\"movie-section\"\u001b[39m\n  \u001b[36m>\u001b[39m\n    \u001b[36m<div\u001b[39m\n      \u001b[33mclass\u001b[39m=\u001b[32m\"movie-section__header\"\u001b[39m\n    \u001b[36m>\u001b[39m\n      \u001b[36m<h2>\u001b[39m\n        \u001b[0mPopular\u001b[0m\n      \u001b[36m</h2>\u001b[39m\n    \u001b[36m</div>\u001b[39m\n    \u001b[36m<div\u001b[39m\n      \u001b[33mclass\u001b[39m=\u001b[32m\"error-message\"\u001b[39m\n      \u001b[33mrole\u001b[39m=\u001b[32m\"alert\"\u001b[39m\n    \u001b[36m>\u001b[39m\n      \u001b[36m<strong>\u001b[39m\n        \u001b[0mUnable to load Popular\u001b[0m\n      \u001b[36m</strong>\u001b[39m\n    \u001b[36m</div>\u001b[39m\n  \u001b[36m</section>\u001b[39m\n  \u001b[36m<section\u001b[39m\n    \u001b[33mclass\u001b[39m=\u001b[32m\"movie-section\"\u001b[39m\n  \u001b[36m>\u001b[39m\n    \u001b[36m<div\u001b[39m\n      \u001b[33mclass\u001b[39m=\u001b[32m\"movie-section__header\"\u001b[39m\n    \u001b[36m>\u001b[39m\n      \u001b[36m<h2>\u001b[39m\n        \u001b[0mTop Rated\u001b[0m\n      \u001b[36m</h2>\u001b[39m\n    \u001b[36m</div>\u001b[39m\n    \u001b[36m<div\u001b[39m\n      \u001b[33mclass\u001b[39m=\u001b[32m\"error-message\"\u001b[39m\n      \u001b[33mrole\u001b[39m=\u001b[32m\"alert\"\u001b[39m\n    \u001b[36m>\u001b[39m\n      \u001b[36m<strong>\u001b[39m\n        \u001b[0mUnable to load Top Rated\u001b[0m\n      \u001b[36m</strong>\u001b[39m\n    \u001b[36m</div>\u001b[39m\n  \u001b[36m</section>\u001b[39m\n  \u001b[36m<section\u001b[39m\n    \u001b[33mclass\u001b[39m=\u001b[32m\"movie-section\"\u001b[39m\n  \u001b[36m>\u001b[39m\n    \u001b[36m<div\u001b[39m\n      \u001b[33mclass\u001b[39m=\u001b[32m\"movie-section__header\"\u001b[39m\n    \u001b[36m>\u001b[39m\n      \u001b[36m<h2>\u001b[39m\n        \u001b[0mUpcoming\u001b[0m\n      \u001b[36m</h2>\u001b[39m\n    \u001b[36m</div>\u001b[39m\n    \u001b[36m<div\u001b[39m\n      \u001b[33mclass\u001b[39m=\u001b[32m\"error-message\"\u001b[39m\n      \u001b[33mrole\u001b[39m=\u001b[32m\"alert\"\u001b[39m\n    \u001b[36m>\u001b[39m\n      \u001b[36m<strong>\u001b[39m\n        \u001b[0mUnable to load Upcoming\u001b[0m\n      \u001b[36m</strong>\u001b[39m\n    \u001b[36m</div>\u001b[39m\n  \u001b[36m</section>\u001b[39m\n\u001b[36m</main>\u001b[39m\n\nIgnored nodes: comments, script, style\n\u001b[36m<header\u001b[39m\n  \u001b[33mclass\u001b[39m=\u001b[32m\"page__header\"\u001b[39m\n\u001b[36m>\u001b[39m\n  \u001b[36m<h1>\u001b[39m\n    \u001b[0mDiscover movies\u001b[0m\n  \u001b[36m</h1>\u001b[39m\n  \u001b[36m<p>\u001b[39m\n    \u001b[0mBrowse trending, popular, top rated, and upcoming releases from TMDB.\u001b[0m\n  \u001b[36m</p>\u001b[39m\n  \u001b[36m<div\u001b[39m\n    \u001b[33mclass\u001b[39m=\u001b[32m\"home-filters\"\u001b[39m\n  \u001b[36m>\u001b[39m\n    \u001b[36m<label>\u001b[39m\n      \u001b[0mSort:\u001b[0m\n      \u001b[36m<select>\u001b[39m\n        \u001b[36m<option\u001b[39m\n          \u001b[33mvalue\u001b[39m=\u001b[32m\"popularity\"\u001b[39m\n        \u001b[36m>\u001b[39m\n          \u001b[0mPopularity\u001b[0m\n        \u001b[36m</option>\u001b[39m\n        \u001b[36m<option\u001b[39m\n          \u001b[33mvalue\u001b[39m=\u001b[32m\"rating\"\u001b[39m\n        \u001b[36m>\u001b[39m\n          \u001b[0mRating\u001b[0m\n        \u001b[36m</option>\u001b[39m\n        \u001b[36m<option\u001b[39m\n          \u001b[33mvalue\u001b[39m=\u001b[32m\"release_date\"\u001b[39m\n        \u001b[36m>\u001b[39m\n          \u001b[0mRelease Date\u001b[0m\n        \u001b[36m</option>\u001b[39m\n      \u001b[36m</select>\u001b[39m\n    \u001b[36m</label>\u001b[39m\n    \u001b[36m<label>\u001b[39m\n      \u001b[0mMin Rating:\u001b[0m\n      \u001b[36m<input\u001b[39m\n        \u001b[33mmax\u001b[39m=\u001b[32m\"10\"\u001b[39m\n        \u001b[33mmin\u001b[39m=\u001b[32m\"0\"\u001b[39m\n        \u001b[33mplaceholder\u001b[39m=\u001b[32m\"0\"\u001b[39m\n        \u001b[33mstep\u001b[39m=\u001b[32m\"0.1\"\u001b[39m\n        \u001b[33mtype\u001b[39m=\u001b[32m\"number\"\u001b[39m\n        \u001b[33mvalue\u001b[39m=\u001b[32m\"0\"\u001b[39m\n      \u001b[36m/>\u001b[39m\n    \u001b[36m</label>\u001b[39m\n    \u001b[36m<label>\u001b[39m\n      \u001b[0mYear:\u001b[0m\n      \u001b[36m<input\u001b[39m\n        \u001b[33minputmode\u001b[39m=\u001b[32m\"numeric\"\u001b[39m\n        \u001b[33mpattern\u001b[39m=\u001b[32m\"[0-9]*\"\u001b[39m\n        \u001b[33mplaceholder\u001b[39m=\u001b[32m\"YYYY\"\u001b[39m\n        \u001b[33mtype\u001b[39m=\u001b[32m\"text\"\u001b[39m\n        \u001b[33mvalue\u001b[39m=\u001b[32m\"\"\u001b[39m\n      \u001b[36m/>\u001b[39m\n    \u001b[36m</label>\u001b[39m\n  \u001b[36m</div>\u001b[39m\n\u001b[36m</header>\u001b[39m\n\nIgnored nodes: comments, script, style\n\u001b[36m<h1>\u001b[39m\n  \u001b[0mDiscover movies\u001b[0m\n\u001b[36m</h1>\u001b[39m\n\nIgnored nodes: comments, script, style\n\u001b[36m<p>\u001b[39m\n  \u001b[0mBrowse trending, popular, top rated, and upcoming releases from TMDB.\u001b[0m\n\u001b[36m</p>\u001b[39m\n\nIgnored nodes: comments, script, style\n\u001b[36m<div\u001b[39m\n  \u001b[33mclass\u001b[39m=\u001b[32m\"home-filters\"\u001b[39m\n\u001b[36m>\u001b[39m\n  \u001b[36m<label>\u001b[39m\n    \u001b[0mSort:\u001b[0m\n    \u001b[36m<select>\u001b[39m\n      \u001b[36m<option\u001b[39m\n        \u001b[33mvalue\u001b[39m=\u001b[32m\"popularity\"\u001b[39m\n      \u001b[36m>\u001b[39m\n        \u001b[0mPopularity\u001b[0m\n      \u001b[36m</option>\u001b[39m\n      \u001b[36m<option\u001b[39m\n        \u001b[33mvalue\u001b[39m=\u001b[32m\"rating\"\u001b[39m\n      \u001b[36m>\u001b[39m\n        \u001b[0mRating\u001b[0m\n      \u001b[36m</option>\u001b[39m\n      \u001b[36m<option\u001b[39m\n        \u001b[33mvalue\u001b[39m=\u001b[32m\"release_date\"\u001b[39m\n      \u001b[36m>\u001b[39m\n        \u001b[0mRelease Date\u001b[0m\n      \u001b[36m</option>\u001b[39m\n    \u001b[36m</select>\u001b[39m\n  \u001b[36m</label>\u001b[39m\n  \u001b[36m<label>\u001b[39m\n    \u001b[0mMin Rating:\u001b[0m\n    \u001b[36m<input\u001b[39m\n      \u001b[33mmax\u001b[39m=\u001b[32m\"10\"\u001b[39m\n      \u001b[33mmin\u001b[39m=\u001b[32m\"0\"\u001b[39m\n      \u001b[33mplaceholder\u001b[39m=\u001b[32m\"0\"\u001b[39m\n      \u001b[33mstep\u001b[39m=\u001b[32m\"0.1\"\u001b[39m\n      \u001b[33mtype\u001b[39m=\u001b[32m\"number\"\u001b[39m\n      \u001b[33mvalue\u001b[39m=\u001b[32m\"0\"\u001b[39m\n    \u001b[36m/>\u001b[39m\n  \u001b[36m</label>\u001b[39m\n  \u001b[36m<label>\u001b[39m\n    \u001b[0mYear:\u001b[0m\n    \u001b[36m<input\u001b[39m\n      \u001b[33minputmode\u001b[39m=\u001b[32m\"numeric\"\u001b[39m\n      \u001b[33mpattern\u001b[39m=\u001b[32m\"[0-9]*\"\u001b[39m\n      \u001b[33mplaceholder\u001b[39m=\u001b[32m\"YYYY\"\u001b[39m\n      \u001b[33mtype\u001b[39m=\u001b[32m\"text\"\u001b[39m\n      \u001b[33mvalue\u001b[39m=\u001b[32m\"\"\u001b[39m\n    \u001b[36m/>\u001b[39m\n  \u001b[36m</label>\u001b[39m\n\u001b[36m</div>\u001b[39m\n\nIgnored nodes: comments, script, style\n\u001b[36m<label>\u001b[39m\n  \u001b[0mSort:\u001b[0m\n  \u001b[36m<select>\u001b[39m\n    \u001b[36m<option\u001b[39m\n      \u001b[33mvalue\u001b[39m=\u001b[32m\"popularity\"\u001b[39m\n    \u001b[36m>\u001b[39m\n      \u001b[0mPopularity\u001b[0m\n    \u001b[36m</option>\u001b[39m\n    \u001b[36m<option\u001b[39m\n      \u001b[33mvalue\u001b[39m=\u001b[32m\"rating\"\u001b[39m\n    \u001b[36m>\u001b[39m\n      \u001b[0mRating\u001b[0m\n    \u001b[36m</option>\u001b[39m\n    \u001b[36m<option\u001b[39m\n      \u001b[33mvalue\u001b[39m=\u001b[32m\"release_date\"\u001b[39m\n    \u001b[36m>\u001b[39m\n      \u001b[0mRelease Date\u001b[0m\n    \u001b[36m</option>\u001b[39m\n  \u001b[36m</select>\u001b[39m\n\u001b[36m</label>\u001b[39m\n\nIgnored nodes: comments, script, style\n\u001b[36m<select>\u001b[39m\n  \u001b[36m<option\u001b[39m\n    \u001b[33mvalue\u001b[39m=\u001b[32m\"popularity\"\u001b[39m\n  \u001b[36m>\u001b[39m\n    \u001b[0mPopularity\u001b[0m\n  \u001b[36m</option>\u001b[39m\n  \u001b[36m<option\u001b[39m\n    \u001b[33mvalue\u001b[39m=\u001b[32m\"rating\"\u001b[39m\n  \u001b[36m>\u001b[39m\n    \u001b[0mRating\u001b[0m\n  \u001b[36m</option>\u001b[39m\n  \u001b[36m<option\u001b[39m\n    \u001b[33mvalue\u001b[39m=\u001b[32m\"release_date\"\u001b[39m\n  \u001b[36m>\u001b[39m\n    \u001b[0mRelease Date\u001b[0m\n  \u001b[36m</option>\u001b[39m\n\u001b[36m</select>\u001b[39m\n\nIgnored nodes: comments, script, style\n\u001b[36m<option\u001b[39m\n  \u001b[33mvalue\u001b[39m=\u001b[32m\"popularity\"\u001b[39m\n\u001b[36m>\u001b[39m\n  \u001b[0mPopularity\u001b[0m\n\u001b[36m</option>\u001b[39m\n\nIgnored nodes: comments, script, style\n\u001b[36m<option\u001b[39m\n  \u001b[33mvalue\u001b[39m=\u001b[32m\"rating\"\u001b[39m\n\u001b[36m>\u001b[39m\n  \u001b[0mRating\u001b[0m\n\u001b[36m</option>\u001b[39m\n\nIgnored nodes: comments, script, style\n\u001b[36m<option\u001b[39m\n  \u001b[33mvalue\u001b[39m=\u001b[32m\"release_date\"\u001b[39m\n\u001b[36m>\u001b[39m\n  \u001b[0mRelease Date\u001b[0m\n\u001b[36m</option>\u001b[39m\n\nIgnored nodes: comments, script, style\n\u001b[36m<label>\u001b[39m\n  \u001b[0mMin Rating:\u001b[0m\n  \u001b[36m<input\u001b[39m\n    \u001b[33mmax\u001b[39m=\u001b[32m\"10\"\u001b[39m\n    \u001b[33mmin\u001b[39m=\u001b[32m\"0\"\u001b[39m\n    \u001b[33mplaceholder\u001b[39m=\u001b[32m\"0\"\u001b[39m\n    \u001b[33mstep\u001b[39m=\u001b[32m\"0.1\"\u001b[39m\n    \u001b[33mtype\u001b[39m=\u001b[32m\"number\"\u001b[39m\n    \u001b[33mvalue\u001b[39m=\u001b[32m\"0\"\u001b[39m\n  \u001b[36m/>\u001b[39m\n\u001b[36m</label>\u001b[39m\n\nIgnored nodes: comments, script, style\n\u001b[36m<input\u001b[39m\n  \u001b[33mmax\u001b[39m=\u001b[32m\"10\"\u001b[39m\n  \u001b[33mmin\u001b[39m=\u001b[32m\"0\"\u001b[39m\n  \u001b[33mplaceholder\u001b[39m=\u001b[32m\"0\"\u001b[39m\n  \u001b[33mstep\u001b[39m=\u001b[32m\"0.1\"\u001b[39m\n  \u001b[33mtype\u001b[39m=\u001b[32m\"number\"\u001b[39m\n  \u001b[33mvalue\u001b[39m=\u001b[32m\"0\"\u001b[39m\n\u001b[36m/>\u001b[39m\n\nIgnored nodes: comments, script, style\n\u001b[36m<label>\u001b[39m\n  \u001b[0mYear:\u001b[0m\n  \u001b[36m<input\u001b[39m\n    \u001b[33minputmode\u001b[39m=\u001b[32m\"numeric\"\u001b[39m\n    \u001b[33mpattern\u001b[39m=\u001b[32m\"[0-9]*\"\u001b[39m\n    \u001b[33mplaceholder\u001b[39m=\u001b[32m\"YYYY\"\u001b[39m\n    \u001b[33mtype\u001b[39m=\u001b[32m\"text\"\u001b[39m\n    \u001b[33mvalue\u001b[39m=\u001b[32m\"\"\u001b[39m\n  \u001b[36m/>\u001b[39m\n\u001b[36m</label>\u001b[39m\n\nIgnored nodes: comments, script, style\n\u001b[36m<input\u001b[39m\n  \u001b[33minputmode\u001b[39m=\u001b[32m\"numeric\"\u001b[39m\n  \u001b[33mpattern\u001b[39m=\u001b[32m\"[0-9]*\"\u001b[39m\n  \u001b[33mplaceholder\u001b[39m=\u001b[32m\"YYYY\"\u001b[39m\n  \u001b[33mtype\u001b[39m=\u001b[32m\"text\"\u001b[39m\n  \u001b[33mvalue\u001b[39m=\u001b[32m\"\"\u001b[39m\n\u001b[36m/>\u001b[39m\n\nIgnored nodes: comments, script, style\n\u001b[36m<section\u001b[39m\n  \u001b[33mclass\u001b[39m=\u001b[32m\"movie-section\"\u001b[39m\n\u001b[36m>\u001b[39m\n  \u001b[36m<div\u001b[39m\n    \u001b[33mclass\u001b[39m=\u001b[32m\"movie-section__header\"\u001b[39m\n  \u001b[36m>\u001b[39m\n    \u001b[36m<h2>\u001b[39m\n      \u001b[0mDiscover\u001b[0m\n    \u001b[36m</h2>\u001b[39m\n  \u001b[36m</div>\u001b[39m\n  \u001b[36m<p\u001b[39m\n    \u001b[33mclass\u001b[39m=\u001b[32m\"empty-state\"\u001b[39m\n  \u001b[36m>\u001b[39m\n    \u001b[0mNo movies match your filters.\u001b[0m\n  \u001b[36m</p>\u001b[39m\n  \u001b[36m<div\u001b[39m\n    \u001b[33mstyle\u001b[39m=\u001b[32m\"height: 1px;\"\u001b[39m\n  \u001b[36m/>\u001b[39m\n\u001b[36m</section>\u001b[39m\n\nIgnored nodes: comments, script, style\n\u001b[36m<div\u001b[39m\n  \u001b[33mclass\u001b[39m=\u001b[32m\"movie-section__header\"\u001b[39m\n\u001b[36m>\u001b[39m\n  \u001b[36m<h2>\u001b[39m\n    \u001b[0mDiscover\u001b[0m\n  \u001b[36m</h2>\u001b[39m\n\u001b[36m</div>\u001b[39m\n\nIgnored nodes: comments, script, style\n\u001b[36m<h2>\u001b[39m\n  \u001b[0mDiscover\u001b[0m\n\u001b[36m</h2>\u001b[39m\n\nIgnored nodes: comments, script, style\n\u001b[36m<p\u001b[39m\n  \u001b[33mclass\u001b[39m=\u001b[32m\"empty-state\"\u001b[39m\n\u001b[36m>\u001b[39m\n  \u001b[0mNo movies match your filters.\u001b[0m\n\u001b[36m</p>\u001b[39m\n\nIgnored nodes: comments, script, style\n\u001b[36m<div\u001b[39m\n  \u001b[33mstyle\u001b[39m=\u001b[32m\"height: 1px;\"\u001b[39m\n\u001b[36m/>\u001b[39m\n\nIgnored nodes: comments, script, style\n\u001b[36m<section\u001b[39m\n  \u001b[33mclass\u001b[39m=\u001b[32m\"movie-section\"\u001b[39m\n\u001b[36m>\u001b[39m\n  \u001b[36m<div\u001b[39m\n    \u001b[33mclass\u001b[39m=\u001b[32m\"movie-section__header\"\u001b[39m\n  \u001b[36m>\u001b[39m\n    \u001b[36m<h2>\u001b[39m\n      \u001b[0mTrending\u001b[0m\n    \u001b[36m</h2>\u001b[39m\n  \u001b[36m</div>\u001b[39m\n  \u001b[36m<div\u001b[39m\n    \u001b[33mclass\u001b[39m=\u001b[32m\"error-message\"\u001b[39m\n    \u001b[33mrole\u001b[39m=\u001b[32m\"alert\"\u001b[39m\n  \u001b[36m>\u001b[39m\n    \u001b[36m<strong>\u001b[39m\n      \u001b[0mUnable to load Trending\u001b[0m\n    \u001b[36m</strong>\u001b[39m\n  \u001b[36m</div>\u001b[39m\n\u001b[36m</section>\u001b[39m\n\nIgnored nodes: comments, script, style\n\u001b[36m<div\u001b[39m\n  \u001b[33mclass\u001b[39m=\u001b[32m\"movie-section__header\"\u001b[39m\n\u001b[36m>\u001b[39m\n  \u001b[36m<h2>\u001b[39m\n    \u001b[0mTrending\u001b[0m\n  \u001b[36m</h2>\u001b[39m\n\u001b[36m</div>\u001b[39m\n\nIgnored nodes: comments, script, style\n\u001b[36m<h2>\u001b[39m\n  \u001b[0mTrending\u001b[0m\n\u001b[36m</h2>\u001b[39m\n\nIgnored nodes: comments, script, style\n\u001b[36m<div\u001b[39m\n  \u001b[33mclass\u001b[39m=\u001b[32m\"error-message\"\u001b[39m\n  \u001b[33mrole\u001b[39m=\u001b[32m\"alert\"\u001b[39m\n\u001b[36m>\u001b[39m\n  \u001b[36m<strong>\u001b[39m\n    \u001b[0mUnable to load Trending\u001b[0m\n  \u001b[36m</strong>\u001b[39m\n\u001b[36m</div>\u001b[39m\n\nIgnored nodes: comments, script, style\n\u001b[36m<strong>\u001b[39m\n  \u001b[0mUnable to load Trending\u001b[0m\n\u001b[36m</strong>\u001b[39m\n\nIgnored nodes: comments, script, style\n\u001b[36m<section\u001b[39m\n  \u001b[33mclass\u001b[39m=\u001b[32m\"movie-section\"\u001b[39m\n\u001b[36m>\u001b[39m\n  \u001b[36m<div\u001b[39m\n    \u001b[33mclass\u001b[39m=\u001b[32m\"movie-section__header\"\u001b[39m\n  \u001b[36m>\u001b[39m\n    \u001b[36m<h2>\u001b[39m\n      \u001b[0mPopular\u001b[0m\n    \u001b[36m</h2>\u001b[39m\n  \u001b[36m</div>\u001b[39m\n  \u001b[36m<div\u001b[39m\n    \u001b[33mclass\u001b[39m=\u001b[32m\"error-message\"\u001b[39m\n    \u001b[33mrole\u001b[39m=\u001b[32m\"alert\"\u001b[39m\n  \u001b[36m>\u001b[39m\n    \u001b[36m<strong>\u001b[39m\n      \u001b[0mUnable to load Popular\u001b[0m\n    \u001b[36m</strong>\u001b[39m\n  \u001b[36m</div>\u001b[39m\n\u001b[36m</section>\u001b[39m\n\nIgnored nodes: comments, script, style\n\u001b[36m<div\u001b[39m\n  \u001b[33mclass\u001b[39m=\u001b[32m\"movie-section__header\"\u001b[39m\n\u001b[36m>\u001b[39m\n  \u001b[36m<h2>\u001b[39m\n    \u001b[0mPopular\u001b[0m\n  \u001b[36m</h2>\u001b[39m\n\u001b[36m</div>\u001b[39m\n\nIgnored nodes: comments, script, style\n\u001b[36m<h2>\u001b[39m\n  \u001b[0mPopular\u001b[0m\n\u001b[36m</h2>\u001b[39m\n\nIgnored nodes: comments, script, style\n\u001b[36m<div\u001b[39m\n  \u001b[33mclass\u001b[39m=\u001b[32m\"error-message\"\u001b[39m\n  \u001b[33mrole\u001b[39m=\u001b[32m\"alert\"\u001b[39m\n\u001b[36m>\u001b[39m\n  \u001b[36m<strong>\u001b[39m\n    \u001b[0mUnable to load Popular\u001b[0m\n  \u001b[36m</strong>\u001b[39m\n\u001b[36m</div>\u001b[39m\n\nIgnored nodes: comments, script, style\n\u001b[36m<strong>\u001b[39m\n  \u001b[0mUnable to load Popular\u001b[0m\n\u001b[36m</strong>\u001b[39m\n\nIgnored nodes: comments, script, style\n\u001b[36m<section\u001b[39m\n  \u001b[33mclass\u001b[39m=\u001b[32m\"movie-section\"\u001b[39m\n\u001b[36m>\u001b[39m\n  \u001b[36m<div\u001b[39m\n    \u001b[33mclass\u001b[39m=\u001b[32m\"movie-section__header\"\u001b[39m\n  \u001b[36m>\u001b[39m\n    \u001b[36m<h2>\u001b[39m\n      \u001b[0mTop Rated\u001b[0m\n    \u001b[36m</h2>\u001b[39m\n  \u001b[36m</div>\u001b[39m\n  \u001b[36m<div\u001b[39m\n    \u001b[33mclass\u001b[39m=\u001b[32m\"error-message\"\u001b[39m\n    \u001b[33mrole\u001b[39m=\u001b[32m\"alert\"\u001b[39m\n  \u001b[36m>\u001b[39m\n    \u001b[36m<strong>\u001b[39m\n      \u001b[0mUnable to load Top Rated\u001b[0m\n    \u001b[36m</strong>\u001b[39m\n  \u001b[36m</div>\u001b[39m\n\u001b[36m</section>\u001b[39m\n\nIgnored nodes: comments, script, style\n\u001b[36m<div\u001b[39m\n  \u001b[33mclass\u001b[39m=\u001b[32m\"movie-section__header\"\u001b[39m\n\u001b[36m>\u001b[39m\n  \u001b[36m<h2>\u001b[39m\n    \u001b[0mTop Rated\u001b[0m\n  \u001b[36m</h2>\u001b[39m\n\u001b[36m</div>\u001b[39m\n\nIgnored nodes: comments, script, style\n\u001b[36m<h2>\u001b[39m\n  \u001b[0mTop Rated\u001b[0m\n\u001b[36m</h2>\u001b[39m\n\nIgnored nodes: comments, script, style\n\u001b[36m<div\u001b[39m\n  \u001b[33mclass\u001b[39m=\u001b[32m\"error-message\"\u001b[39m\n  \u001b[33mrole\u001b[39m=\u001b[32m\"alert\"\u001b[39m\n\u001b[36m>\u001b[39m\n  \u001b[36m<strong>\u001b[39m\n    \u001b[0mUnable to load Top Rated\u001b[0m\n  \u001b[36m</strong>\u001b[39m\n\u001b[36m</div>\u001b[39m\n\nIgnored nodes: comments, script, style\n\u001b[36m<strong>\u001b[39m\n  \u001b[0mUnable to load Top Rated\u001b[0m\n\u001b[36m</strong>\u001b[39m\n\nIgnored nodes: comments, script, style\n\u001b[36m<section\u001b[39m\n  \u001b[33mclass\u001b[39m=\u001b[32m\"movie-section\"\u001b[39m\n\u001b[36m>\u001b[39m\n  \u001b[36m<div\u001b[39m\n    \u001b[33mclass\u001b[39m=\u001b[32m\"movie-section__header\"\u001b[39m\n  \u001b[36m>\u001b[39m\n    \u001b[36m<h2>\u001b[39m\n      \u001b[0mUpcoming\u001b[0m\n    \u001b[36m</h2>\u001b[39m\n  \u001b[36m</div>\u001b[39m\n  \u001b[36m<div\u001b[39m\n    \u001b[33mclass\u001b[39m=\u001b[32m\"error-message\"\u001b[39m\n    \u001b[33mrole\u001b[39m=\u001b[32m\"alert\"\u001b[39m\n  \u001b[36m>\u001b[39m\n    \u001b[36m<strong>\u001b[39m\n      \u001b[0mUnable to load Upcoming\u001b[0m\n    \u001b[36m</strong>\u001b[39m\n  \u001b[36m</div>\u001b[39m\n\u001b[36m</section>\u001b[39m\n\nIgnored nodes: comments, script, style\n\u001b[36m<div\u001b[39m\n  \u001b[33mclass\u001b[39m=\u001b[32m\"movie-section__header\"\u001b[39m\n\u001b[36m>\u001b[39m\n  \u001b[36m<h2>\u001b[39m\n    \u001b[0mUpcoming\u001b[0m\n  \u001b[36m</h2>\u001b[39m\n\u001b[36m</div>\u001b[39m\n\nIgnored nodes: comments, script, style\n\u001b[36m<h2>\u001b[39m\n  \u001b[0mUpcoming\u001b[0m\n\u001b[36m</h2>\u001b[39m\n\nIgnored nodes: comments, script, style\n\u001b[36m<div\u001b[39m\n  \u001b[33mclass\u001b[39m=\u001b[32m\"error-message\"\u001b[39m\n  \u001b[33mrole\u001b[39m=\u001b[32m\"alert\"\u001b[39m\n\u001b[36m>\u001b[39m\n  \u001b[36m<strong>\u001b[39m\n    \u001b[0mUnable to load Upcoming\u001b[0m\n  \u001b[36m</strong>\u001b[39m\n\u001b[36m</div>\u001b[39m\n\nIgnored nodes: comments, script, style\n\u001b[36m<strong>\u001b[39m\n  \u001b[0mUnable to load Upcoming\u001b[0m\n\u001b[36m</strong>\u001b[39m\n\n(If this is intentional, then use the `*AllBy*` variant of the query (like `queryAllByText`, `getAllByText`, or `findAllByText`)).\n\nIgnored nodes: comments, script, style\n\u001b[36m<body>\u001b[39m\n  \u001b[36m<div>\u001b[39m\n    \u001b[36m<main\u001b[39m\n      \u001b[33mclass\u001b[39m=\u001b[32m\"page page--home\"\u001b[39m\n    \u001b[36m>\u001b[39m\n      \u001b[36m<header\u001b[39m\n        \u001b[33mclass\u001b[39m=\u001b[32m\"page__header\"\u001b[39m\n      \u001b[36m>\u001b[39m\n        \u001b[36m<h1>\u001b[39m\n          \u001b[0mDiscover movies\u001b[0m\n        \u001b[36m</h1>\u001b[39m\n        \u001b[36m<p>\u001b[39m\n          \u001b[0mBrowse trending, popular, top rated, and upcoming releases from TMDB.\u001b[0m\n        \u001b[36m</p>\u001b[39m\n        \u001b[36m<div\u001b[39m\n          \u001b[33mclass\u001b[39m=\u001b[32m\"home-filters\"\u001b[39m\n        \u001b[36m>\u001b[39m\n          \u001b[36m<label>\u001b[39m\n            \u001b[0mSort:\u001b[0m\n            \u001b[36m<select>\u001b[39m\n              \u001b[36m<option\u001b[39m\n                \u001b[33mvalue\u001b[39m=\u001b[32m\"popularity\"\u001b[39m\n              \u001b[36m>\u001b[39m\n                \u001b[0mPopularity\u001b[0m\n              \u001b[36m</option>\u001b[39m\n              \u001b[36m<option\u001b[39m\n                \u001b[33mvalue\u001b[39m=\u001b[32m\"rating\"\u001b[39m\n              \u001b[36m>\u001b[39m\n                \u001b[0mRating\u001b[0m\n              \u001b[36m</option>\u001b[39m\n              \u001b[36m<option\u001b[39m\n                \u001b[33mvalue\u001b[39m=\u001b[32m\"release_date\"\u001b[39m\n              \u001b[36m>\u001b[39m\n                \u001b[0mRelease Date\u001b[0m\n              \u001b[36m</option>\u001b[39m\n            \u001b[36m</select>\u001b[39m\n          \u001b[36m</label>\u001b[39m\n          \u001b[36m<label>\u001b[39m\n            \u001b[0mMin Rating:\u001b[0m\n            \u001b[36m<input\u001b[39m\n              \u001b[33mmax\u001b[39m=\u001b[32m\"10\"\u001b[39m\n              \u001b[33mmin\u001b[39m=\u001b[32m\"0\"\u001b[39m\n              \u001b[33mplaceholder\u001b[39m=\u001b[32m\"0\"\u001b[39m\n              \u001b[33mstep\u001b[39m=\u001b[32m\"0.1\"\u001b[39m\n              \u001b[33mtype\u001b[39m=\u001b[32m\"number\"\u001b[39m\n              \u001b[33mvalue\u001b[39m=\u001b[32m\"0\"\u001b[39m\n            \u001b[36m/>\u001b[39m\n          \u001b[36m</label>\u001b[39m\n          \u001b[36m<label>\u001b[39m\n            \u001b[0mYear:\u001b[0m\n            \u001b[36m<input\u001b[39m\n              \u001b[33minputmode\u001b[39m=\u001b[32m\"numeric\"\u001b[39m\n              \u001b[33mpattern\u001b[39m=\u001b[32m\"[0-9]*\"\u001b[39m\n              \u001b[33mplaceholder\u001b[39m=\u001b[32m\"YYYY\"\u001b[39m\n              \u001b[33mtype\u001b[39m=\u001b[32m\"text\"\u001b[39m\n              \u001b[33mvalue\u001b[39m=\u001b[32m\"\"\u001b[39m\n            \u001b[36m/>\u001b[39m\n          \u001b[36m</label>\u001b[39m\n        \u001b[36m</div>\u001b[39m\n      \u001b[36m</header>\u001b[39m\n      \u001b[36m<section\u001b[39m\n        \u001b[33mclass\u001b[39m=\u001b[32m\"movie-section\"\u001b[39m\n      \u001b[36m>\u001b[39m\n        \u001b[36m<div\u001b[39m\n          \u001b[33mclass\u001b[39m=\u001b[32m\"movie-section__header\"\u001b[39m\n        \u001b[36m>\u001b[39m\n          \u001b[36m<h2>\u001b[39m\n            \u001b[0mDiscover\u001b[0m\n          \u001b[36m</h2>\u001b[39m\n        \u001b[36m</div>\u001b[39m\n        \u001b[36m<p\u001b[39m\n          \u001b[33mclass\u001b[39m=\u001b[32m\"empty-state\"\u001b[39m\n        \u001b[36m>\u001b[39m\n          \u001b[0mNo movies match your filters.\u001b[0m\n        \u001b[36m</p>\u001b[39m\n        \u001b[36m<div\u001b[39m\n          \u001b[33mstyle\u001b[39m=\u001b[32m\"height: 1px;\"\u001b[39m\n        \u001b[36m/>\u001b[39m\n      \u001b[36m</section>\u001b[39m\n      \u001b[36m<section\u001b[39m\n        \u001b[33mclass\u001b[39m=\u001b[32m\"movie-section\"\u001b[39m\n      \u001b[36m>\u001b[39m\n        \u001b[36m<div\u001b[39m\n          \u001b[33mclass\u001b[39m=\u001b[32m\"movie-section__header\"\u001b[39m\n        \u001b[36m>\u001b[39m\n          \u001b[36m<h2>\u001b[39m\n            \u001b[0mTrending\u001b[0m\n          \u001b[36m</h2>\u001b[39m\n        \u001b[36m</div>\u001b[39m\n        \u001b[36m<div\u001b[39m\n          \u001b[33mclass\u001b[39m=\u001b[32m\"error-message\"\u001b[39m\n          \u001b[33mrole\u001b[39m=\u001b[32m\"alert\"\u001b[39m\n        \u001b[36m>\u001b[39m\n          \u001b[36m<strong>\u001b[39m\n            \u001b[0mUnable to load Trending\u001b[0m\n          \u001b[36m</strong>\u001b[39m\n        \u001b[36m</div>\u001b[39m\n      \u001b[36m</section>\u001b[39m\n      \u001b[36m<section\u001b[39m\n        \u001b[33mclass\u001b[39m=\u001b[32m\"movie-section\"\u001b[39m\n      \u001b[36m>\u001b[39m\n        \u001b[36m<div\u001b[39m\n          \u001b[33mclass\u001b[39m=\u001b[32m\"movie-section__header\"\u001b[39m\n        \u001b[36m>\u001b[39m\n          \u001b[36m<h2>\u001b[39m\n            \u001b[0mPopular\u001b[0m\n          \u001b[36m</h2>\u001b[39m\n        \u001b[36m</div>\u001b[39m\n        \u001b[36m<div\u001b[39m\n          \u001b[33mclass\u001b[39m=\u001b[32m\"error-message\"\u001b[39m\n          \u001b[33mrole\u001b[39m=\u001b[32m\"alert\"\u001b[39m\n        \u001b[36m>\u001b[39m\n          \u001b[36m<strong>\u001b[39m\n            \u001b[0mUnable to load Popular\u001b[0m\n          \u001b[36m</strong>\u001b[39m\n        \u001b[36m</div>\u001b[39m\n      \u001b[36m</section>\u001b[39m\n      \u001b[36m<section\u001b[39m\n        \u001b[33mclass\u001b[39m=\u001b[32m\"movie-section\"\u001b[39m\n      \u001b[36m>\u001b[39m\n        \u001b[36m<div\u001b[39m\n          \u001b[33mclass\u001b[39m=\u001b[32m\"movie-section__header\"\u001b[39m\n        \u001b[36m>\u001b[39m\n          \u001b[36m<h2>\u001b[39m\n            \u001b[0mTop Rated\u001b[0m\n          \u001b[36m</h2>\u001b[39m\n        \u001b[36m</div>\u001b[39m\n        \u001b[36m<div\u001b[39m\n          \u001b[33mclass\u001b[39m=\u001b[32m\"error-message\"\u001b[39m\n          \u001b[33mrole\u001b[39m=\u001b[32m\"alert\"\u001b[39m\n        \u001b[36m>\u001b[39m\n          \u001b[36m<strong>\u001b[39m\n            \u001b[0mUnable to load Top Rated\u001b[0m\n          \u001b[36m</strong>\u001b[39m\n        \u001b[36m</div>\u001b[39m\n      \u001b[36m</section>\u001b[39m\n      \u001b[36m<section\u001b[39m\n        \u001b[33mclass\u001b[39m=\u001b[32m\"movie-section\"\u001b[39m\n      \u001b[36m>\u001b[39m\n        \u001b[36m<div\u001b[39m\n          \u001b[33mclass\u001b[39m=\u001b[32m\"movie-section__header\"\u001b[39m\n        \u001b[36m>\u001b[39m\n          \u001b[36m<h2>\u001b[39m\n            \u001b[0mUpcoming\u001b[0m\n          \u001b[36m</h2>\u001b[39m\n        \u001b[36m</div>\u001b[39m\n        \u001b[36m<div\u001b[39m\n          \u001b[33mclass\u001b[39m=\u001b[32m\"error-message\"\u001b[39m\n          \u001b[33mrole\u001b[39m=\u001b[32m\"alert\"\u001b[39m\n        \u001b[36m>\u001b[39m\n          \u001b[36m<strong>\u001b[39m\n            \u001b[0mUnable to load Upcoming\u001b[0m\n          \u001b[36m</strong>\u001b[39m\n        \u001b[36m</div>\u001b[39m\n      \u001b[36m</section>\u001b[39m\n    \u001b[36m</main>\u001b[39m\n  \u001b[36m</div>\u001b[39m\n\u001b[36m</body>\u001b[39m\n    at waitForWrapper (/home/defon/movie-explorer/node_modules/@testing-library/dom/dist/wait-for.js:163:27)\n    at Object.<anonymous> (/home/defon/movie-explorer/src/__tests__/HomePage.test.jsx:28:18)\n    at Promise.finally.completed (/home/defon/movie-explorer/node_modules/jest-circus/build/jestAdapterInit.js:1561:28)\n    at new Promise (<anonymous>)\n    at callAsyncCircusFn (/home/defon/movie-explorer/node_modules/jest-circus/build/jestAdapterInit.js:1501:10)\n    at _callCircusTest (/home/defon/movie-explorer/node_modules/jest-circus/build/jestAdapterInit.js:1011:40)\n    at _runTest (/home/defon/movie-explorer/node_modules/jest-circus/build/jestAdapterInit.js:951:3)\n    at /home/defon/movie-explorer/node_modules/jest-circus/build/jestAdapterInit.js:853:7\n    at _runTestsForDescribeBlock (/home/defon/movie-explorer/node_modules/jest-circus/build/jestAdapterInit.js:866:11)\n    at _runTestsForDescribeBlock (/home/defon/movie-explorer/node_modules/jest-circus/build/jestAdapterInit.js:861:11)\n    at run (/home/defon/movie-explorer/node_modules/jest-circus/build/jestAdapterInit.js:765:3)\n    at runAndTransformResultsToJestFormat (/home/defon/movie-explorer/node_modules/jest-circus/build/jestAdapterInit.js:1993:21)\n    at jestAdapter (/home/defon/movie-explorer/node_modules/jest-circus/build/runner.js:111:19)\n    at runTestInternal (/home/defon/movie-explorer/node_modules/jest-runner/build/index.js:276:16)\n    at runTest (/home/defon/movie-explorer/node_modules/jest-runner/build/index.js:344:7)"],"fullName":"HomePage renders filters and heading","invocations":1,"location":null,"numPassingAsserts":2,"retryReasons":[],"startAt":1782041137521,"status":"failed","title":"renders filters and heading"}],"endTime":1782041138722,"message":"\u001b[1m\u001b[31m  \u001b[1m● \u001b[22m\u001b[1mHomePage › renders filters and heading\u001b[39m\u001b[22m\n\n    Found multiple elements with the text: /No movies match your filters.|No movies were found.|/i\n\n    Here are the matching elements:\n\n    Ignored nodes: comments, script, style\n    \u001b[36m<body>\u001b[39m\n      \u001b[36m<div>\u001b[39m\n        \u001b[36m<main\u001b[39m\n          \u001b[33mclass\u001b[39m=\u001b[32m\"page page--home\"\u001b[39m\n        \u001b[36m>\u001b[39m\n          \u001b[36m<header\u001b[39m\n            \u001b[33mclass\u001b[39m=\u001b[32m\"page__header\"\u001b[39m\n          \u001b[36m>\u001b[39m\n            \u001b[36m<h1>\u001b[39m\n              \u001b[0mDiscover movies\u001b[0m\n            \u001b[36m</h1>\u001b[39m\n            \u001b[36m<p>\u001b[39m\n              \u001b[0mBrowse trending, popular, top rated, and upcoming releases from TMDB.\u001b[0m\n            \u001b[36m</p>\u001b[39m\n            \u001b[36m<div\u001b[39m\n              \u001b[33mclass\u001b[39m=\u001b[32m\"home-filters\"\u001b[39m\n            \u001b[36m>\u001b[39m\n              \u001b[36m<label>\u001b[39m\n                \u001b[0mSort:\u001b[0m\n                \u001b[36m<select>\u001b[39m\n                  \u001b[36m<option\u001b[39m\n                    \u001b[33mvalue\u001b[39m=\u001b[32m\"popularity\"\u001b[39m\n                  \u001b[36m>\u001b[39m\n                    \u001b[0mPopularity\u001b[0m\n                  \u001b[36m</option>\u001b[39m\n                  \u001b[36m<option\u001b[39m\n                    \u001b[33mvalue\u001b[39m=\u001b[32m\"rating\"\u001b[39m\n                  \u001b[36m>\u001b[39m\n                    \u001b[0mRating\u001b[0m\n                  \u001b[36m</option>\u001b[39m\n                  \u001b[36m<option\u001b[39m\n                    \u001b[33mvalue\u001b[39m=\u001b[32m\"release_date\"\u001b[39m\n                  \u001b[36m>\u001b[39m\n                    \u001b[0mRelease Date\u001b[0m\n                  \u001b[36m</option>\u001b[39m\n                \u001b[36m</select>\u001b[39m\n              \u001b[36m</label>\u001b[39m\n              \u001b[36m<label>\u001b[39m\n                \u001b[0mMin Rating:\u001b[0m\n                \u001b[36m<input\u001b[39m\n                  \u001b[33mmax\u001b[39m=\u001b[32m\"10\"\u001b[39m\n                  \u001b[33mmin\u001b[39m=\u001b[32m\"0\"\u001b[39m\n                  \u001b[33mplaceholder\u001b[39m=\u001b[32m\"0\"\u001b[39m\n                  \u001b[33mstep\u001b[39m=\u001b[32m\"0.1\"\u001b[39m\n                  \u001b[33mtype\u001b[39m=\u001b[32m\"number\"\u001b[39m\n                  \u001b[33mvalue\u001b[39m=\u001b[32m\"0\"\u001b[39m\n                \u001b[36m/>\u001b[39m\n              \u001b[36m</label>\u001b[39m\n              \u001b[36m<label>\u001b[39m\n                \u001b[0mYear:\u001b[0m\n                \u001b[36m<input\u001b[39m\n                  \u001b[33minputmode\u001b[39m=\u001b[32m\"numeric\"\u001b[39m\n                  \u001b[33mpattern\u001b[39m=\u001b[32m\"[0-9]*\"\u001b[39m\n                  \u001b[33mplaceholder\u001b[39m=\u001b[32m\"YYYY\"\u001b[39m\n                  \u001b[33mtype\u001b[39m=\u001b[32m\"text\"\u001b[39m\n                  \u001b[33mvalue\u001b[39m=\u001b[32m\"\"\u001b[39m\n                \u001b[36m/>\u001b[39m\n              \u001b[36m</label>\u001b[39m\n            \u001b[36m</div>\u001b[39m\n          \u001b[36m</header>\u001b[39m\n          \u001b[36m<section\u001b[39m\n            \u001b[33mclass\u001b[39m=\u001b[32m\"movie-section\"\u001b[39m\n          \u001b[36m>\u001b[39m\n            \u001b[36m<div\u001b[39m\n              \u001b[33mclass\u001b[39m=\u001b[32m\"movie-section__header\"\u001b[39m\n            \u001b[36m>\u001b[39m\n              \u001b[36m<h2>\u001b[39m\n                \u001b[0mDiscover\u001b[0m\n              \u001b[36m</h2>\u001b[39m\n            \u001b[36m</div>\u001b[39m\n            \u001b[36m<p\u001b[39m\n              \u001b[33mclass\u001b[39m=\u001b[32m\"empty-state\"\u001b[39m\n            \u001b[36m>\u001b[39m\n              \u001b[0mNo movies match your filters.\u001b[0m\n            \u001b[36m</p>\u001b[39m\n            \u001b[36m<div\u001b[39m\n              \u001b[33mstyle\u001b[39m=\u001b[32m\"height: 1px;\"\u001b[39m\n            \u001b[36m/>\u001b[39m\n          \u001b[36m</section>\u001b[39m\n          \u001b[36m<section\u001b[39m\n            \u001b[33mclass\u001b[39m=\u001b[32m\"movie-section\"\u001b[39m\n          \u001b[36m>\u001b[39m\n            \u001b[36m<div\u001b[39m\n              \u001b[33mclass\u001b[39m=\u001b[32m\"movie-section__header\"\u001b[39m\n            \u001b[36m>\u001b[39m\n              \u001b[36m<h2>\u001b[39m\n                \u001b[0mTrending\u001b[0m\n              \u001b[36m</h2>\u001b[39m\n            \u001b[36m</div>\u001b[39m\n            \u001b[36m<div\u001b[39m\n              \u001b[33mclass\u001b[39m=\u001b[32m\"error-message\"\u001b[39m\n              \u001b[33mrole\u001b[39m=\u001b[32m\"alert\"\u001b[39m\n            \u001b[36m>\u001b[39m\n              \u001b[36m<strong>\u001b[39m\n                \u001b[0mUnable to load Trending\u001b[0m\n              \u001b[36m</strong>\u001b[39m\n            \u001b[36m</div>\u001b[39m\n          \u001b[36m</section>\u001b[39m\n          \u001b[36m<section\u001b[39m\n            \u001b[33mclass\u001b[39m=\u001b[32m\"movie-section\"\u001b[39m\n          \u001b[36m>\u001b[39m\n            \u001b[36m<div\u001b[39m\n              \u001b[33mclass\u001b[39m=\u001b[32m\"movie-section__header\"\u001b[39m\n            \u001b[36m>\u001b[39m\n              \u001b[36m<h2>\u001b[39m\n                \u001b[0mPopular\u001b[0m\n              \u001b[36m</h2>\u001b[39m\n            \u001b[36m</div>\u001b[39m\n            \u001b[36m<div\u001b[39m\n              \u001b[33mclass\u001b[39m=\u001b[32m\"error-message\"\u001b[39m\n              \u001b[33mrole\u001b[39m=\u001b[32m\"alert\"\u001b[39m\n            \u001b[36m>\u001b[39m\n              \u001b[36m<strong>\u001b[39m\n                \u001b[0mUnable to load Popular\u001b[0m\n              \u001b[36m</strong>\u001b[39m\n            \u001b[36m</div>\u001b[39m\n          \u001b[36m</section>\u001b[39m\n          \u001b[36m<section\u001b[39m\n            \u001b[33mclass\u001b[39m=\u001b[32m\"movie-section\"\u001b[39m\n          \u001b[36m>\u001b[39m\n            \u001b[36m<div\u001b[39m\n              \u001b[33mclass\u001b[39m=\u001b[32m\"movie-section__header\"\u001b[39m\n            \u001b[36m>\u001b[39m\n              \u001b[36m<h2>\u001b[39m\n                \u001b[0mTop Rated\u001b[0m\n              \u001b[36m</h2>\u001b[39m\n            \u001b[36m</div>\u001b[39m\n            \u001b[36m<div\u001b[39m\n              \u001b[33mclass\u001b[39m=\u001b[32m\"error-message\"\u001b[39m\n              \u001b[33mrole\u001b[39m=\u001b[32m\"alert\"\u001b[39m\n            \u001b[36m>\u001b[39m\n              \u001b[36m<strong>\u001b[39m\n                \u001b[0mUnable to load Top Rated\u001b[0m\n              \u001b[36m</strong>\u001b[39m\n            \u001b[36m</div>\u001b[39m\n          \u001b[36m</section>\u001b[39m\n          \u001b[36m<section\u001b[39m\n            \u001b[33mclass\u001b[39m=\u001b[32m\"movie-section\"\u001b[39m\n          \u001b[36m>\u001b[39m\n            \u001b[36m<div\u001b[39m\n              \u001b[33mclass\u001b[39m=\u001b[32m\"movie-section__header\"\u001b[39m\n            \u001b[36m>\u001b[39m\n              \u001b[36m<h2>\u001b[39m\n                \u001b[0mUpcoming\u001b[0m\n              \u001b[36m</h2>\u001b[39m\n            \u001b[36m</div>\u001b[39m\n            \u001b[36m<div\u001b[39m\n              \u001b[33mclass\u001b[39m=\u001b[32m\"error-message\"\u001b[39m\n              \u001b[33mrole\u001b[39m=\u001b[32m\"alert\"\u001b[39m\n            \u001b[36m>\u001b[39m\n              \u001b[36m<strong>\u001b[39m\n                \u001b[0mUnable to load Upcoming\u001b[0m\n              \u001b[36m</strong>\u001b[39m\n            \u001b[36m</div>\u001b[39m\n          \u001b[36m</section>\u001b[39m\n        \u001b[36m</main>\u001b[39m\n      \u001b[36m</div>\u001b[39m\n    \u001b[36m</body>\u001b[39m\n\n    Ignored nodes: comments, script, style\n    \u001b[36m<div>\u001b[39m\n      \u001b[36m<main\u001b[39m\n        \u001b[33mclass\u001b[39m=\u001b[32m\"page page--home\"\u001b[39m\n      \u001b[36m>\u001b[39m\n        \u001b[36m<header\u001b[39m\n          \u001b[33mclass\u001b[39m=\u001b[32m\"page__header\"\u001b[39m\n        \u001b[36m>\u001b[39m\n          \u001b[36m<h1>\u001b[39m\n            \u001b[0mDiscover movies\u001b[0m\n          \u001b[36m</h1>\u001b[39m\n          \u001b[36m<p>\u001b[39m\n            \u001b[0mBrowse trending, popular, top rated, and upcoming releases from TMDB.\u001b[0m\n          \u001b[36m</p>\u001b[39m\n          \u001b[36m<div\u001b[39m\n            \u001b[33mclass\u001b[39m=\u001b[32m\"home-filters\"\u001b[39m\n          \u001b[36m>\u001b[39m\n            \u001b[36m<label>\u001b[39m\n              \u001b[0mSort:\u001b[0m\n              \u001b[36m<select>\u001b[39m\n                \u001b[36m<option\u001b[39m\n                  \u001b[33mvalue\u001b[39m=\u001b[32m\"popularity\"\u001b[39m\n                \u001b[36m>\u001b[39m\n                  \u001b[0mPopularity\u001b[0m\n                \u001b[36m</option>\u001b[39m\n                \u001b[36m<option\u001b[39m\n                  \u001b[33mvalue\u001b[39m=\u001b[32m\"rating\"\u001b[39m\n                \u001b[36m>\u001b[39m\n                  \u001b[0mRating\u001b[0m\n                \u001b[36m</option>\u001b[39m\n                \u001b[36m<option\u001b[39m\n                  \u001b[33mvalue\u001b[39m=\u001b[32m\"release_date\"\u001b[39m\n                \u001b[36m>\u001b[39m\n                  \u001b[0mRelease Date\u001b[0m\n                \u001b[36m</option>\u001b[39m\n              \u001b[36m</select>\u001b[39m\n            \u001b[36m</label>\u001b[39m\n            \u001b[36m<label>\u001b[39m\n              \u001b[0mMin Rating:\u001b[0m\n              \u001b[36m<input\u001b[39m\n                \u001b[33mmax\u001b[39m=\u001b[32m\"10\"\u001b[39m\n                \u001b[33mmin\u001b[39m=\u001b[32m\"0\"\u001b[39m\n                \u001b[33mplaceholder\u001b[39m=\u001b[32m\"0\"\u001b[39m\n                \u001b[33mstep\u001b[39m=\u001b[32m\"0.1\"\u001b[39m\n                \u001b[33mtype\u001b[39m=\u001b[32m\"number\"\u001b[39m\n                \u001b[33mvalue\u001b[39m=\u001b[32m\"0\"\u001b[39m\n              \u001b[36m/>\u001b[39m\n            \u001b[36m</label>\u001b[39m\n            \u001b[36m<label>\u001b[39m\n              \u001b[0mYear:\u001b[0m\n              \u001b[36m<input\u001b[39m\n                \u001b[33minputmode\u001b[39m=\u001b[32m\"numeric\"\u001b[39m\n                \u001b[33mpattern\u001b[39m=\u001b[32m\"[0-9]*\"\u001b[39m\n                \u001b[33mplaceholder\u001b[39m=\u001b[32m\"YYYY\"\u001b[39m\n                \u001b[33mtype\u001b[39m=\u001b[32m\"text\"\u001b[39m\n                \u001b[33mvalue\u001b[39m=\u001b[32m\"\"\u001b[39m\n              \u001b[36m/>\u001b[39m\n            \u001b[36m</label>\u001b[39m\n          \u001b[36m</div>\u001b[39m\n        \u001b[36m</header>\u001b[39m\n        \u001b[36m<section\u001b[39m\n          \u001b[33mclass\u001b[39m=\u001b[32m\"movie-section\"\u001b[39m\n        \u001b[36m>\u001b[39m\n          \u001b[36m<div\u001b[39m\n            \u001b[33mclass\u001b[39m=\u001b[32m\"movie-section__header\"\u001b[39m\n          \u001b[36m>\u001b[39m\n            \u001b[36m<h2>\u001b[39m\n              \u001b[0mDiscover\u001b[0m\n            \u001b[36m</h2>\u001b[39m\n          \u001b[36m</div>\u001b[39m\n          \u001b[36m<p\u001b[39m\n            \u001b[33mclass\u001b[39m=\u001b[32m\"empty-state\"\u001b[39m\n          \u001b[36m>\u001b[39m\n            \u001b[0mNo movies match your filters.\u001b[0m\n          \u001b[36m</p>\u001b[39m\n          \u001b[36m<div\u001b[39m\n            \u001b[33mstyle\u001b[39m=\u001b[32m\"height: 1px;\"\u001b[39m\n          \u001b[36m/>\u001b[39m\n        \u001b[36m</section>\u001b[39m\n        \u001b[36m<section\u001b[39m\n          \u001b[33mclass\u001b[39m=\u001b[32m\"movie-section\"\u001b[39m\n        \u001b[36m>\u001b[39m\n          \u001b[36m<div\u001b[39m\n            \u001b[33mclass\u001b[39m=\u001b[32m\"movie-section__header\"\u001b[39m\n          \u001b[36m>\u001b[39m\n            \u001b[36m<h2>\u001b[39m\n              \u001b[0mTrending\u001b[0m\n            \u001b[36m</h2>\u001b[39m\n          \u001b[36m</div>\u001b[39m\n          \u001b[36m<div\u001b[39m\n            \u001b[33mclass\u001b[39m=\u001b[32m\"error-message\"\u001b[39m\n            \u001b[33mrole\u001b[39m=\u001b[32m\"alert\"\u001b[39m\n          \u001b[36m>\u001b[39m\n            \u001b[36m<strong>\u001b[39m\n              \u001b[0mUnable to load Trending\u001b[0m\n            \u001b[36m</strong>\u001b[39m\n          \u001b[36m</div>\u001b[39m\n        \u001b[36m</section>\u001b[39m\n        \u001b[36m<section\u001b[39m\n          \u001b[33mclass\u001b[39m=\u001b[32m\"movie-section\"\u001b[39m\n        \u001b[36m>\u001b[39m\n          \u001b[36m<div\u001b[39m\n            \u001b[33mclass\u001b[39m=\u001b[32m\"movie-section__header\"\u001b[39m\n          \u001b[36m>\u001b[39m\n            \u001b[36m<h2>\u001b[39m\n              \u001b[0mPopular\u001b[0m\n            \u001b[36m</h2>\u001b[39m\n          \u001b[36m</div>\u001b[39m\n          \u001b[36m<div\u001b[39m\n            \u001b[33mclass\u001b[39m=\u001b[32m\"error-message\"\u001b[39m\n            \u001b[33mrole\u001b[39m=\u001b[32m\"alert\"\u001b[39m\n          \u001b[36m>\u001b[39m\n            \u001b[36m<strong>\u001b[39m\n              \u001b[0mUnable to load Popular\u001b[0m\n            \u001b[36m</strong>\u001b[39m\n          \u001b[36m</div>\u001b[39m\n        \u001b[36m</section>\u001b[39m\n        \u001b[36m<section\u001b[39m\n          \u001b[33mclass\u001b[39m=\u001b[32m\"movie-section\"\u001b[39m\n        \u001b[36m>\u001b[39m\n          \u001b[36m<div\u001b[39m\n            \u001b[33mclass\u001b[39m=\u001b[32m\"movie-section__header\"\u001b[39m\n          \u001b[36m>\u001b[39m\n            \u001b[36m<h2>\u001b[39m\n              \u001b[0mTop Rated\u001b[0m\n            \u001b[36m</h2>\u001b[39m\n          \u001b[36m</div>\u001b[39m\n          \u001b[36m<div\u001b[39m\n            \u001b[33mclass\u001b[39m=\u001b[32m\"error-message\"\u001b[39m\n            \u001b[33mrole\u001b[39m=\u001b[32m\"alert\"\u001b[39m\n          \u001b[36m>\u001b[39m\n            \u001b[36m<strong>\u001b[39m\n              \u001b[0mUnable to load Top Rated\u001b[0m\n            \u001b[36m</strong>\u001b[39m\n          \u001b[36m</div>\u001b[39m\n        \u001b[36m</section>\u001b[39m\n        \u001b[36m<section\u001b[39m\n          \u001b[33mclass\u001b[39m=\u001b[32m\"movie-section\"\u001b[39m\n        \u001b[36m>\u001b[39m\n          \u001b[36m<div\u001b[39m\n            \u001b[33mclass\u001b[39m=\u001b[32m\"movie-section__header\"\u001b[39m\n          \u001b[36m>\u001b[39m\n            \u001b[36m<h2>\u001b[39m\n              \u001b[0mUpcoming\u001b[0m\n            \u001b[36m</h2>\u001b[39m\n          \u001b[36m</div>\u001b[39m\n          \u001b[36m<div\u001b[39m\n            \u001b[33mclass\u001b[39m=\u001b[32m\"error-message\"\u001b[39m\n            \u001b[33mrole\u001b[39m=\u001b[32m\"alert\"\u001b[39m\n          \u001b[36m>\u001b[39m\n            \u001b[36m<strong>\u001b[39m\n              \u001b[0mUnable to load Upcoming\u001b[0m\n            \u001b[36m</strong>\u001b[39m\n          \u001b[36m</div>\u001b[39m\n        \u001b[36m</section>\u001b[39m\n      \u001b[36m</main>\u001b[39m\n    \u001b[36m</div>\u001b[39m\n\n    Ignored nodes: comments, script, style\n    \u001b[36m<main\u001b[39m\n      \u001b[33mclass\u001b[39m=\u001b[32m\"page page--home\"\u001b[39m\n    \u001b[36m>\u001b[39m\n      \u001b[36m<header\u001b[39m\n        \u001b[33mclass\u001b[39m=\u001b[32m\"page__header\"\u001b[39m\n      \u001b[36m>\u001b[39m\n        \u001b[36m<h1>\u001b[39m\n          \u001b[0mDiscover movies\u001b[0m\n        \u001b[36m</h1>\u001b[39m\n        \u001b[36m<p>\u001b[39m\n          \u001b[0mBrowse trending, popular, top rated, and upcoming releases from TMDB.\u001b[0m\n        \u001b[36m</p>\u001b[39m\n        \u001b[36m<div\u001b[39m\n          \u001b[33mclass\u001b[39m=\u001b[32m\"home-filters\"\u001b[39m\n        \u001b[36m>\u001b[39m\n          \u001b[36m<label>\u001b[39m\n            \u001b[0mSort:\u001b[0m\n            \u001b[36m<select>\u001b[39m\n              \u001b[36m<option\u001b[39m\n                \u001b[33mvalue\u001b[39m=\u001b[32m\"popularity\"\u001b[39m\n              \u001b[36m>\u001b[39m\n                \u001b[0mPopularity\u001b[0m\n              \u001b[36m</option>\u001b[39m\n              \u001b[36m<option\u001b[39m\n                \u001b[33mvalue\u001b[39m=\u001b[32m\"rating\"\u001b[39m\n              \u001b[36m>\u001b[39m\n                \u001b[0mRating\u001b[0m\n              \u001b[36m</option>\u001b[39m\n              \u001b[36m<option\u001b[39m\n                \u001b[33mvalue\u001b[39m=\u001b[32m\"release_date\"\u001b[39m\n              \u001b[36m>\u001b[39m\n                \u001b[0mRelease Date\u001b[0m\n              \u001b[36m</option>\u001b[39m\n            \u001b[36m</select>\u001b[39m\n          \u001b[36m</label>\u001b[39m\n          \u001b[36m<label>\u001b[39m\n            \u001b[0mMin Rating:\u001b[0m\n            \u001b[36m<input\u001b[39m\n              \u001b[33mmax\u001b[39m=\u001b[32m\"10\"\u001b[39m\n              \u001b[33mmin\u001b[39m=\u001b[32m\"0\"\u001b[39m\n              \u001b[33mplaceholder\u001b[39m=\u001b[32m\"0\"\u001b[39m\n              \u001b[33mstep\u001b[39m=\u001b[32m\"0.1\"\u001b[39m\n              \u001b[33mtype\u001b[39m=\u001b[32m\"number\"\u001b[39m\n              \u001b[33mvalue\u001b[39m=\u001b[32m\"0\"\u001b[39m\n            \u001b[36m/>\u001b[39m\n          \u001b[36m</label>\u001b[39m\n          \u001b[36m<label>\u001b[39m\n            \u001b[0mYear:\u001b[0m\n            \u001b[36m<input\u001b[39m\n              \u001b[33minputmode\u001b[39m=\u001b[32m\"numeric\"\u001b[39m\n              \u001b[33mpattern\u001b[39m=\u001b[32m\"[0-9]*\"\u001b[39m\n              \u001b[33mplaceholder\u001b[39m=\u001b[32m\"YYYY\"\u001b[39m\n              \u001b[33mtype\u001b[39m=\u001b[32m\"text\"\u001b[39m\n              \u001b[33mvalue\u001b[39m=\u001b[32m\"\"\u001b[39m\n            \u001b[36m/>\u001b[39m\n          \u001b[36m</label>\u001b[39m\n        \u001b[36m</div>\u001b[39m\n      \u001b[36m</header>\u001b[39m\n      \u001b[36m<section\u001b[39m\n        \u001b[33mclass\u001b[39m=\u001b[32m\"movie-section\"\u001b[39m\n      \u001b[36m>\u001b[39m\n        \u001b[36m<div\u001b[39m\n          \u001b[33mclass\u001b[39m=\u001b[32m\"movie-section__header\"\u001b[39m\n        \u001b[36m>\u001b[39m\n          \u001b[36m<h2>\u001b[39m\n            \u001b[0mDiscover\u001b[0m\n          \u001b[36m</h2>\u001b[39m\n        \u001b[36m</div>\u001b[39m\n        \u001b[36m<p\u001b[39m\n          \u001b[33mclass\u001b[39m=\u001b[32m\"empty-state\"\u001b[39m\n        \u001b[36m>\u001b[39m\n          \u001b[0mNo movies match your filters.\u001b[0m\n        \u001b[36m</p>\u001b[39m\n        \u001b[36m<div\u001b[39m\n          \u001b[33mstyle\u001b[39m=\u001b[32m\"height: 1px;\"\u001b[39m\n        \u001b[36m/>\u001b[39m\n      \u001b[36m</section>\u001b[39m\n      \u001b[36m<section\u001b[39m\n        \u001b[33mclass\u001b[39m=\u001b[32m\"movie-section\"\u001b[39m\n      \u001b[36m>\u001b[39m\n        \u001b[36m<div\u001b[39m\n          \u001b[33mclass\u001b[39m=\u001b[32m\"movie-section__header\"\u001b[39m\n        \u001b[36m>\u001b[39m\n          \u001b[36m<h2>\u001b[39m\n            \u001b[0mTrending\u001b[0m\n          \u001b[36m</h2>\u001b[39m\n        \u001b[36m</div>\u001b[39m\n        \u001b[36m<div\u001b[39m\n          \u001b[33mclass\u001b[39m=\u001b[32m\"error-message\"\u001b[39m\n          \u001b[33mrole\u001b[39m=\u001b[32m\"alert\"\u001b[39m\n        \u001b[36m>\u001b[39m\n          \u001b[36m<strong>\u001b[39m\n            \u001b[0mUnable to load Trending\u001b[0m\n          \u001b[36m</strong>\u001b[39m\n        \u001b[36m</div>\u001b[39m\n      \u001b[36m</section>\u001b[39m\n      \u001b[36m<section\u001b[39m\n        \u001b[33mclass\u001b[39m=\u001b[32m\"movie-section\"\u001b[39m\n      \u001b[36m>\u001b[39m\n        \u001b[36m<div\u001b[39m\n          \u001b[33mclass\u001b[39m=\u001b[32m\"movie-section__header\"\u001b[39m\n        \u001b[36m>\u001b[39m\n          \u001b[36m<h2>\u001b[39m\n            \u001b[0mPopular\u001b[0m\n          \u001b[36m</h2>\u001b[39m\n        \u001b[36m</div>\u001b[39m\n        \u001b[36m<div\u001b[39m\n          \u001b[33mclass\u001b[39m=\u001b[32m\"error-message\"\u001b[39m\n          \u001b[33mrole\u001b[39m=\u001b[32m\"alert\"\u001b[39m\n        \u001b[36m>\u001b[39m\n          \u001b[36m<strong>\u001b[39m\n            \u001b[0mUnable to load Popular\u001b[0m\n          \u001b[36m</strong>\u001b[39m\n        \u001b[36m</div>\u001b[39m\n      \u001b[36m</section>\u001b[39m\n      \u001b[36m<section\u001b[39m\n        \u001b[33mclass\u001b[39m=\u001b[32m\"movie-section\"\u001b[39m\n      \u001b[36m>\u001b[39m\n        \u001b[36m<div\u001b[39m\n          \u001b[33mclass\u001b[39m=\u001b[32m\"movie-section__header\"\u001b[39m\n        \u001b[36m>\u001b[39m\n          \u001b[36m<h2>\u001b[39m\n            \u001b[0mTop Rated\u001b[0m\n          \u001b[36m</h2>\u001b[39m\n        \u001b[36m</div>\u001b[39m\n        \u001b[36m<div\u001b[39m\n          \u001b[33mclass\u001b[39m=\u001b[32m\"error-message\"\u001b[39m\n          \u001b[33mrole\u001b[39m=\u001b[32m\"alert\"\u001b[39m\n        \u001b[36m>\u001b[39m\n          \u001b[36m<strong>\u001b[39m\n            \u001b[0mUnable to load Top Rated\u001b[0m\n          \u001b[36m</strong>\u001b[39m\n        \u001b[36m</div>\u001b[39m\n      \u001b[36m</section>\u001b[39m\n      \u001b[36m<section\u001b[39m\n        \u001b[33mclass\u001b[39m=\u001b[32m\"movie-section\"\u001b[39m\n      \u001b[36m>\u001b[39m\n        \u001b[36m<div\u001b[39m\n          \u001b[33mclass\u001b[39m=\u001b[32m\"movie-section__header\"\u001b[39m\n        \u001b[36m>\u001b[39m\n          \u001b[36m<h2>\u001b[39m\n            \u001b[0mUpcoming\u001b[0m\n          \u001b[36m</h2>\u001b[39m\n        \u001b[36m</div>\u001b[39m\n        \u001b[36m<div\u001b[39m\n          \u001b[33mclass\u001b[39m=\u001b[32m\"error-message\"\u001b[39m\n          \u001b[33mrole\u001b[39m=\u001b[32m\"alert\"\u001b[39m\n        \u001b[36m>\u001b[39m\n          \u001b[36m<strong>\u001b[39m\n            \u001b[0mUnable to load Upcoming\u001b[0m\n          \u001b[36m</strong>\u001b[39m\n        \u001b[36m</div>\u001b[39m\n      \u001b[36m</section>\u001b[39m\n    \u001b[36m</main>\u001b[39m\n\n    Ignored nodes: comments, script, style\n    \u001b[36m<header\u001b[39m\n      \u001b[33mclass\u001b[39m=\u001b[32m\"page__header\"\u001b[39m\n    \u001b[36m>\u001b[39m\n      \u001b[36m<h1>\u001b[39m\n        \u001b[0mDiscover movies\u001b[0m\n      \u001b[36m</h1>\u001b[39m\n      \u001b[36m<p>\u001b[39m\n        \u001b[0mBrowse trending, popular, top rated, and upcoming releases from TMDB.\u001b[0m\n      \u001b[36m</p>\u001b[39m\n      \u001b[36m<div\u001b[39m\n        \u001b[33mclass\u001b[39m=\u001b[32m\"home-filters\"\u001b[39m\n      \u001b[36m>\u001b[39m\n        \u001b[36m<label>\u001b[39m\n          \u001b[0mSort:\u001b[0m\n          \u001b[36m<select>\u001b[39m\n            \u001b[36m<option\u001b[39m\n              \u001b[33mvalue\u001b[39m=\u001b[32m\"popularity\"\u001b[39m\n            \u001b[36m>\u001b[39m\n              \u001b[0mPopularity\u001b[0m\n            \u001b[36m</option>\u001b[39m\n            \u001b[36m<option\u001b[39m\n              \u001b[33mvalue\u001b[39m=\u001b[32m\"rating\"\u001b[39m\n            \u001b[36m>\u001b[39m\n              \u001b[0mRating\u001b[0m\n            \u001b[36m</option>\u001b[39m\n            \u001b[36m<option\u001b[39m\n              \u001b[33mvalue\u001b[39m=\u001b[32m\"release_date\"\u001b[39m\n            \u001b[36m>\u001b[39m\n              \u001b[0mRelease Date\u001b[0m\n            \u001b[36m</option>\u001b[39m\n          \u001b[36m</select>\u001b[39m\n        \u001b[36m</label>\u001b[39m\n        \u001b[36m<label>\u001b[39m\n          \u001b[0mMin Rating:\u001b[0m\n          \u001b[36m<input\u001b[39m\n            \u001b[33mmax\u001b[39m=\u001b[32m\"10\"\u001b[39m\n            \u001b[33mmin\u001b[39m=\u001b[32m\"0\"\u001b[39m\n            \u001b[33mplaceholder\u001b[39m=\u001b[32m\"0\"\u001b[39m\n            \u001b[33mstep\u001b[39m=\u001b[32m\"0.1\"\u001b[39m\n            \u001b[33mtype\u001b[39m=\u001b[32m\"number\"\u001b[39m\n            \u001b[33mvalue\u001b[39m=\u001b[32m\"0\"\u001b[39m\n          \u001b[36m/>\u001b[39m\n        \u001b[36m</label>\u001b[39m\n        \u001b[36m<label>\u001b[39m\n          \u001b[0mYear:\u001b[0m\n          \u001b[36m<input\u001b[39m\n            \u001b[33minputmode\u001b[39m=\u001b[32m\"numeric\"\u001b[39m\n            \u001b[33mpattern\u001b[39m=\u001b[32m\"[0-9]*\"\u001b[39m\n            \u001b[33mplaceholder\u001b[39m=\u001b[32m\"YYYY\"\u001b[39m\n            \u001b[33mtype\u001b[39m=\u001b[32m\"text\"\u001b[39m\n            \u001b[33mvalue\u001b[39m=\u001b[32m\"\"\u001b[39m\n          \u001b[36m/>\u001b[39m\n        \u001b[36m</label>\u001b[39m\n      \u001b[36m</div>\u001b[39m\n    \u001b[36m</header>\u001b[39m\n\n    Ignored nodes: comments, script, style\n    \u001b[36m<h1>\u001b[39m\n      \u001b[0mDiscover movies\u001b[0m\n    \u001b[36m</h1>\u001b[39m\n\n    Ignored nodes: comments, script, style\n    \u001b[36m<p>\u001b[39m\n      \u001b[0mBrowse trending, popular, top rated, and upcoming releases from TMDB.\u001b[0m\n    \u001b[36m</p>\u001b[39m\n\n    Ignored nodes: comments, script, style\n    \u001b[36m<div\u001b[39m\n      \u001b[33mclass\u001b[39m=\u001b[32m\"home-filters\"\u001b[39m\n    \u001b[36m>\u001b[39m\n      \u001b[36m<label>\u001b[39m\n        \u001b[0mSort:\u001b[0m\n        \u001b[36m<select>\u001b[39m\n          \u001b[36m<option\u001b[39m\n            \u001b[33mvalue\u001b[39m=\u001b[32m\"popularity\"\u001b[39m\n          \u001b[36m>\u001b[39m\n            \u001b[0mPopularity\u001b[0m\n          \u001b[36m</option>\u001b[39m\n          \u001b[36m<option\u001b[39m\n            \u001b[33mvalue\u001b[39m=\u001b[32m\"rating\"\u001b[39m\n          \u001b[36m>\u001b[39m\n            \u001b[0mRating\u001b[0m\n          \u001b[36m</option>\u001b[39m\n          \u001b[36m<option\u001b[39m\n            \u001b[33mvalue\u001b[39m=\u001b[32m\"release_date\"\u001b[39m\n          \u001b[36m>\u001b[39m\n            \u001b[0mRelease Date\u001b[0m\n          \u001b[36m</option>\u001b[39m\n        \u001b[36m</select>\u001b[39m\n      \u001b[36m</label>\u001b[39m\n      \u001b[36m<label>\u001b[39m\n        \u001b[0mMin Rating:\u001b[0m\n        \u001b[36m<input\u001b[39m\n          \u001b[33mmax\u001b[39m=\u001b[32m\"10\"\u001b[39m\n          \u001b[33mmin\u001b[39m=\u001b[32m\"0\"\u001b[39m\n          \u001b[33mplaceholder\u001b[39m=\u001b[32m\"0\"\u001b[39m\n          \u001b[33mstep\u001b[39m=\u001b[32m\"0.1\"\u001b[39m\n          \u001b[33mtype\u001b[39m=\u001b[32m\"number\"\u001b[39m\n          \u001b[33mvalue\u001b[39m=\u001b[32m\"0\"\u001b[39m\n        \u001b[36m/>\u001b[39m\n      \u001b[36m</label>\u001b[39m\n      \u001b[36m<label>\u001b[39m\n        \u001b[0mYear:\u001b[0m\n        \u001b[36m<input\u001b[39m\n          \u001b[33minputmode\u001b[39m=\u001b[32m\"numeric\"\u001b[39m\n          \u001b[33mpattern\u001b[39m=\u001b[32m\"[0-9]*\"\u001b[39m\n          \u001b[33mplaceholder\u001b[39m=\u001b[32m\"YYYY\"\u001b[39m\n          \u001b[33mtype\u001b[39m=\u001b[32m\"text\"\u001b[39m\n          \u001b[33mvalue\u001b[39m=\u001b[32m\"\"\u001b[39m\n        \u001b[36m/>\u001b[39m\n      \u001b[36m</label>\u001b[39m\n    \u001b[36m</div>\u001b[39m\n\n    Ignored nodes: comments, script, style\n    \u001b[36m<label>\u001b[39m\n      \u001b[0mSort:\u001b[0m\n      \u001b[36m<select>\u001b[39m\n        \u001b[36m<option\u001b[39m\n          \u001b[33mvalue\u001b[39m=\u001b[32m\"popularity\"\u001b[39m\n        \u001b[36m>\u001b[39m\n          \u001b[0mPopularity\u001b[0m\n        \u001b[36m</option>\u001b[39m\n        \u001b[36m<option\u001b[39m\n          \u001b[33mvalue\u001b[39m=\u001b[32m\"rating\"\u001b[39m\n        \u001b[36m>\u001b[39m\n          \u001b[0mRating\u001b[0m\n        \u001b[36m</option>\u001b[39m\n        \u001b[36m<option\u001b[39m\n          \u001b[33mvalue\u001b[39m=\u001b[32m\"release_date\"\u001b[39m\n        \u001b[36m>\u001b[39m\n          \u001b[0mRelease Date\u001b[0m\n        \u001b[36m</option>\u001b[39m\n      \u001b[36m</select>\u001b[39m\n    \u001b[36m</label>\u001b[39m\n\n    Ignored nodes: comments, script, style\n    \u001b[36m<select>\u001b[39m\n      \u001b[36m<option\u001b[39m\n        \u001b[33mvalue\u001b[39m=\u001b[32m\"popularity\"\u001b[39m\n      \u001b[36m>\u001b[39m\n        \u001b[0mPopularity\u001b[0m\n      \u001b[36m</option>\u001b[39m\n      \u001b[36m<option\u001b[39m\n        \u001b[33mvalue\u001b[39m=\u001b[32m\"rating\"\u001b[39m\n      \u001b[36m>\u001b[39m\n        \u001b[0mRating\u001b[0m\n      \u001b[36m</option>\u001b[39m\n      \u001b[36m<option\u001b[39m\n        \u001b[33mvalue\u001b[39m=\u001b[32m\"release_date\"\u001b[39m\n      \u001b[36m>\u001b[39m\n        \u001b[0mRelease Date\u001b[0m\n      \u001b[36m</option>\u001b[39m\n    \u001b[36m</select>\u001b[39m\n\n    Ignored nodes: comments, script, style\n    \u001b[36m<option\u001b[39m\n      \u001b[33mvalue\u001b[39m=\u001b[32m\"popularity\"\u001b[39m\n    \u001b[36m>\u001b[39m\n      \u001b[0mPopularity\u001b[0m\n    \u001b[36m</option>\u001b[39m\n\n    Ignored nodes: comments, script, style\n    \u001b[36m<option\u001b[39m\n      \u001b[33mvalue\u001b[39m=\u001b[32m\"rating\"\u001b[39m\n    \u001b[36m>\u001b[39m\n      \u001b[0mRating\u001b[0m\n    \u001b[36m</option>\u001b[39m\n\n    Ignored nodes: comments, script, style\n    \u001b[36m<option\u001b[39m\n      \u001b[33mvalue\u001b[39m=\u001b[32m\"release_date\"\u001b[39m\n    \u001b[36m>\u001b[39m\n      \u001b[0mRelease Date\u001b[0m\n    \u001b[36m</option>\u001b[39m\n\n    Ignored nodes: comments, script, style\n    \u001b[36m<label>\u001b[39m\n      \u001b[0mMin Rating:\u001b[0m\n      \u001b[36m<input\u001b[39m\n        \u001b[33mmax\u001b[39m=\u001b[32m\"10\"\u001b[39m\n        \u001b[33mmin\u001b[39m=\u001b[32m\"0\"\u001b[39m\n        \u001b[33mplaceholder\u001b[39m=\u001b[32m\"0\"\u001b[39m\n        \u001b[33mstep\u001b[39m=\u001b[32m\"0.1\"\u001b[39m\n        \u001b[33mtype\u001b[39m=\u001b[32m\"number\"\u001b[39m\n        \u001b[33mvalue\u001b[39m=\u001b[32m\"0\"\u001b[39m\n      \u001b[36m/>\u001b[39m\n    \u001b[36m</label>\u001b[39m\n\n    Ignored nodes: comments, script, style\n    \u001b[36m<input\u001b[39m\n      \u001b[33mmax\u001b[39m=\u001b[32m\"10\"\u001b[39m\n      \u001b[33mmin\u001b[39m=\u001b[32m\"0\"\u001b[39m\n      \u001b[33mplaceholder\u001b[39m=\u001b[32m\"0\"\u001b[39m\n      \u001b[33mstep\u001b[39m=\u001b[32m\"0.1\"\u001b[39m\n      \u001b[33mtype\u001b[39m=\u001b[32m\"number\"\u001b[39m\n      \u001b[33mvalue\u001b[39m=\u001b[32m\"0\"\u001b[39m\n    \u001b[36m/>\u001b[39m\n\n    Ignored nodes: comments, script, style\n    \u001b[36m<label>\u001b[39m\n      \u001b[0mYear:\u001b[0m\n      \u001b[36m<input\u001b[39m\n        \u001b[33minputmode\u001b[39m=\u001b[32m\"numeric\"\u001b[39m\n        \u001b[33mpattern\u001b[39m=\u001b[32m\"[0-9]*\"\u001b[39m\n        \u001b[33mplaceholder\u001b[39m=\u001b[32m\"YYYY\"\u001b[39m\n        \u001b[33mtype\u001b[39m=\u001b[32m\"text\"\u001b[39m\n        \u001b[33mvalue\u001b[39m=\u001b[32m\"\"\u001b[39m\n      \u001b[36m/>\u001b[39m\n    \u001b[36m</label>\u001b[39m\n\n    Ignored nodes: comments, script, style\n    \u001b[36m<input\u001b[39m\n      \u001
[...]
 \u001b[36m<h2>\u001b[39m\n        \u001b[0mTrending\u001b[0m\n      \u001b[36m</h2>\u001b[39m\n    \u001b[36m</div>\u001b[39m\n\n    Ignored nodes: comments, script, style\n    \u001b[36m<h2>\u001b[39m\n      \u001b[0mTrending\u001b[0m\n    \u001b[36m</h2>\u001b[39m\n\n    Ignored nodes: comments, script, style\n    \u001b[36m<div\u001b[39m\n      \u001b[33mclass\u001b[39m=\u001b[32m\"error-message\"\u001b[39m\n      \u001b[33mrole\u001b[39m=\u001b[32m\"alert\"\u001b[39m\n    \u001b[36m>\u001b[39m\n      \u001b[36m<strong>\u001b[39m\n        \u001b[0mUnable to load Trending\u001b[0m\n      \u001b[36m</strong>\u001b[39m\n    \u001b[36m</div>\u001b[39m\n\n    Ignored nodes: comments, script, style\n    \u001b[36m<strong>\u001b[39m\n      \u001b[0mUnable to load Trending\u001b[0m\n    \u001b[36m</strong>\u001b[39m\n\n    Ignored nodes: comments, script, style\n    \u001b[36m<section\u001b[39m\n      \u001b[33mclass\u001b[39m=\u001b[32m\"movie-section\"\u001b[39m\n    \u001b[36m>\u001b[39m\n      \u001b[36m<div\u001b[39m\n        \u001b[33mclass\u001b[39m=\u001b[32m\"movie-section__header\"\u001b[39m\n      \u001b[36m>\u001b[39m\n        \u001b[36m<h2>\u001b[39m\n          \u001b[0mPopular\u001b[0m\n        \u001b[36m</h2>\u001b[39m\n      \u001b[36m</div>\u001b[39m\n      \u001b[36m<div\u001b[39m\n        \u001b[33mclass\u001b[39m=\u001b[32m\"error-message\"\u001b[39m\n        \u001b[33mrole\u001b[39m=\u001b[32m\"alert\"\u001b[39m\n      \u001b[36m>\u001b[39m\n        \u001b[36m<strong>\u001b[39m\n          \u001b[0mUnable to load Popular\u001b[0m\n        \u001b[36m</strong>\u001b[39m\n      \u001b[36m</div>\u001b[39m\n    \u001b[36m</section>\u001b[39m\n\n    Ignored nodes: comments, script, style\n    \u001b[36m<div\u001b[39m\n      \u001b[33mclass\u001b[39m=\u001b[32m\"movie-section__header\"\u001b[39m\n    \u001b[36m>\u001b[39m\n      \u001b[36m<h2>\u001b[39m\n        \u001b[0mPopular\u001b[0m\n      \u001b[36m</h2>\u001b[39m\n    \u001b[36m</div>\u001b[39m\n\n    Ignored nodes: comments, script, style\n    \u001b[36m<h2>\u001b[39m\n      \u001b[0mPopular\u001b[0m\n    \u001b[36m</h2>\u001b[39m\n\n    Ignored nodes: comments, script, style\n    \u001b[36m<div\u001b[39m\n      \u001b[33mclass\u001b[39m=\u001b[32m\"error-message\"\u001b[39m\n      \u001b[33mrole\u001b[39m=\u001b[32m\"alert\"\u001b[39m\n    \u001b[36m>\u001b[39m\n      \u001b[36m<strong>\u001b[39m\n        \u001b[0mUnable to load Popular\u001b[0m\n      \u001b[36m</strong>\u001b[39m\n    \u001b[36m</div>\u001b[39m\n\n    Ignored nodes: comments, script, style\n    \u001b[36m<strong>\u001b[39m\n      \u001b[0mUnable to load Popular\u001b[0m\n    \u001b[36m</strong>\u001b[39m\n\n    Ignored nodes: comments, script, style\n    \u001b[36m<section\u001b[39m\n      \u001b[33mclass\u001b[39m=\u001b[32m\"movie-section\"\u001b[39m\n    \u001b[36m>\u001b[39m\n      \u001b[36m<div\u001b[39m\n        \u001b[33mclass\u001b[39m=\u001b[32m\"movie-section__header\"\u001b[39m\n      \u001b[36m>\u001b[39m\n        \u001b[36m<h2>\u001b[39m\n          \u001b[0mTop Rated\u001b[0m\n        \u001b[36m</h2>\u001b[39m\n      \u001b[36m</div>\u001b[39m\n      \u001b[36m<div\u001b[39m\n        \u001b[33mclass\u001b[39m=\u001b[32m\"error-message\"\u001b[39m\n        \u001b[33mrole\u001b[39m=\u001b[32m\"alert\"\u001b[39m\n      \u001b[36m>\u001b[39m\n        \u001b[36m<strong>\u001b[39m\n          \u001b[0mUnable to load Top Rated\u001b[0m\n        \u001b[36m</strong>\u001b[39m\n      \u001b[36m</div>\u001b[39m\n    \u001b[36m</section>\u001b[39m\n\n    Ignored nodes: comments, script, style\n    \u001b[36m<div\u001b[39m\n      \u001b[33mclass\u001b[39m=\u001b[32m\"movie-section__header\"\u001b[39m\n    \u001b[36m>\u001b[39m\n      \u001b[36m<h2>\u001b[39m\n        \u001b[0mTop Rated\u001b[0m\n      \u001b[36m</h2>\u001b[39m\n    \u001b[36m</div>\u001b[39m\n\n    Ignored nodes: comments, script, style\n    \u001b[36m<h2>\u001b[39m\n      \u001b[0mTop Rated\u001b[0m\n    \u001b[36m</h2>\u001b[39m\n\n    Ignored nodes: comments, script, style\n    \u001b[36m<div\u001b[39m\n      \u001b[33mclass\u001b[39m=\u001b[32m\"error-message\"\u001b[39m\n      \u001b[33mrole\u001b[39m=\u001b[32m\"alert\"\u001b[39m\n    \u001b[36m>\u001b[39m\n      \u001b[36m<strong>\u001b[39m\n        \u001b[0mUnable to load Top Rated\u001b[0m\n      \u001b[36m</strong>\u001b[39m\n    \u001b[36m</div>\u001b[39m\n\n    Ignored nodes: comments, script, style\n    \u001b[36m<strong>\u001b[39m\n      \u001b[0mUnable to load Top Rated\u001b[0m\n    \u001b[36m</strong>\u001b[39m\n\n    Ignored nodes: comments, script, style\n    \u001b[36m<section\u001b[39m\n      \u001b[33mclass\u001b[39m=\u001b[32m\"movie-section\"\u001b[39m\n    \u001b[36m>\u001b[39m\n      \u001b[36m<div\u001b[39m\n        \u001b[33mclass\u001b[39m=\u001b[32m\"movie-section__header\"\u001b[39m\n      \u001b[36m>\u001b[39m\n        \u001b[36m<h2>\u001b[39m\n          \u001b[0mUpcoming\u001b[0m\n        \u001b[36m</h2>\u001b[39m\n      \u001b[36m</div>\u001b[39m\n      \u001b[36m<div\u001b[39m\n        \u001b[33mclass\u001b[39m=\u001b[32m\"error-message\"\u001b[39m\n        \u001b[33mrole\u001b[39m=\u001b[32m\"alert\"\u001b[39m\n      \u001b[36m>\u001b[39m\n        \u001b[36m<strong>\u001b[39m\n          \u001b[0mUnable to load Upcoming\u001b[0m\n        \u001b[36m</strong>\u001b[39m\n      \u001b[36m</div>\u001b[39m\n    \u001b[36m</section>\u001b[39m\n\n    Ignored nodes: comments, script, style\n    \u001b[36m<div\u001b[39m\n      \u001b[33mclass\u001b[39m=\u001b[32m\"movie-section__header\"\u001b[39m\n    \u001b[36m>\u001b[39m\n      \u001b[36m<h2>\u001b[39m\n        \u001b[0mUpcoming\u001b[0m\n      \u001b[36m</h2>\u001b[39m\n    \u001b[36m</div>\u001b[39m\n\n    Ignored nodes: comments, script, style\n    \u001b[36m<h2>\u001b[39m\n      \u001b[0mUpcoming\u001b[0m\n    \u001b[36m</h2>\u001b[39m\n\n    Ignored nodes: comments, script, style\n    \u001b[36m<div\u001b[39m\n      \u001b[33mclass\u001b[39m=\u001b[32m\"error-message\"\u001b[39m\n      \u001b[33mrole\u001b[39m=\u001b[32m\"alert\"\u001b[39m\n    \u001b[36m>\u001b[39m\n      \u001b[36m<strong>\u001b[39m\n        \u001b[0mUnable to load Upcoming\u001b[0m\n      \u001b[36m</strong>\u001b[39m\n    \u001b[36m</div>\u001b[39m\n\n    Ignored nodes: comments, script, style\n    \u001b[36m<strong>\u001b[39m\n      \u001b[0mUnable to load Upcoming\u001b[0m\n    \u001b[36m</strong>\u001b[39m\n\n    (If this is intentional, then use the `*AllBy*` variant of the query (like `queryAllByText`, `getAllByText`, or `findAllByText`)).\n\n    Ignored nodes: comments, script, style\n    \u001b[36m<body>\u001b[39m\n      \u001b[36m<div>\u001b[39m\n        \u001b[36m<main\u001b[39m\n          \u001b[33mclass\u001b[39m=\u001b[32m\"page page--home\"\u001b[39m\n        \u001b[36m>\u001b[39m\n          \u001b[36m<header\u001b[39m\n            \u001b[33mclass\u001b[39m=\u001b[32m\"page__header\"\u001b[39m\n          \u001b[36m>\u001b[39m\n            \u001b[36m<h1>\u001b[39m\n              \u001b[0mDiscover movies\u001b[0m\n            \u001b[36m</h1>\u001b[39m\n            \u001b[36m<p>\u001b[39m\n              \u001b[0mBrowse trending, popular, top rated, and upcoming releases from TMDB.\u001b[0m\n            \u001b[36m</p>\u001b[39m\n            \u001b[36m<div\u001b[39m\n              \u001b[33mclass\u001b[39m=\u001b[32m\"home-filters\"\u001b[39m\n            \u001b[36m>\u001b[39m\n              \u001b[36m<label>\u001b[39m\n                \u001b[0mSort:\u001b[0m\n                \u001b[36m<select>\u001b[39m\n                  \u001b[36m<option\u001b[39m\n                    \u001b[33mvalue\u001b[39m=\u001b[32m\"popularity\"\u001b[39m\n                  \u001b[36m>\u001b[39m\n                    \u001b[0mPopularity\u001b[0m\n                  \u001b[36m</option>\u001b[39m\n                  \u001b[36m<option\u001b[39m\n                    \u001b[33mvalue\u001b[39m=\u001b[32m\"rating\"\u001b[39m\n                  \u001b[36m>\u001b[39m\n                    \u001b[0mRating\u001b[0m\n                  \u001b[36m</option>\u001b[39m\n                  \u001b[36m<option\u001b[39m\n                    \u001b[33mvalue\u001b[39m=\u001b[32m\"release_date\"\u001b[39m\n                  \u001b[36m>\u001b[39m\n                    \u001b[0mRelease Date\u001b[0m\n                  \u001b[36m</option>\u001b[39m\n                \u001b[36m</select>\u001b[39m\n              \u001b[36m</label>\u001b[39m\n              \u001b[36m<label>\u001b[39m\n                \u001b[0mMin Rating:\u001b[0m\n                \u001b[36m<input\u001b[39m\n                  \u001b[33mmax\u001b[39m=\u001b[32m\"10\"\u001b[39m\n                  \u001b[33mmin\u001b[39m=\u001b[32m\"0\"\u001b[39m\n                  \u001b[33mplaceholder\u001b[39m=\u001b[32m\"0\"\u001b[39m\n                  \u001b[33mstep\u001b[39m=\u001b[32m\"0.1\"\u001b[39m\n                  \u001b[33mtype\u001b[39m=\u001b[32m\"number\"\u001b[39m\n                  \u001b[33mvalue\u001b[39m=\u001b[32m\"0\"\u001b[39m\n                \u001b[36m/>\u001b[39m\n              \u001b[36m</label>\u001b[39m\n              \u001b[36m<label>\u001b[39m\n                \u001b[0mYear:\u001b[0m\n                \u001b[36m<input\u001b[39m\n                  \u001b[33minputmode\u001b[39m=\u001b[32m\"numeric\"\u001b[39m\n                  \u001b[33mpattern\u001b[39m=\u001b[32m\"[0-9]*\"\u001b[39m\n                  \u001b[33mplaceholder\u001b[39m=\u001b[32m\"YYYY\"\u001b[39m\n                  \u001b[33mtype\u001b[39m=\u001b[32m\"text\"\u001b[39m\n                  \u001b[33mvalue\u001b[39m=\u001b[32m\"\"\u001b[39m\n                \u001b[36m/>\u001b[39m\n              \u001b[36m</label>\u001b[39m\n            \u001b[36m</div>\u001b[39m\n          \u001b[36m</header>\u001b[39m\n          \u001b[36m<section\u001b[39m\n            \u001b[33mclass\u001b[39m=\u001b[32m\"movie-section\"\u001b[39m\n          \u001b[36m>\u001b[39m\n            \u001b[36m<div\u001b[39m\n              \u001b[33mclass\u001b[39m=\u001b[32m\"movie-section__header\"\u001b[39m\n            \u001b[36m>\u001b[39m\n              \u001b[36m<h2>\u001b[39m\n                \u001b[0mDiscover\u001b[0m\n              \u001b[36m</h2>\u001b[39m\n            \u001b[36m</div>\u001b[39m\n            \u001b[36m<p\u001b[39m\n              \u001b[33mclass\u001b[39m=\u001b[32m\"empty-state\"\u001b[39m\n            \u001b[36m>\u001b[39m\n              \u001b[0mNo movies match your filters.\u001b[0m\n            \u001b[36m</p>\u001b[39m\n            \u001b[36m<div\u001b[39m\n              \u001b[33mstyle\u001b[39m=\u001b[32m\"height: 1px;\"\u001b[39m\n            \u001b[36m/>\u001b[39m\n          \u001b[36m</section>\u001b[39m\n          \u001b[36m<section\u001b[39m\n            \u001b[33mclass\u001b[39m=\u001b[32m\"movie-section\"\u001b[39m\n          \u001b[36m>\u001b[39m\n            \u001b[36m<div\u001b[39m\n              \u001b[33mclass\u001b[39m=\u001b[32m\"movie-section__header\"\u001b[39m\n            \u001b[36m>\u001b[39m\n              \u001b[36m<h2>\u001b[39m\n                \u001b[0mTrending\u001b[0m\n              \u001b[36m</h2>\u001b[39m\n            \u001b[36m</div>\u001b[39m\n            \u001b[36m<div\u001b[39m\n              \u001b[33mclass\u001b[39m=\u001b[32m\"error-message\"\u001b[39m\n              \u001b[33mrole\u001b[39m=\u001b[32m\"alert\"\u001b[39m\n            \u001b[36m>\u001b[39m\n              \u001b[36m<strong>\u001b[39m\n                \u001b[0mUnable to load Trending\u001b[0m\n              \u001b[36m</strong>\u001b[39m\n            \u001b[36m</div>\u001b[39m\n          \u001b[36m</section>\u001b[39m\n          \u001b[36m<section\u001b[39m\n            \u001b[33mclass\u001b[39m=\u001b[32m\"movie-section\"\u001b[39m\n          \u001b[36m>\u001b[39m\n            \u001b[36m<div\u001b[39m\n              \u001b[33mclass\u001b[39m=\u001b[32m\"movie-section__header\"\u001b[39m\n            \u001b[36m>\u001b[39m\n              \u001b[36m<h2>\u001b[39m\n                \u001b[0mPopular\u001b[0m\n              \u001b[36m</h2>\u001b[39m\n            \u001b[36m</div>\u001b[39m\n            \u001b[36m<div\u001b[39m\n              \u001b[33mclass\u001b[39m=\u001b[32m\"error-message\"\u001b[39m\n              \u001b[33mrole\u001b[39m=\u001b[32m\"alert\"\u001b[39m\n            \u001b[36m>\u001b[39m\n              \u001b[36m<strong>\u001b[39m\n                \u001b[0mUnable to load Popular\u001b[0m\n              \u001b[36m</strong>\u001b[39m\n            \u001b[36m</div>\u001b[39m\n          \u001b[36m</section>\u001b[39m\n          \u001b[36m<section\u001b[39m\n            \u001b[33mclass\u001b[39m=\u001b[32m\"movie-section\"\u001b[39m\n          \u001b[36m>\u001b[39m\n            \u001b[36m<div\u001b[39m\n              \u001b[33mclass\u001b[39m=\u001b[32m\"movie-section__header\"\u001b[39m\n            \u001b[36m>\u001b[39m\n              \u001b[36m<h2>\u001b[39m\n                \u001b[0mTop Rated\u001b[0m\n              \u001b[36m</h2>\u001b[39m\n            \u001b[36m</div>\u001b[39m\n            \u001b[36m<div\u001b[39m\n              \u001b[33mclass\u001b[39m=\u001b[32m\"error-message\"\u001b[39m\n              \u001b[33mrole\u001b[39m=\u001b[32m\"alert\"\u001b[39m\n            \u001b[36m>\u001b[39m\n              \u001b[36m<strong>\u001b[39m\n                \u001b[0mUnable to load Top Rated\u001b[0m\n              \u001b[36m</strong>\u001b[39m\n            \u001b[36m</div>\u001b[39m\n          \u001b[36m</section>\u001b[39m\n          \u001b[36m<section\u001b[39m\n            \u001b[33mclass\u001b[39m=\u001b[32m\"movie-section\"\u001b[39m\n          \u001b[36m>\u001b[39m\n            \u001b[36m<div\u001b[39m\n              \u001b[33mclass\u001b[39m=\u001b[32m\"movie-section__header\"\u001b[39m\n            \u001b[36m>\u001b[39m\n              \u001b[36m<h2>\u001b[39m\n                \u001b[0mUpcoming\u001b[0m\n              \u001b[36m</h2>\u001b[39m\n            \u001b[36m</div>\u001b[39m\n            \u001b[36m<div\u001b[39m\n              \u001b[33mclass\u001b[39m=\u001b[32m\"error-message\"\u001b[39m\n              \u001b[33mrole\u001b[39m=\u001b[32m\"alert\"\u001b[39m\n            \u001b[36m>\u001b[39m\n              \u001b[36m<strong>\u001b[39m\n                \u001b[0mUnable to load Upcoming\u001b[0m\n              \u001b[36m</strong>\u001b[39m\n            \u001b[36m</div>\u001b[39m\n          \u001b[36m</section>\u001b[39m\n        \u001b[36m</main>\u001b[39m\n      \u001b[36m</div>\u001b[39m\n    \u001b[36m</body>\u001b[39m\n\u001b[2m\u001b[22m\n\u001b[2m    \u001b[0m \u001b[90m 26 |\u001b[39m     expect(screen\u001b[33m.\u001b[39mgetByRole(\u001b[32m'heading'\u001b[39m\u001b[33m,\u001b[39m { name\u001b[33m:\u001b[39m \u001b[35m/Discover movies/i\u001b[39m }))\u001b[33m.\u001b[39mtoBeInTheDocument()\u001b[22m\n\u001b[2m     \u001b[90m 27 |\u001b[39m     expect(screen\u001b[33m.\u001b[39mgetByLabelText(\u001b[35m/Min Rating/i\u001b[39m))\u001b[33m.\u001b[39mtoBeInTheDocument()\u001b[22m\n\u001b[2m    \u001b[31m\u001b[1m>\u001b[22m\u001b[2m\u001b[39m\u001b[90m 28 |\u001b[39m     \u001b[36mawait\u001b[39m waitFor(() \u001b[33m=>\u001b[39m expect(screen\u001b[33m.\u001b[39mgetByText(\u001b[35m/No movies match your filters.|No movies were found.|/i\u001b[39m)))\u001b[22m\n\u001b[2m     \u001b[90m    |\u001b[39m                  \u001b[31m\u001b[1m^\u001b[22m\u001b[2m\u001b[39m\u001b[22m\n\u001b[2m     \u001b[90m 29 |\u001b[39m   })\u001b[22m\n\u001b[2m     \u001b[90m 30 |\u001b[39m })\u001b[22m\n\u001b[2m     \u001b[90m 31 |\u001b[39m\u001b[0m\u001b[22m\n\u001b[2m\u001b[22m\n\u001b[2m      \u001b[2mat waitForWrapper (\u001b[22m\u001b[2mnode_modules/@testing-library/dom/dist/wait-for.js\u001b[2m:163:27)\u001b[22m\u001b[2m\u001b[22m\n\u001b[2m      \u001b[2mat Object.<anonymous> (\u001b[22m\u001b[2m\u001b[0m\u001b[36msrc/__tests__/HomePage.test.jsx\u001b[39m\u001b[0m\u001b[2m:28:18)\u001b[22m\u001b[2m\u001b[22m\n","name":"/home/defon/movie-explorer/src/__tests__/HomePage.test.jsx","startTime":1782041136676,"status":"failed","summary":""},{"assertionResults":[],"coverage":{},"endTime":1782041139041,"message":"  \u001b[1m● \u001b[22mTest suite failed to run\n\n    \u001b[1m\u001b[31mJest encountered an unexpected token\u001b[39m\u001b[22m\n\n    Jest failed to parse a file. This happens e.g. when your code or its dependencies use non-standard JavaScript syntax, or when Jest is not configured to support such syntax.\n\n    Out of the box Jest supports Babel, which will be used to transform your files into valid JS based on your Babel configuration.\n\n    By default \"node_modules\" folder is ignored by transformers.\n\n    Here's what you can do:\n     • If you are trying to use ECMAScript Modules, see \u001b[4mhttps://jestjs.io/docs/ecmascript-modules\u001b[24m for how to enable it.\n     • If you are trying to use TypeScript, see \u001b[4mhttps://jestjs.io/docs/getting-started#using-typescript\u001b[24m\n     • To have some of your \"node_modules\" files transformed, you can specify a custom \u001b[1m\"transformIgnorePatterns\"\u001b[22m in your config.\n     • If you need a custom transformation, specify a \u001b[1m\"transform\"\u001b[22m option in your config.\n     • If you simply want to mock your non-JS modules (e.g. binary assets) you can stub them out with the \u001b[1m\"moduleNameMapper\"\u001b[22m config option.\n\n    You'll find more details and examples of these config options in the docs:\n    \u001b[36mhttps://jestjs.io/docs/configuration\u001b[39m\n    For information about custom transformations, see:\n    \u001b[36mhttps://jestjs.io/docs/code-transformation\u001b[39m\n\n    \u001b[1m\u001b[31mDetails:\u001b[39m\u001b[22m\n\n    /home/defon/movie-explorer/src/components/Navbar.css:2\n    :root {\n    ^\n\n    SyntaxError: Unexpected token ':'\n\n    \u001b[0m \u001b[90m 2 |\u001b[39m \u001b[36mimport\u001b[39m { \u001b[33mNavLink\u001b[39m\u001b[33m,\u001b[39m useNavigate } \u001b[36mfrom\u001b[39m \u001b[32m'react-router-dom'\u001b[39m\n     \u001b[90m 3 |\u001b[39m \u001b[36mimport\u001b[39m { useTheme } \u001b[36mfrom\u001b[39m \u001b[32m'../context/ThemeContext.jsx'\u001b[39m\n    \u001b[31m\u001b[1m>\u001b[22m\u001b[39m\u001b[90m 4 |\u001b[39m \u001b[36mimport\u001b[39m \u001b[32m'./Navbar.css'\u001b[39m\n     \u001b[90m   |\u001b[39m \u001b[31m\u001b[1m^\u001b[22m\u001b[39m\n     \u001b[90m 5 |\u001b[39m\n     \u001b[90m 6 |\u001b[39m \u001b[36mexport\u001b[39m \u001b[36mdefault\u001b[39m \u001b[36mfunction\u001b[39m \u001b[33mNavbar\u001b[39m() {\n     \u001b[90m 7 |\u001b[39m   \u001b[36mconst\u001b[39m navigate \u001b[33m=\u001b[39m useNavigate()\u001b[0m\n\n      \u001b[2mat ModuleExecutor.compile (\u001b[22mnode_modules/jest-runtime/build/index.js\u001b[2m:2104:44)\u001b[22m\n      \u001b[2mat Object.<anonymous> (\u001b[22msrc/components/Navbar.jsx\u001b[2m:4:1)\u001b[22m\n      \u001b[2mat Object.<anonymous> (\u001b[22m\u001b[0m\u001b[36msrc/__tests__/Navbar.test.jsx\u001b[39m\u001b[0m\u001b[2m:4:1)\u001b[22m\n","name":"/home/defon/movie-explorer/src/__tests__/Navbar.test.jsx","startTime":1782041139041,"status":"failed","summary":""},{"assertionResults":[{"ancestorTitles":["MovieCard"],"duration":15,"failing":false,"failureDetails":[],"failureMessages":[],"fullName":"MovieCard renders title and rating","invocations":1,"location":null,"numPassingAsserts":2,"retryReasons":[],"startAt":1782041139000,"status":"passed","title":"renders title and rating"},{"ancestorTitles":["MovieCard"],"duration":18,"failing":false,"failureDetails":[],"failureMessages":[],"fullName":"MovieCard uses fallback poster when poster_path is null","invocations":1,"location":null,"numPassingAsserts":1,"retryReasons":[],"startAt":1782041139015,"status":"passed","title":"uses fallback poster when poster_path is null"}],"endTime":1782041139034,"message":"","name":"/home/defon/movie-explorer/src/components/__tests__/MovieCard.test.jsx","startTime":1782041138922,"status":"passed","summary":""}],"wasInterrupted":false}
