{"/home/defon/movie-explorer/src/components/ErrorMessage.jsx": {"path":"/home/defon/movie-explorer/src/components/ErrorMessage.jsx","statementMap":{"0":{"start":{"line":2,"column":2},"end":{"line":12,"column":3}}},"fnMap":{"0":{"name":"ErrorMessage","decl":{"start":{"line":1,"column":24},"end":{"line":1,"column":36}},"loc":{"start":{"line":1,"column":89},"end":{"line":13,"column":1}},"line":1}},"branchMap":{"0":{"loc":{"start":{"line":1,"column":39},"end":{"line":1,"column":69}},"type":"default-arg","locations":[{"start":{"line":1,"column":47},"end":{"line":1,"column":69}}],"line":1},"1":{"loc":{"start":{"line":5,"column":7},"end":{"line":5,"column":40}},"type":"cond-expr","locations":[{"start":{"line":5,"column":17},"end":{"line":5,"column":33}},{"start":{"line":5,"column":36},"end":{"line":5,"column":40}}],"line":5},"2":{"loc":{"start":{"line":6,"column":7},"end":{"line":10,"column":14}},"type":"cond-expr","locations":[{"start":{"line":7,"column":8},"end":{"line":9,"column":17}},{"start":{"line":10,"column":10},"end":{"line":10,"column":14}}],"line":6}},"s":{"0":3},"f":{"0":3},"b":{"0":[2],"1":[1,2],"2":[1,2]},"_coverageSchema":"1a1c01bbd47fc00a2c39e90264f33305004495a9","hash":"eefe55272f1b793230f6f3c61cd2f92a65de8e45"}
,"/home/defon/movie-explorer/src/components/FavoriteButton.jsx": {"path":"/home/defon/movie-explorer/src/components/FavoriteButton.jsx","statementMap":{"0":{"start":{"line":2,"column":2},"end":{"line":12,"column":3}}},"fnMap":{"0":{"name":"FavoriteButton","decl":{"start":{"line":1,"column":24},"end":{"line":1,"column":38}},"loc":{"start":{"line":1,"column":89},"end":{"line":13,"column":1}},"line":1}},"branchMap":{"0":{"loc":{"start":{"line":1,"column":41},"end":{"line":1,"column":55}},"type":"default-arg","locations":[{"start":{"line":1,"column":50},"end":{"line":1,"column":55}}],"line":1},"1":{"loc":{"start":{"line":5,"column":36},"end":{"line":5,"column":75}},"type":"cond-expr","locations":[{"start":{"line":5,"column":45},"end":{"line":5,"column":70}},{"start":{"line":5,"column":73},"end":{"line":5,"column":75}}],"line":5},"2":{"loc":{"start":{"line":8,"column":18},"end":{"line":8,"column":86}},"type":"binary-expr","locations":[{"start":{"line":8,"column":18},"end":{"line":8,"column":27}},{"start":{"line":8,"column":32},"end":{"line":8,"column":85}}],"line":8},"3":{"loc":{"start":{"line":8,"column":32},"end":{"line":8,"column":85}},"type":"cond-expr","locations":[{"start":{"line":8,"column":41},"end":{"line":8,"column":64}},{"start":{"line":8,"column":67},"end":{"line":8,"column":85}}],"line":8},"4":{"loc":{"start":{"line":10,"column":7},"end":{"line":10,"column":51}},"type":"binary-expr","locations":[{"start":{"line":10,"column":7},"end":{"line":10,"column":15}},{"start":{"line":10,"column":20},"end":{"line":10,"column":50}}],"line":10},"5":{"loc":{"start":{"line":10,"column":20},"end":{"line":10,"column":50}},"type":"cond-expr","locations":[{"start":{"line":10,"column":29},"end":{"line":10,"column":37}},{"start":{"line":10,"column":40},"end":{"line":10,"column":50}}],"line":10}},"s":{"0":5},"f":{"0":5},"b":{"0":[4],"1":[1,4],"2":[5,4],"3":[1,3],"4":[5,4],"5":[1,3]},"_coverageSchema":"1a1c01bbd47fc00a2c39e90264f33305004495a9","hash":"c5e708594d9ce45792c9d178408bc24ae754a17d"}
,"/home/defon/movie-explorer/src/components/Loader.jsx": {"path":"/home/defon/movie-explorer/src/components/Loader.jsx","statementMap":{"0":{"start":{"line":2,"column":2},"end":{"line":7,"column":3}}},"fnMap":{"0":{"name":"Loader","decl":{"start":{"line":1,"column":24},"end":{"line":1,"column":30}},"loc":{"start":{"line":1,"column":57},"end":{"line":8,"column":1}},"line":1}},"branchMap":{"0":{"loc":{"start":{"line":1,"column":33},"end":{"line":1,"column":53}},"type":"default-arg","locations":[{"start":{"line":1,"column":43},"end":{"line":1,"column":53}}],"line":1}},"s":{"0":4},"f":{"0":4},"b":{"0":[3]},"_coverageSchema":"1a1c01bbd47fc00a2c39e90264f33305004495a9","hash":"68a4267238ca60cd62034066b8ac4601a6adb298"}
,"/home/defon/movie-explorer/src/components/MovieCard.jsx": {"path":"/home/defon/movie-explorer/src/components/MovieCard.jsx","statementMap":{"0":{"start":{"line":8,"column":21},"end":{"line":8,"column":94}},"1":{"start":{"line":9,"column":15},"end":{"line":9,"column":55}},"2":{"start":{"line":11,"column":2},"end":{"line":37,"column":3}},"3":{"start":{"line":31,"column":27},"end":{"line":31,"column":50}}},"fnMap":{"0":{"name":"MovieCard","decl":{"start":{"line":7,"column":9},"end":{"line":7,"column":18}},"loc":{"start":{"line":7,"column":60},"end":{"line":38,"column":1}},"line":7},"1":{"name":"(anonymous_1)","decl":{"start":{"line":31,"column":21},"end":{"line":31,"column":22}},"loc":{"start":{"line":31,"column":27},"end":{"line":31,"column":50}},"line":31}},"branchMap":{"0":{"loc":{"start":{"line":8,"column":21},"end":{"line":8,"column":94}},"type":"cond-expr","locations":[{"start":{"line":8,"column":41},"end":{"line":8,"column":69}},{"start":{"line":8,"column":72},"end":{"line":8,"column":94}}],"line":8},"1":{"loc":{"start":{"line":9,"column":15},"end":{"line":9,"column":55}},"type":"binary-expr","locations":[{"start":{"line":9,"column":15},"end":{"line":9,"column":46}},{"start":{"line":9,"column":50},"end":{"line":9,"column":55}}],"line":9},"2":{"loc":{"start":{"line":28,"column":9},"end":{"line":34,"column":16}},"type":"cond-expr","locations":[{"start":{"line":29,"column":10},"end":{"line":33,"column":12}},{"start":{"line":34,"column":12},"end":{"line":34,"column":16}}],"line":28},"3":{"loc":{"start":{"line":32,"column":23},"end":{"line":32,"column":80}},"type":"cond-expr","locations":[{"start":{"line":32,"column":36},"end":{"line":32,"column":59}},{"start":{"line":32,"column":62},"end":{"line":32,"column":80}}],"line":32}},"s":{"0":2,"1":2,"2":2,"3":0},"f":{"0":2,"1":0},"b":{"0":[1,1],"1":[2,0],"2":[0,2],"3":[0,0]},"_coverageSchema":"1a1c01bbd47fc00a2c39e90264f33305004495a9","hash":"b0030fc1aaba2cfe33873568031ca48f9fe3db8a"}
,"/home/defon/movie-explorer/src/components/Navbar.jsx": {"path":"/home/defon/movie-explorer/src/components/Navbar.jsx","statementMap":{"0":{"start":{"line":7,"column":19},"end":{"line":7,"column":32}},"1":{"start":{"line":8,"column":28},"end":{"line":8,"column":38}},"2":{"start":{"line":9,"column":26},"end":{"line":9,"column":41}},"3":{"start":{"line":10,"column":34},"end":{"line":10,"column":49}},"4":{"start":{"line":11,"column":46},"end":{"line":11,"column":60}},"5":{"start":{"line":13,"column":2},"end":{"line":17,"column":8}},"6":{"start":{"line":14,"column":25},"end":{"line":14,"column":63}},"7":{"start":{"line":14,"column":31},"end":{"line":14,"column":63}},"8":{"start":{"line":15,"column":4},"end":{"line":15,"column":70}},"9":{"start":{"line":16,"column":4},"end":{"line":16,"column":67}},"10":{"start":{"line":16,"column":17},"end":{"line":16,"column":67}},"11":{"start":{"line":19,"column":2},"end":{"line":31,"column":8}},"12":{"start":{"line":20,"column":28},"end":{"line":23,"column":5}},"13":{"start":{"line":21,"column":6},"end":{"line":21,"column":24}},"14":{"start":{"line":22,"column":6},"end":{"line":22,"column":26}},"15":{"start":{"line":24,"column":27},"end":{"line":24,"column":56}},"16":{"start":{"line":24,"column":33},"end":{"line":24,"column":56}},"17":{"start":{"line":25,"column":4},"end":{"line":25,"column":67}},"18":{"start":{"line":26,"column":4},"end":{"line":26,"column":59}},"19":{"start":{"line":27,"column":4},"end":{"line":30,"column":5}},"20":{"start":{"line":28,"column":6},"end":{"line":28,"column":72}},"21":{"start":{"line":29,"column":6},"end":{"line":29,"column":64}},"22":{"start":{"line":34,"column":4},"end":{"line":34,"column":23}},"23":{"start":{"line":35,"column":4},"end":{"line":35,"column":18}},"24":{"start":{"line":38,"column":2},"end":{"line":188,"column":3}},"25":{"start":{"line":60,"column":67},"end":{"line":60,"column":118}},"26":{"start":{"line":67,"column":67},"end":{"line":67,"column":118}},"27":{"start":{"line":78,"column":16},"end":{"line":78,"column":24}},"28":{"start":{"line":79,"column":16},"end":{"line":79,"column":30}},"29":{"start":{"line":100,"column":18},"end":{"line":107,"column":19}},"30":{"start":{"line":101,"column":20},"end":{"line":101,"column":43}},"31":{"start":{"line":102,"column":40},"end":{"line":102,"column":71}},"32":{"start":{"line":103,"column":20},"end":{"line":103,"column":43}},"33":{"start":{"line":106,"column":20},"end":{"line":106,"column":43}},"34":{"start":{"line":118,"column":27},"end":{"line":118,"column":45}},"35":{"start":{"line":118,"column":42},"end":{"line":118,"column":44}},"36":{"start":{"line":136,"column":78},"end":{"line":136,"column":92}},"37":{"start":{"line":147,"column":65},"end":{"line":147,"column":112}},"38":{"start":{"line":147,"column":130},"end":{"line":147,"column":144}},"39":{"start":{"line":154,"column":65},"end":{"line":154,"column":112}},"40":{"start":{"line":154,"column":130},"end":{"line":154,"column":144}},"41":{"start":{"line":169,"column":31},"end":{"line":169,"column":39}}},"fnMap":{"0":{"name":"Navbar","decl":{"start":{"line":6,"column":24},"end":{"line":6,"column":30}},"loc":{"start":{"line":6,"column":33},"end":{"line":189,"column":1}},"line":6},"1":{"name":"(anonymous_1)","decl":{"start":{"line":13,"column":12},"end":{"line":13,"column":13}},"loc":{"start":{"line":13,"column":18},"end":{"line":17,"column":3}},"line":13},"2":{"name":"(anonymous_2)","decl":{"start":{"line":14,"column":25},"end":{"line":14,"column":26}},"loc":{"start":{"line":14,"column":31},"end":{"line":14,"column":63}},"line":14},"3":{"name":"(anonymous_3)","decl":{"start":{"line":16,"column":11},"end":{"line":16,"column":12}},"loc":{"start":{"line":16,"column":17},"end":{"line":16,"column":67}},"line":16},"4":{"name":"(anonymous_4)","decl":{"start":{"line":19,"column":12},"end":{"line":19,"column":13}},"loc":{"start":{"line":19,"column":18},"end":{"line":31,"column":3}},"line":19},"5":{"name":"(anonymous_5)","decl":{"start":{"line":20,"column":28},"end":{"line":20,"column":29}},"loc":{"start":{"line":20,"column":35},"end":{"line":23,"column":5}},"line":20},"6":{"name":"(anonymous_6)","decl":{"start":{"line":24,"column":27},"end":{"line":24,"column":28}},"loc":{"start":{"line":24,"column":33},"end":{"line":24,"column":56}},"line":24},"7":{"name":"(anonymous_7)","decl":{"start":{"line":27,"column":11},"end":{"line":27,"column":12}},"loc":{"start":{"line":27,"column":17},"end":{"line":30,"column":5}},"line":27},"8":{"name":"handleSearchClick","decl":{"start":{"line":33,"column":11},"end":{"line":33,"column":28}},"loc":{"start":{"line":33,"column":31},"end":{"line":36,"column":3}},"line":33},"9":{"name":"(anonymous_9)","decl":{"start":{"line":60,"column":48},"end":{"line":60,"column":49}},"loc":{"start":{"line":60,"column":67},"end":{"line":60,"column":118}},"line":60},"10":{"name":"(anonymous_10)","decl":{"start":{"line":67,"column":48},"end":{"line":67,"column":49}},"loc":{"start":{"line":67,"column":67},"end":{"line":67,"column":118}},"line":67},"11":{"name":"(anonymous_11)","decl":{"start":{"line":77,"column":23},"end":{"line":77,"column":24}},"loc":{"start":{"line":77,"column":29},"end":{"line":80,"column":15}},"line":77},"12":{"name":"(anonymous_12)","decl":{"start":{"line":99,"column":25},"end":{"line":99,"column":26}},"loc":{"start":{"line":99,"column":37},"end":{"line":108,"column":17}},"line":99},"13":{"name":"(anonymous_13)","decl":{"start":{"line":118,"column":21},"end":{"line":118,"column":22}},"loc":{"start":{"line":118,"column":27},"end":{"line":118,"column":45}},"line":118},"14":{"name":"(anonymous_14)","decl":{"start":{"line":118,"column":35},"end":{"line":118,"column":36}},"loc":{"start":{"line":118,"column":42},"end":{"line":118,"column":44}},"line":118},"15":{"name":"(anonymous_15)","decl":{"start":{"line":136,"column":72},"end":{"line":136,"column":73}},"loc":{"start":{"line":136,"column":78},"end":{"line":136,"column":92}},"line":136},"16":{"name":"(anonymous_16)","decl":{"start":{"line":147,"column":46},"end":{"line":147,"column":47}},"loc":{"start":{"line":147,"column":65},"end":{"line":147,"column":112}},"line":147},"17":{"name":"(anonymous_17)","decl":{"start":{"line":147,"column":124},"end":{"line":147,"column":125}},"loc":{"start":{"line":147,"column":130},"end":{"line":147,"column":144}},"line":147},"18":{"name":"(anonymous_18)","decl":{"start":{"line":154,"column":46},"end":{"line":154,"column":47}},"loc":{"start":{"line":154,"column":65},"end":{"line":154,"column":112}},"line":154},"19":{"name":"(anonymous_19)","decl":{"start":{"line":154,"column":124},"end":{"line":154,"column":125}},"loc":{"start":{"line":154,"column":130},"end":{"line":154,"column":144}},"line":154},"20":{"name":"(anonymous_20)","decl":{"start":{"line":169,"column":25},"end":{"line":169,"column":26}},"loc":{"start":{"line":169,"column":31},"end":{"line":169,"column":39}},"line":169}},"branchMap":{"0":{"loc":{"start":{"line":39,"column":38},"end":{"line":39,"column":64}},"type":"cond-expr","locations":[{"start":{"line":39,"column":49},"end":{"line":39,"column":59}},{"start":{"line":39,"column":62},"end":{"line":39,"column":64}}],"line":39},"1":{"loc":{"start":{"line":60,"column":67},"end":{"line":60,"column":118}},"type":"cond-expr","locations":[{"start":{"line":60,"column":78},"end":{"line":60,"column":105}},{"start":{"line":60,"column":108},"end":{"line":60,"column":118}}],"line":60},"2":{"loc":{"start":{"line":67,"column":67},"end":{"line":67,"column":118}},"type":"cond-expr","locations":[{"start":{"line":67,"column":78},"end":{"line":67,"column":105}},{"start":{"line":67,"column":108},"end":{"line":67,"column":118}}],"line":67},"3":{"loc":{"start":{"line":81,"column":26},"end":{"line":81,"column":91}},"type":"cond-expr","locations":[{"start":{"line":81,"column":45},"end":{"line":81,"column":67}},{"start":{"line":81,"column":70},"end":{"line":81,"column":91}}],"line":81},"4":{"loc":{"start":{"line":84,"column":15},"end":{"line":93,"column":15}},"type":"cond-expr","locations":[{"start":{"line":85,"column":16},"end":{"line":87,"column":22}},{"start":{"line":89,"column":16},"end":{"line":92,"column":22}}],"line":84},"5":{"loc":{"start":{"line":95,"column":13},"end":{"line":113,"column":20}},"type":"cond-expr","locations":[{"start":{"line":96,"column":14},"end":{"line":112,"column":23}},{"start":{"line":113,"column":16},"end":{"line":113,"column":20}}],"line":95},"6":{"loc":{"start":{"line":117,"column":36},"end":{"line":117,"column":57}},"type":"cond-expr","locations":[{"start":{"line":117,"column":43},"end":{"line":117,"column":52}},{"start":{"line":117,"column":55},"end":{"line":117,"column":57}}],"line":117},"7":{"loc":{"start":{"line":119,"column":24},"end":{"line":119,"column":57}},"type":"cond-expr","locations":[{"start":{"line":119,"column":31},"end":{"line":119,"column":43}},{"start":{"line":119,"column":46},"end":{"line":119,"column":57}}],"line":119},"8":{"loc":{"start":{"line":122,"column":13},"end":{"line":130,"column":13}},"type":"cond-expr","locations":[{"start":{"line":123,"column":14},"end":{"line":125,"column":20}},{"start":{"line":127,"column":14},"end":{"line":129,"column":20}}],"line":122},"9":{"loc":{"start":{"line":136,"column":41},"end":{"line":136,"column":59}},"type":"cond-expr","locations":[{"start":{"line":136,"column":48},"end":{"line":136,"column":54}},{"start":{"line":136,"column":57},"end":{"line":136,"column":59}}],"line":136},"10":{"loc":{"start":{"line":136,"column":107},"end":{"line":136,"column":130}},"type":"cond-expr","locations":[{"start":{"line":136,"column":114},"end":{"line":136,"column":121}},{"start":{"line":136,"column":124},"end":{"line":136,"column":130}}],"line":136},"11":{"loc":{"start":{"line":137,"column":41},"end":{"line":137,"column":59}},"type":"cond-expr","locations":[{"start":{"line":137,"column":48},"end":{"line":137,"column":54}},{"start":{"line":137,"column":57},"end":{"line":137,"column":59}}],"line":137},"12":{"loc":{"start":{"line":147,"column":65},"end":{"line":147,"column":112}},"type":"cond-expr","locations":[{"start":{"line":147,"column":76},"end":{"line":147,"column":96}},{"start":{"line":147,"column":99},"end":{"line":147,"column":112}}],"line":147},"13":{"loc":{"start":{"line":154,"column":65},"end":{"line":154,"column":112}},"type":"cond-expr","locations":[{"start":{"line":154,"column":76},"end":{"line":154,"column":96}},{"start":{"line":154,"column":99},"end":{"line":154,"column":112}}],"line":154},"14":{"loc":{"start":{"line":170,"column":28},"end":{"line":170,"column":93}},"type":"cond-expr","locations":[{"start":{"line":170,"column":47},"end":{"line":170,"column":69}},{"start":{"line":170,"column":72},"end":{"line":170,"column":93}}],"line":170},"15":{"loc":{"start":{"line":172,"column":17},"end":{"line":181,"column":17}},"type":"cond-expr","locations":[{"start":{"line":173,"column":18},"end":{"line":175,"column":24}},{"start":{"line":177,"column":18},"end":{"line":180,"column":24}}],"line":172}},"s":{"0":1,"1":1,"2":1,"3":1,"4":1,"5":1,"6":1,"7":0,"8":1,"9":1,"10":1,"11":1,"12":1,"13":0,"14":0,"15":1,"16":0,"17":1,"18":1,"19":1,"20":1,"21":1,"22":0,"23":0,"24":1,"25":1,"26":1,"27":0,"28":0,"29":0,"30":0,"31":0,"32":0,"33":0,"34":0,"35":0,"36":0,"37":1,"38":0,"39":1,"40":0,"41":0},"f":{"0":1,"1":1,"2":0,"3":1,"4":1,"5":0,"6":0,"7":1,"8":0,"9":1,"10":1,"11":0,"12":0,"13":0,"14":0,"15":0,"16":1,"17":0,"18":1,"19":0,"20":0},"b":{"0":[0,1],"1":[0,1],"2":[0,1],"3":[1,0],"4":[1,0],"5":[0,1],"6":[0,1],"7":[0,1],"8":[0,1],"9":[0,1],"10":[0,1],"11":[0,1],"12":[0,1],"13":[0,1],"14":[1,0],"15":[1,0]},"_coverageSchema":"1a1c01bbd47fc00a2c39e90264f33305004495a9","hash":"f3fde9e830bb4e9be4425e36f47259623865a0f9"}
,"/home/defon/movie-explorer/src/components/SkeletonCard.jsx": {"path":"/home/defon/movie-explorer/src/components/SkeletonCard.jsx","statementMap":{"0":{"start":{"line":2,"column":2},"end":{"line":10,"column":3}}},"fnMap":{"0":{"name":"SkeletonCard","decl":{"start":{"line":1,"column":24},"end":{"line":1,"column":36}},"loc":{"start":{"line":1,"column":39},"end":{"line":11,"column":1}},"line":1}},"branchMap":{},"s":{"0":40},"f":{"0":40},"b":{},"_coverageSchema":"1a1c01bbd47fc00a2c39e90264f33305004495a9","hash":"449950507556ab7ca0af94b64b2d068402f36db7"}
,"/home/defon/movie-explorer/src/context/ThemeContext.jsx": {"path":"/home/defon/movie-explorer/src/context/ThemeContext.jsx","statementMap":{"0":{"start":{"line":3,"column":21},"end":{"line":3,"column":40}},"1":{"start":{"line":4,"column":20},"end":{"line":4,"column":42}},"2":{"start":{"line":7,"column":28},"end":{"line":18,"column":4}},"3":{"start":{"line":8,"column":4},"end":{"line":17,"column":5}},"4":{"start":{"line":9,"column":21},"end":{"line":9,"column":61}},"5":{"start":{"line":10,"column":6},"end":{"line":10,"column":64}},"6":{"start":{"line":10,"column":51},"end":{"line":10,"column":64}},"7":{"start":{"line":11,"column":6},"end":{"line":13,"column":7}},"8":{"start":{"line":12,"column":8},"end":{"line":12,"column":21}},"9":{"start":{"line":14,"column":6},"end":{"line":14,"column":19}},"10":{"start":{"line":16,"column":6},"end":{"line":16,"column":19}},"11":{"start":{"line":20,"column":2},"end":{"line":29,"column":13}},"12":{"start":{"line":21,"column":4},"end":{"line":23,"column":14}},"13":{"start":{"line":22,"column":6},"end":{"line":22,"column":53}},"14":{"start":{"line":24,"column":4},"end":{"line":28,"column":5}},"15":{"start":{"line":25,"column":6},"end":{"line":25,"column":58}},"16":{"start":{"line":27,"column":6},"end":{"line":27,"column":61}},"17":{"start":{"line":31,"column":17},"end":{"line":31,"column":73}},"18":{"start":{"line":31,"column":23},"end":{"line":31,"column":73}},"19":{"start":{"line":31,"column":40},"end":{"line":31,"column":71}},"20":{"start":{"line":33,"column":2},"end":{"line":33,"column":102}},"21":{"start":{"line":37,"column":14},"end":{"line":37,"column":38}},"22":{"start":{"line":38,"column":2},"end":{"line":38,"column":73}},"23":{"start":{"line":38,"column":12},"end":{"line":38,"column":73}},"24":{"start":{"line":39,"column":2},"end":{"line":39,"column":12}}},"fnMap":{"0":{"name":"ThemeProvider","decl":{"start":{"line":6,"column":16},"end":{"line":6,"column":29}},"loc":{"start":{"line":6,"column":44},"end":{"line":34,"column":1}},"line":6},"1":{"name":"(anonymous_1)","decl":{"start":{"line":7,"column":37},"end":{"line":7,"column":38}},"loc":{"start":{"line":7,"column":43},"end":{"line":18,"column":3}},"line":7},"2":{"name":"(anonymous_2)","decl":{"start":{"line":20,"column":12},"end":{"line":20,"column":13}},"loc":{"start":{"line":20,"column":18},"end":{"line":29,"column":3}},"line":20},"3":{"name":"(anonymous_3)","decl":{"start":{"line":31,"column":17},"end":{"line":31,"column":18}},"loc":{"start":{"line":31,"column":23},"end":{"line":31,"column":73}},"line":31},"4":{"name":"(anonymous_4)","decl":{"start":{"line":31,"column":32},"end":{"line":31,"column":33}},"loc":{"start":{"line":31,"column":40},"end":{"line":31,"column":71}},"line":31},"5":{"name":"useTheme","decl":{"start":{"line":36,"column":16},"end":{"line":36,"column":24}},"loc":{"start":{"line":36,"column":27},"end":{"line":40,"column":1}},"line":36}},"branchMap":{"0":{"loc":{"start":{"line":10,"column":6},"end":{"line":10,"column":64}},"type":"if","locations":[{"start":{"line":10,"column":6},"end":{"line":10,"column":64}},{"start":{},"end":{}}],"line":10},"1":{"loc":{"start":{"line":10,"column":10},"end":{"line":10,"column":49}},"type":"binary-expr","locations":[{"start":{"line":10,"column":10},"end":{"line":10,"column":27}},{"start":{"line":10,"column":31},"end":{"line":10,"column":49}}],"line":10},"2":{"loc":{"start":{"line":11,"column":6},"end":{"line":13,"column":7}},"type":"if","locations":[{"start":{"line":11,"column":6},"end":{"line":13,"column":7}},{"start":{},"end":{}}],"line":11},"3":{"loc":{"start":{"line":11,"column":10},"end":{"line":11,"column":88}},"type":"binary-expr","locations":[{"start":{"line":11,"column":10},"end":{"line":11,"column":27}},{"start":{"line":11,"column":31},"end":{"line":11,"column":88}}],"line":11},"4":{"loc":{"start":{"line":24,"column":4},"end":{"line":28,"column":5}},"type":"if","locations":[{"start":{"line":24,"column":4},"end":{"line":28,"column":5}},{"start":{"line":26,"column":11},"end":{"line":28,"column":5}}],"line":24},"5":{"loc":{"start":{"line":31,"column":40},"end":{"line":31,"column":71}},"type":"cond-expr","locations":[{"start":{"line":31,"column":55},"end":{"line":31,"column":62}},{"start":{"line":31,"column":65},"end":{"line":31,"column":71}}],"line":31},"6":{"loc":{"start":{"line":38,"column":2},"end":{"line":38,"column":73}},"type":"if","locations":[{"start":{"line":38,"column":2},"end":{"line":38,"column":73}},{"start":{},"end":{}}],"line":38}},"s":{"0":3,"1":3,"2":11,"3":8,"4":8,"5":7,"6":1,"7":6,"8":3,"9":3,"10":1,"11":11,"12":11,"13":11,"14":11,"15":8,"16":3,"17":11,"18":3,"19":3,"20":11,"21":13,"22":12,"23":2,"24":10},"f":{"0":11,"1":8,"2":11,"3":3,"4":3,"5":13},"b":{"0":[1,6],"1":[7,7],"2":[3,3],"3":[6,3],"4":[8,3],"5":[2,1],"6":[2,10]},"_coverageSchema":"1a1c01bbd47fc00a2c39e90264f33305004495a9","hash":"701fc41dbb5289b98971445c1b0c940e102cce7d"}
,"/home/defon/movie-explorer/src/hooks/useDebounce.js": {"path":"/home/defon/movie-explorer/src/hooks/useDebounce.js","statementMap":{"0":{"start":{"line":4,"column":46},"end":{"line":4,"column":61}},"1":{"start":{"line":6,"column":2},"end":{"line":12,"column":20}},"2":{"start":{"line":7,"column":20},"end":{"line":9,"column":13}},"3":{"start":{"line":8,"column":6},"end":{"line":8,"column":30}},"4":{"start":{"line":11,"column":4},"end":{"line":11,"column":45}},"5":{"start":{"line":11,"column":17},"end":{"line":11,"column":45}},"6":{"start":{"line":14,"column":2},"end":{"line":14,"column":23}}},"fnMap":{"0":{"name":"useDebounce","decl":{"start":{"line":3,"column":24},"end":{"line":3,"column":35}},"loc":{"start":{"line":3,"column":56},"end":{"line":15,"column":1}},"line":3},"1":{"name":"(anonymous_1)","decl":{"start":{"line":6,"column":12},"end":{"line":6,"column":13}},"loc":{"start":{"line":6,"column":18},"end":{"line":12,"column":3}},"line":6},"2":{"name":"(anonymous_2)","decl":{"start":{"line":7,"column":38},"end":{"line":7,"column":39}},"loc":{"start":{"line":7,"column":44},"end":{"line":9,"column":5}},"line":7},"3":{"name":"(anonymous_3)","decl":{"start":{"line":11,"column":11},"end":{"line":11,"column":12}},"loc":{"start":{"line":11,"column":17},"end":{"line":11,"column":45}},"line":11}},"branchMap":{"0":{"loc":{"start":{"line":3,"column":43},"end":{"line":3,"column":54}},"type":"default-arg","locations":[{"start":{"line":3,"column":51},"end":{"line":3,"column":54}}],"line":3}},"s":{"0":4,"1":4,"2":3,"3":1,"4":3,"5":3,"6":4},"f":{"0":4,"1":3,"2":1,"3":3},"b":{"0":[0]},"_coverageSchema":"1a1c01bbd47fc00a2c39e90264f33305004495a9","hash":"d11e73ac081319d85f1df1a80bcf8fda945a5be1"}
,"/home/defon/movie-explorer/src/pages/HomePage.jsx": {"path":"/home/defon/movie-explorer/src/pages/HomePage.jsx","statementMap":{"0":{"start":{"line":16,"column":22},"end":{"line":21,"column":1}},"1":{"start":{"line":24,"column":34},"end":{"line":24,"column":41}},"2":{"start":{"line":25,"column":22},"end":{"line":25,"column":34}},"3":{"start":{"line":34,"column":6},"end":{"line":40,"column":4}},"4":{"start":{"line":36,"column":36},"end":{"line":36,"column":54}},"5":{"start":{"line":38,"column":6},"end":{"line":38,"column":76}},"6":{"start":{"line":42,"column":2},"end":{"line":51,"column":60}},"7":{"start":{"line":43,"column":4},"end":{"line":43,"column":36}},"8":{"start":{"line":43,"column":30},"end":{"line":43,"column":36}},"9":{"start":{"line":44,"column":16},"end":{"line":48,"column":31}},"10":{"start":{"line":45,"column":6},"end":{"line":47,"column":7}},"11":{"start":{"line":46,"column":8},"end":{"line":46,"column":23}},"12":{"start":{"line":49,"column":4},"end":{"line":49,"column":36}},"13":{"start":{"line":50,"column":4},"end":{"line":50,"column":33}},"14":{"start":{"line":50,"column":17},"end":{"line":50,"column":33}},"15":{"start":{"line":53,"column":2},"end":{"line":66,"column":3}},"16":{"start":{"line":54,"column":4},"end":{"line":65,"column":5}},"17":{"start":{"line":61,"column":12},"end":{"line":61,"column":36}},"18":{"start":{"line":68,"column":2},"end":{"line":77,"column":3}},"19":{"start":{"line":69,"column":4},"end":{"line":76,"column":5}},"20":{"start":{"line":79,"column":16},"end":{"line":79,"column":33}},"21":{"start":{"line":80,"column":15},"end":{"line":80,"column":52}},"22":{"start":{"line":80,"column":36},"end":{"line":80,"column":51}},"23":{"start":{"line":83,"column":2},"end":{"line":85,"column":3}},"24":{"start":{"line":84,"column":4},"end":{"line":84,"column":85}},"25":{"start":{"line":84,"column":34},"end":{"line":84,"column":84}},"26":{"start":{"line":86,"column":2},"end":{"line":88,"column":3}},"27":{"start":{"line":87,"column":4},"end":{"line":87,"column":83}},"28":{"start":{"line":87,"column":34},"end":{"line":87,"column":82}},"29":{"start":{"line":89,"column":2},"end":{"line":93,"column":3}},"30":{"start":{"line":90,"column":4},"end":{"line":90,"column":81}},"31":{"start":{"line":90,"column":35},"end":{"line":90,"column":80}},"32":{"start":{"line":91,"column":9},"end":{"line":93,"column":3}},"33":{"start":{"line":92,"column":4},"end":{"line":92,"column":94}},"34":{"start":{"line":92,"column":35},"end":{"line":92,"column":93}},"35":{"start":{"line":95,"column":2},"end":{"line":111,"column":3}},"36":{"start":{"line":105,"column":12},"end":{"line":105,"column":66}},"37":{"start":{"line":115,"column":22},"end":{"line":115,"column":34}},"38":{"start":{"line":124,"column":6},"end":{"line":128,"column":4}},"39":{"start":{"line":126,"column":36},"end":{"line":126,"column":73}},"40":{"start":{"line":127,"column":33},"end":{"line":127,"column":96}},"41":{"start":{"line":130,"column":2},"end":{"line":139,"column":60}},"42":{"start":{"line":131,"column":4},"end":{"line":131,"column":36}},"43":{"start":{"line":131,"column":30},"end":{"line":131,"column":36}},"44":{"start":{"line":132,"column":16},"end":{"line":136,"column":31}},"45":{"start":{"line":133,"column":6},"end":{"line":135,"column":7}},"46":{"start":{"line":134,"column":8},"end":{"line":134,"column":23}},"47":{"start":{"line":137,"column":4},"end":{"line":137,"column":36}},"48":{"start":{"line":138,"column":4},"end":{"line":138,"column":33}},"49":{"start":{"line":138,"column":17},"end":{"line":138,"column":33}},"50":{"start":{"line":141,"column":2},"end":{"line":154,"column":3}},"51":{"start":{"line":142,"column":4},"end":{"line":153,"column":5}},"52":{"start":{"line":149,"column":12},"end":{"line":149,"column":36}},"53":{"start":{"line":156,"column":2},"end":{"line":165,"column":3}},"54":{"start":{"line":157,"column":4},"end":{"line":164,"column":5}},"55":{"start":{"line":167,"column":16},"end":{"line":167,"column":33}},"56":{"start":{"line":168,"column":17},"end":{"line":168,"column":54}},"57":{"start":{"line":168,"column":38},"end":{"line":168,"column":53}},"58":{"start":{"line":170,"column":2},"end":{"line":186,"column":3}},"59":{"start":{"line":180,"column":12},"end":{"line":180,"column":68}},"60":{"start":{"line":190,"column":32},"end":{"line":190,"column":90}},"61":{"start":{"line":191,"column":27},"end":{"line":191,"column":52}},"62":{"start":{"line":193,"column":2},"end":{"line":247,"column":3}},"63":{"start":{"line":203,"column":31},"end":{"line":203,"column":84}},"64":{"start":{"line":203,"column":50},"end":{"line":203,"column":82}},"65":{"start":{"line":220,"column":26},"end":{"line":220,"column":77}},"66":{"start":{"line":221,"column":32},"end":{"line":221,"column":76}},"67":{"start":{"line":222,"column":16},"end":{"line":222,"column":65}},"68":{"start":{"line":222,"column":35},"end":{"line":222,"column":63}},"69":{"start":{"line":234,"column":28},"end":{"line":234,"column":77}},"70":{"start":{"line":235,"column":16},"end":{"line":235,"column":56}},"71":{"start":{"line":235,"column":35},"end":{"line":235,"column":54}},"72":{"start":{"line":244,"column":8},"end":{"line":244,"column":78}}},"fnMap":{"0":{"name":"MovieSection","decl":{"start":{"line":23,"column":9},"end":{"line":23,"column":21}},"loc":{"start":{"line":23,"column":44},"end":{"line":112,"column":1}},"line":23},"1":{"name":"(anonymous_1)","decl":{"start":{"line":36,"column":13},"end":{"line":36,"column":14}},"loc":{"start":{"line":36,"column":36},"end":{"line":36,"column":54}},"line":36},"2":{"name":"(anonymous_2)","decl":{"start":{"line":37,"column":22},"end":{"line":37,"column":23}},"loc":{"start":{"line":37,"column":32},"end":{"line":39,"column":5}},"line":37},"3":{"name":"(anonymous_3)","decl":{"start":{"line":42,"column":12},"end":{"line":42,"column":13}},"loc":{"start":{"line":42,"column":18},"end":{"line":51,"column":3}},"line":42},"4":{"name":"(anonymous_4)","decl":{"start":{"line":44,"column":41},"end":{"line":44,"column":42}},"loc":{"start":{"line":44,"column":54},"end":{"line":48,"column":5}},"line":44},"5":{"name":"(anonymous_5)","decl":{"start":{"line":50,"column":11},"end":{"line":50,"column":12}},"loc":{"start":{"line":50,"column":17},"end":{"line":50,"column":33}},"line":50},"6":{"name":"(anonymous_6)","decl":{"start":{"line":60,"column":41},"end":{"line":60,"column":42}},"loc":{"start":{"line":61,"column":12},"end":{"line":61,"column":36}},"line":61},"7":{"name":"(anonymous_7)","decl":{"start":{"line":80,"column":29},"end":{"line":80,"column":30}},"loc":{"start":{"line":80,"column":36},"end":{"line":80,"column":51}},"line":80},"8":{"name":"(anonymous_8)","decl":{"start":{"line":84,"column":27},"end":{"line":84,"column":28}},"loc":{"start":{"line":84,"column":34},"end":{"line":84,"column":84}},"line":84},"9":{"name":"(anonymous_9)","decl":{"start":{"line":87,"column":27},"end":{"line":87,"column":28}},"loc":{"start":{"line":87,"column":34},"end":{"line":87,"column":82}},"line":87},"10":{"name":"(anonymous_10)","decl":{"start":{"line":90,"column":25},"end":{"line":90,"column":26}},"loc":{"start":{"line":90,"column":35},"end":{"line":90,"column":80}},"line":90},"11":{"name":"(anonymous_11)","decl":{"start":{"line":92,"column":25},"end":{"line":92,"column":26}},"loc":{"start":{"line":92,"column":35},"end":{"line":92,"column":93}},"line":92},"12":{"name":"(anonymous_12)","decl":{"start":{"line":104,"column":22},"end":{"line":104,"column":23}},"loc":{"start":{"line":105,"column":12},"end":{"line":105,"column":66}},"line":105},"13":{"name":"DiscoverSection","decl":{"start":{"line":114,"column":9},"end":{"line":114,"column":24}},"loc":{"start":{"line":114,"column":38},"end":{"line":187,"column":1}},"line":114},"14":{"name":"(anonymous_14)","decl":{"start":{"line":126,"column":13},"end":{"line":126,"column":14}},"loc":{"start":{"line":126,"column":36},"end":{"line":126,"column":73}},"line":126},"15":{"name":"(anonymous_15)","decl":{"start":{"line":127,"column":22},"end":{"line":127,"column":23}},"loc":{"start":{"line":127,"column":33},"end":{"line":127,"column":96}},"line":127},"16":{"name":"(anonymous_16)","decl":{"start":{"line":130,"column":12},"end":{"line":130,"column":13}},"loc":{"start":{"line":130,"column":18},"end":{"line":139,"column":3}},"line":130},"17":{"name":"(anonymous_17)","decl":{"start":{"line":132,"column":41},"end":{"line":132,"column":42}},"loc":{"start":{"line":132,"column":54},"end":{"line":136,"column":5}},"line":132},"18":{"name":"(anonymous_18)","decl":{"start":{"line":138,"column":11},"end":{"line":138,"column":12}},"loc":{"start":{"line":138,"column":17},"end":{"line":138,"column":33}},"line":138},"19":{"name":"(anonymous_19)","decl":{"start":{"line":148,"column":41},"end":{"line":148,"column":42}},"loc":{"start":{"line":149,"column":12},"end":{"line":149,"column":36}},"line":149},"20":{"name":"(anonymous_20)","decl":{"start":{"line":168,"column":31},"end":{"line":168,"column":32}},"loc":{"start":{"line":168,"column":38},"end":{"line":168,"column":53}},"line":168},"21":{"name":"(anonymous_21)","decl":{"start":{"line":179,"column":22},"end":{"line":179,"column":23}},"loc":{"start":{"line":180,"column":12},"end":{"line":180,"column":68}},"line":180},"22":{"name":"HomePage","decl":{"start":{"line":189,"column":24},"end":{"line":189,"column":32}},"loc":{"start":{"line":189,"column":35},"end":{"line":248,"column":1}},"line":189},"23":{"name":"(anonymous_23)","decl":{"start":{"line":203,"column":24},"end":{"line":203,"column":25}},"loc":{"start":{"line":203,"column":31},"end":{"line":203,"column":84}},"line":203},"24":{"name":"(anonymous_24)","decl":{"start":{"line":203,"column":42},"end":{"line":203,"column":43}},"loc":{"start":{"line":203,"column":50},"end":{"line":203,"column":82}},"line":203},"25":{"name":"(anonymous_25)","decl":{"start":{"line":219,"column":24},"end":{"line":219,"column":25}},"loc":{"start":{"line":219,"column":31},"end":{"line":223,"column":15}},"line":219},"26":{"name":"(anonymous_26)","decl":{"start":{"line":222,"column":27},"end":{"line":222,"column":28}},"loc":{"start":{"line":222,"column":35},"end":{"line":222,"column":63}},"line":222},"27":{"name":"(anonymous_27)","decl":{"start":{"line":233,"column":24},"end":{"line":233,"column":25}},"loc":{"start":{"line":233,"column":31},"end":{"line":236,"column":15}},"line":233},"28":{"name":"(anonymous_28)","decl":{"start":{"line":235,"column":27},"end":{"line":235,"column":28}},"loc":{"start":{"line":235,"column":35},"end":{"line":235,"column":54}},"line":235},"29":{"name":"(anonymous_29)","decl":{"start":{"line":243,"column":25},"end":{"line":243,"column":26}},"loc":{"start":{"line":244,"column":8},"end":{"line":244,"column":78}},"line":244}},"branchMap":{"0":{"loc":{"start":{"line":36,"column":16},"end":{"line":36,"column":29}},"type":"default-arg","locations":[{"start":{"line":36,"column":28},"end":{"line":36,"column":29}}],"line":36},"1":{"loc":{"start":{"line":38,"column":13},"end":{"line":38,"column":76}},"type":"cond-expr","locations":[{"start":{"line":38,"column":51},"end":{"line":38,"column":64}},{"start":{"line":38,"column":67},"end":{"line":38,"column":76}}],"line":38},"2":{"loc":{"start":{"line":38,"column":26},"end":{"line":38,"column":47}},"type":"binary-expr","locations":[{"start":{"line":38,"column":26},"end":{"line":38,"column":42}},{"start":{"line":38,"column":46},"end":{"line":38,"column":47}}],"line":38},"3":{"loc":{"start":{"line":43,"column":4},"end":{"line":43,"column":36}},"type":"if","locations":[{"start":{"line":43,"column":4},"end":{"line":43,"column":36}},{"start":{},"end":{}}],"line":43},"4":{"loc":{"start":{"line":45,"column":6},"end":{"line":47,"column":7}},"type":"if","locations":[{"start":{"line":45,"column":6},"end":{"line":47,"column":7}},{"start":{},"end":{}}],"line":45},"5":{"loc":{"start":{"line":45,"column":10},"end":{"line":45,"column":73}},"type":"binary-expr","locations":[{"start":{"line":45,"column":10},"end":{"line":45,"column":35}},{"start":{"line":45,"column":39},"end":{"line":45,"column":50}},{"start":{"line":45,"column":54},"end":{"line":45,"column":73}}],"line":45},"6":{"loc":{"start":{"line":53,"column":2},"end":{"line":66,"column":3}},"type":"if","locations":[{"start":{"line":53,"column":2},"end":{"line":66,"column":3}},{"start":{},"end":{}}],"line":53},"7":{"loc":{"start":{"line":68,"column":2},"end":{"line":77,"column":3}},"type":"if","locations":[{"start":{"line":68,"column":2},"end":{"line":77,"column":3}},{"start":{},"end":{}}],"line":68},"8":{"loc":{"start":{"line":79,"column":16},"end":{"line":79,"column":33}},"type":"binary-expr","locations":[{"start":{"line":79,"column":16},"end":{"line":79,"column":27}},{"start":{"line":79,"column":31},"end":{"line":79,"column":33}}],"line":79},"9":{"loc":{"start":{"line":80,"column":36},"end":{"line":80,"column":51}},"type":"binary-expr","locations":[{"start":{"line":80,"column":36},"end":{"line":80,"column":45}},{"start":{"line":80,"column":49},"end":{"line":80,"column":51}}],"line":80},"10":{"loc":{"start":{"line":83,"column":2},"end":{"line":85,"column":3}},"type":"if","locations":[{"start":{"line":83,"column":2},"end":{"line":85,"column":3}},{"start":{},"end":{}}],"line":83},"11":{"loc":{"start":{"line":84,"column":35},"end":{"line":84,"column":54}},"type":"binary-expr","locations":[{"start":{"line":84,"column":35},"end":{"line":84,"column":49}},{"start":{"line":84,"column":53},"end":{"line":84,"column":54}}],"line":84},"12":{"loc":{"start":{"line":86,"column":2},"end":{"line":88,"column":3}},"type":"if","locations":[{"start":{"line":86,"column":2},"end":{"line":88,"column":3}},{"start":{},"end":{}}],"line":86},"13":{"loc":{"start":{"line":89,"column":2},"end":{"line":93,"column":3}},"type":"if","locations":[{"start":{"line":89,"column":2},"end":{"line":93,"column":3}},{"start":{"line":91,"column":9},"end":{"line":93,"column":3}}],"line":89},"14":{"loc":{"start":{"line":90,"column":36},"end":{"line":90,"column":55}},"type":"binary-expr","locations":[{"start":{"line":90,"column":36},"end":{"line":90,"column":50}},{"start":{"line":90,"column":54},"end":{"line":90,"column":55}}],"line":90},"15":{"loc":{"start":{"line":90,"column":60},"end":{"line":90,"column":79}},"type":"binary-expr","locations":[{"start":{"line":90,"column":60},"end":{"line":90,"column":74}},{"start":{"line":90,"column":78},"end":{"line":90,"column":79}}],"line":90},"16":{"loc":{"start":{"line":91,"column":9},"end":{"line":93,"column":3}},"type":"if","locations":[{"start":{"line":91,"column":9},"end":{"line":93,"column":3}},{"start":{},"end":{}}],"line":91},"17":{"loc":{"start":{"line":92,"column":36},"end":{"line":92,"column":56}},"type":"binary-expr","locations":[{"start":{"line":92,"column":36},"end":{"line":92,"column":50}},{"start":{"line":92,"column":54},"end":{"line":92,"column":56}}],"line":92},"18":{"loc":{"start":{"line":92,"column":72},"end":{"line":92,"column":92}},"type":"binary-expr","locations":[{"start":{"line":92,"column":72},"end":{"line":92,"column":86}},{"start":{"line":92,"column":90},"end":{"line":92,"column":92}}],"line":92},"19":{"loc":{"start":{"line":100,"column":7},"end":{"line":108,"column":7}},"type":"cond-expr","locations":[{"start":{"line":101,"column":8},"end":{"line":101,"column":60}},{"start":{"line":103,"column":8},"end":{"line":107,"column":14}}],"line":100},"20":{"loc":{"start":{"line":126,"column":16},"end":{"line":126,"column":29}},"type":"default-arg","locations":[{"start":{"line":126,"column":28},"end":{"line":126,"column":29}}],"line":126},"21":{"loc":{"start":{"line":127,"column":33},"end":{"line":127,"column":96}},"type":"cond-expr","locations":[{"start":{"line":127,"column":71},"end":{"line":127,"column":84}},{"start":{"line":127,"column":87},"end":{"line":127,"column":96}}],"line":127},"22":{"loc":{"start":{"line":127,"column":46},"end":{"line":127,"column":67}},"type":"binary-expr","locations":[{"start":{"line":127,"column":46},"end":{"line":127,"column":62}},{"start":{"line":127,"column":66},"end":{"line":127,"column":67}}],"line":127},"23":{"loc":{"start":{"line":131,"column":4},"end":{"line":131,"column":36}},"type":"if","locations":[{"start":{"line":131,"column":4},"end":{"line":131,"column":36}},{"start":{},"end":{}}],"line":131},"24":{"loc":{"start":{"line":133,"column":6},"end":{"line":135,"column":7}},"type":"if","locations":[{"start":{"line":133,"column":6},"end":{"line":135,"column":7}},{"start":{},"end":{}}],"line":133},"25":{"loc":{"start":{"line":133,"column":10},"end":{"line":133,"column":73}},"type":"binary-expr","locations":[{"start":{"line":133,"column":10},"end":{"line":133,"column":35}},{"start":{"line":133,"column":39},"end":{"line":133,"column":50}},{"start":{"line":133,"column":54},"end":{"line":133,"column":73}}],"line":133},"26":{"loc":{"start":{"line":141,"column":2},"end":{"line":154,"column":3}},"type":"if","locations":[{"start":{"line":141,"column":2},"end":{"line":154,"column":3}},{"start":{},"end":{}}],"line":141},"27":{"loc":{"start":{"line":156,"column":2},"end":{"line":165,"column":3}},"type":"if","locations":[{"start":{"line":156,"column":2},"end":{"line":165,"column":3}},{"start":{},"end":{}}],"line":156},"28":{"loc":{"start":{"line":167,"column":16},"end":{"line":167,"column":33}},"type":"binary-expr","locations":[{"start":{"line":167,"column":16},"end":{"line":167,"column":27}},{"start":{"line":167,"column":31},"end":{"line":167,"column":33}}],"line":167},"29":{"loc":{"start":{"line":168,"column":38},"end":{"line":168,"column":53}},"type":"binary-expr","locations":[{"start":{"line":168,"column":38},"end":{"line":168,"column":47}},{"start":{"line":168,"column":51},"end":{"line":168,"column":53}}],"line":168},"30":{"loc":{"start":{"line":175,"column":7},"end":{"line":183,"column":7}},"type":"cond-expr","locations":[{"start":{"line":176,"column":8},"end":{"line":176,"column":68}},{"start":{"line":178,"column":8},"end":{"line":182,"column":14}}],"line":175},"31":{"loc":{"start":{"line":220,"column":26},"end":{"line":220,"column":77}},"type":"cond-expr","locations":[{"start":{"line":220,"column":50},"end":{"line":220,"column":52}},{"start":{"line":220,"column":55},"end":{"line":220,"column":77}}],"line":220},"32":{"loc":{"start":{"line":221,"column":32},"end":{"line":221,"column":76}},"type":"cond-expr","locations":[{"start":{"line":221,"column":43},"end":{"line":221,"column":45}},{"start":{"line":221,"column":48},"end":{"line":221,"column":76}}],"line":221}},"s":{"0":1,"1":8,"2":8,"3":8,"4":4,"5":12,"6":8,"7":4,"8":4,"9":0,"10":0,"11":0,"12":0,"13":0,"14":0,"15":8,"16":4,"17":32,"18":4,"19":0,"20":4,"21":4,"22":4,"23":4,"24":0,"25":0,"26":4,"27":0,"28":0,"29":4,"30":0,"31":0,"32":4,"33":0,"34":0,"35":4,"36":0,"37":2,"38":2,"39":1,"40":3,"41":2,"42":1,"43":1,"44":0,"45":0,"46":0,"47":0,"48":0,"49":0,"50":2,"51":1,"52":8,"53":1,"54":0,"55":1,"56":1,"57":1,"58":1,"59":0,"60":1,"61":1,"62":1,"63":0,"64":0,"65":0,"66":0,"67":0,"68":0,"69":0,"70":0,"71":0,"72":4},"f":{"0":8,"1":4,"2":12,"3":4,"4":0,"5":0,"6":32,"7":4,"8":0,"9":0,"10":0,"11":0,"12":0,"13":2,"14":1,"15":3,"16":1,"17":0,"18":0,"19":8,"20":1,"21":0,"22":1,"23":0,"24":0,"25":0,"26":0,"27":0,"28":0,"29":4},"b":{"0":[4],"1":[0,12],"2":[12,0],"3":[4,0],"4":[0,0],"5":[0,0,0],"6":[4,4],"7":[0,4],"8":[4,0],"9":[4,0],"10":[0,4],"11":[0,0],"12":[0,4],"13":[0,4],"14":[0,0],"15":[0,0],"16":[0,4],"17":[0,0],"18":[0,0],"19":[4,0],"20":[1],"21":[0,3],"22":[3,0],"23":[1,0],"24":[0,0],"25":[0,0,0],"26":[1,1],"27":[0,1],"28":[1,0],"29":[1,0],"30":[1,0],"31":[0,0],"32":[0,0]},"_coverageSchema":"1a1c01bbd47fc00a2c39e90264f33305004495a9","hash":"ea8472509e6d2e54b12422fc8ed80c49e3ec106c"}
,"/home/defon/movie-explorer/src/utils/formatRating.js": {"path":"/home/defon/movie-explorer/src/utils/formatRating.js","statementMap":{"0":{"start":{"line":2,"column":2},"end":{"line":4,"column":3}},"1":{"start":{"line":3,"column":4},"end":{"line":3,"column":14}},"2":{"start":{"line":6,"column":2},"end":{"line":6,"column":39}}},"fnMap":{"0":{"name":"formatRating","decl":{"start":{"line":1,"column":24},"end":{"line":1,"column":36}},"loc":{"start":{"line":1,"column":50},"end":{"line":7,"column":1}},"line":1}},"branchMap":{"0":{"loc":{"start":{"line":2,"column":2},"end":{"line":4,"column":3}},"type":"if","locations":[{"start":{"line":2,"column":2},"end":{"line":4,"column":3}},{"start":{},"end":{}}],"line":2}},"s":{"0":7,"1":2,"2":5},"f":{"0":7},"b":{"0":[2,5]},"_coverageSchema":"1a1c01bbd47fc00a2c39e90264f33305004495a9","hash":"668b3c6ccd4eed1c545b296ebef307b6a7f5892a"}
}
