{"/home/defon/movie-explorer/src/components/ErrorMessage.jsx": {"path":"/home/defon/movie-explorer/src/components/ErrorMessage.jsx","statementMap":{"0":{"start":{"line":6,"column":2},"end":{"line":16,"column":3}}},"fnMap":{"0":{"name":"ErrorMessage","decl":{"start":{"line":5,"column":24},"end":{"line":5,"column":36}},"loc":{"start":{"line":5,"column":89},"end":{"line":17,"column":1}},"line":5}},"branchMap":{"0":{"loc":{"start":{"line":5,"column":39},"end":{"line":5,"column":69}},"type":"default-arg","locations":[{"start":{"line":5,"column":47},"end":{"line":5,"column":69}}],"line":5},"1":{"loc":{"start":{"line":9,"column":7},"end":{"line":9,"column":40}},"type":"cond-expr","locations":[{"start":{"line":9,"column":17},"end":{"line":9,"column":33}},{"start":{"line":9,"column":36},"end":{"line":9,"column":40}}],"line":9},"2":{"loc":{"start":{"line":10,"column":7},"end":{"line":14,"column":14}},"type":"cond-expr","locations":[{"start":{"line":11,"column":8},"end":{"line":13,"column":17}},{"start":{"line":14,"column":10},"end":{"line":14,"column":14}}],"line":10}},"s":{"0":3},"f":{"0":3},"b":{"0":[2],"1":[1,2],"2":[1,2]},"_coverageSchema":"1a1c01bbd47fc00a2c39e90264f33305004495a9","hash":"ca2ba2e388bc611b687d1304736babbb44d1b905"}
,"/home/defon/movie-explorer/src/components/FavoriteButton.jsx": {"path":"/home/defon/movie-explorer/src/components/FavoriteButton.jsx","statementMap":{"0":{"start":{"line":7,"column":2},"end":{"line":17,"column":3}}},"fnMap":{"0":{"name":"FavoriteButton","decl":{"start":{"line":6,"column":24},"end":{"line":6,"column":38}},"loc":{"start":{"line":6,"column":89},"end":{"line":18,"column":1}},"line":6}},"branchMap":{"0":{"loc":{"start":{"line":6,"column":41},"end":{"line":6,"column":55}},"type":"default-arg","locations":[{"start":{"line":6,"column":50},"end":{"line":6,"column":55}}],"line":6},"1":{"loc":{"start":{"line":10,"column":36},"end":{"line":10,"column":75}},"type":"cond-expr","locations":[{"start":{"line":10,"column":45},"end":{"line":10,"column":70}},{"start":{"line":10,"column":73},"end":{"line":10,"column":75}}],"line":10},"2":{"loc":{"start":{"line":13,"column":18},"end":{"line":13,"column":86}},"type":"binary-expr","locations":[{"start":{"line":13,"column":18},"end":{"line":13,"column":27}},{"start":{"line":13,"column":32},"end":{"line":13,"column":85}}],"line":13},"3":{"loc":{"start":{"line":13,"column":32},"end":{"line":13,"column":85}},"type":"cond-expr","locations":[{"start":{"line":13,"column":41},"end":{"line":13,"column":64}},{"start":{"line":13,"column":67},"end":{"line":13,"column":85}}],"line":13},"4":{"loc":{"start":{"line":15,"column":7},"end":{"line":15,"column":51}},"type":"binary-expr","locations":[{"start":{"line":15,"column":7},"end":{"line":15,"column":15}},{"start":{"line":15,"column":20},"end":{"line":15,"column":50}}],"line":15},"5":{"loc":{"start":{"line":15,"column":20},"end":{"line":15,"column":50}},"type":"cond-expr","locations":[{"start":{"line":15,"column":29},"end":{"line":15,"column":37}},{"start":{"line":15,"column":40},"end":{"line":15,"column":50}}],"line":15}},"s":{"0":5},"f":{"0":5},"b":{"0":[4],"1":[1,4],"2":[5,4],"3":[1,3],"4":[5,4],"5":[1,3]},"_coverageSchema":"1a1c01bbd47fc00a2c39e90264f33305004495a9","hash":"d6572217080d5be54c4981a2960a89fd4b7c2123"}
,"/home/defon/movie-explorer/src/components/Loader.jsx": {"path":"/home/defon/movie-explorer/src/components/Loader.jsx","statementMap":{"0":{"start":{"line":6,"column":2},"end":{"line":11,"column":3}}},"fnMap":{"0":{"name":"Loader","decl":{"start":{"line":5,"column":24},"end":{"line":5,"column":30}},"loc":{"start":{"line":5,"column":57},"end":{"line":12,"column":1}},"line":5}},"branchMap":{"0":{"loc":{"start":{"line":5,"column":33},"end":{"line":5,"column":53}},"type":"default-arg","locations":[{"start":{"line":5,"column":43},"end":{"line":5,"column":53}}],"line":5}},"s":{"0":4},"f":{"0":4},"b":{"0":[3]},"_coverageSchema":"1a1c01bbd47fc00a2c39e90264f33305004495a9","hash":"f5c474f6719d2d0a020f20c9bb3fed0432554df4"}
,"/home/defon/movie-explorer/src/components/MovieCard.jsx": {"path":"/home/defon/movie-explorer/src/components/MovieCard.jsx","statementMap":{"0":{"start":{"line":13,"column":21},"end":{"line":13,"column":94}},"1":{"start":{"line":14,"column":15},"end":{"line":14,"column":55}},"2":{"start":{"line":16,"column":2},"end":{"line":42,"column":3}},"3":{"start":{"line":36,"column":27},"end":{"line":36,"column":50}}},"fnMap":{"0":{"name":"MovieCard","decl":{"start":{"line":12,"column":9},"end":{"line":12,"column":18}},"loc":{"start":{"line":12,"column":60},"end":{"line":43,"column":1}},"line":12},"1":{"name":"(anonymous_1)","decl":{"start":{"line":36,"column":21},"end":{"line":36,"column":22}},"loc":{"start":{"line":36,"column":27},"end":{"line":36,"column":50}},"line":36}},"branchMap":{"0":{"loc":{"start":{"line":13,"column":21},"end":{"line":13,"column":94}},"type":"cond-expr","locations":[{"start":{"line":13,"column":41},"end":{"line":13,"column":69}},{"start":{"line":13,"column":72},"end":{"line":13,"column":94}}],"line":13},"1":{"loc":{"start":{"line":14,"column":15},"end":{"line":14,"column":55}},"type":"binary-expr","locations":[{"start":{"line":14,"column":15},"end":{"line":14,"column":46}},{"start":{"line":14,"column":50},"end":{"line":14,"column":55}}],"line":14},"2":{"loc":{"start":{"line":33,"column":9},"end":{"line":39,"column":16}},"type":"cond-expr","locations":[{"start":{"line":34,"column":10},"end":{"line":38,"column":12}},{"start":{"line":39,"column":12},"end":{"line":39,"column":16}}],"line":33},"3":{"loc":{"start":{"line":37,"column":23},"end":{"line":37,"column":80}},"type":"cond-expr","locations":[{"start":{"line":37,"column":36},"end":{"line":37,"column":59}},{"start":{"line":37,"column":62},"end":{"line":37,"column":80}}],"line":37}},"s":{"0":2,"1":2,"2":2,"3":0},"f":{"0":2,"1":0},"b":{"0":[1,1],"1":[2,0],"2":[0,2],"3":[0,0]},"_coverageSchema":"1a1c01bbd47fc00a2c39e90264f33305004495a9","hash":"d7c7a7919653db0b88971f7ca947b9a5086a4561"}
,"/home/defon/movie-explorer/src/components/Navbar.jsx": {"path":"/home/defon/movie-explorer/src/components/Navbar.jsx","statementMap":{"0":{"start":{"line":12,"column":19},"end":{"line":12,"column":32}},"1":{"start":{"line":13,"column":28},"end":{"line":13,"column":38}},"2":{"start":{"line":14,"column":26},"end":{"line":14,"column":41}},"3":{"start":{"line":15,"column":34},"end":{"line":15,"column":49}},"4":{"start":{"line":16,"column":46},"end":{"line":16,"column":60}},"5":{"start":{"line":18,"column":2},"end":{"line":22,"column":8}},"6":{"start":{"line":19,"column":25},"end":{"line":19,"column":63}},"7":{"start":{"line":19,"column":31},"end":{"line":19,"column":63}},"8":{"start":{"line":20,"column":4},"end":{"line":20,"column":70}},"9":{"start":{"line":21,"column":4},"end":{"line":21,"column":67}},"10":{"start":{"line":21,"column":17},"end":{"line":21,"column":67}},"11":{"start":{"line":24,"column":2},"end":{"line":36,"column":8}},"12":{"start":{"line":25,"column":28},"end":{"line":28,"column":5}},"13":{"start":{"line":26,"column":6},"end":{"line":26,"column":24}},"14":{"start":{"line":27,"column":6},"end":{"line":27,"column":26}},"15":{"start":{"line":29,"column":27},"end":{"line":29,"column":56}},"16":{"start":{"line":29,"column":33},"end":{"line":29,"column":56}},"17":{"start":{"line":30,"column":4},"end":{"line":30,"column":67}},"18":{"start":{"line":31,"column":4},"end":{"line":31,"column":59}},"19":{"start":{"line":32,"column":4},"end":{"line":35,"column":5}},"20":{"start":{"line":33,"column":6},"end":{"line":33,"column":72}},"21":{"start":{"line":34,"column":6},"end":{"line":34,"column":64}},"22":{"start":{"line":39,"column":4},"end":{"line":39,"column":23}},"23":{"start":{"line":40,"column":4},"end":{"line":40,"column":18}},"24":{"start":{"line":43,"column":2},"end":{"line":193,"column":3}},"25":{"start":{"line":65,"column":67},"end":{"line":65,"column":118}},"26":{"start":{"line":72,"column":67},"end":{"line":72,"column":118}},"27":{"start":{"line":83,"column":16},"end":{"line":83,"column":24}},"28":{"start":{"line":84,"column":16},"end":{"line":84,"column":30}},"29":{"start":{"line":105,"column":18},"end":{"line":112,"column":19}},"30":{"start":{"line":106,"column":20},"end":{"line":106,"column":43}},"31":{"start":{"line":107,"column":40},"end":{"line":107,"column":71}},"32":{"start":{"line":108,"column":20},"end":{"line":108,"column":43}},"33":{"start":{"line":111,"column":20},"end":{"line":111,"column":43}},"34":{"start":{"line":123,"column":27},"end":{"line":123,"column":45}},"35":{"start":{"line":123,"column":42},"end":{"line":123,"column":44}},"36":{"start":{"line":141,"column":78},"end":{"line":141,"column":92}},"37":{"start":{"line":152,"column":65},"end":{"line":152,"column":112}},"38":{"start":{"line":152,"column":130},"end":{"line":152,"column":144}},"39":{"start":{"line":159,"column":65},"end":{"line":159,"column":112}},"40":{"start":{"line":159,"column":130},"end":{"line":159,"column":144}},"41":{"start":{"line":174,"column":31},"end":{"line":174,"column":39}}},"fnMap":{"0":{"name":"Navbar","decl":{"start":{"line":11,"column":24},"end":{"line":11,"column":30}},"loc":{"start":{"line":11,"column":33},"end":{"line":194,"column":1}},"line":11},"1":{"name":"(anonymous_1)","decl":{"start":{"line":18,"column":12},"end":{"line":18,"column":13}},"loc":{"start":{"line":18,"column":18},"end":{"line":22,"column":3}},"line":18},"2":{"name":"(anonymous_2)","decl":{"start":{"line":19,"column":25},"end":{"line":19,"column":26}},"loc":{"start":{"line":19,"column":31},"end":{"line":19,"column":63}},"line":19},"3":{"name":"(anonymous_3)","decl":{"start":{"line":21,"column":11},"end":{"line":21,"column":12}},"loc":{"start":{"line":21,"column":17},"end":{"line":21,"column":67}},"line":21},"4":{"name":"(anonymous_4)","decl":{"start":{"line":24,"column":12},"end":{"line":24,"column":13}},"loc":{"start":{"line":24,"column":18},"end":{"line":36,"column":3}},"line":24},"5":{"name":"(anonymous_5)","decl":{"start":{"line":25,"column":28},"end":{"line":25,"column":29}},"loc":{"start":{"line":25,"column":35},"end":{"line":28,"column":5}},"line":25},"6":{"name":"(anonymous_6)","decl":{"start":{"line":29,"column":27},"end":{"line":29,"column":28}},"loc":{"start":{"line":29,"column":33},"end":{"line":29,"column":56}},"line":29},"7":{"name":"(anonymous_7)","decl":{"start":{"line":32,"column":11},"end":{"line":32,"column":12}},"loc":{"start":{"line":32,"column":17},"end":{"line":35,"column":5}},"line":32},"8":{"name":"handleSearchClick","decl":{"start":{"line":38,"column":11},"end":{"line":38,"column":28}},"loc":{"start":{"line":38,"column":31},"end":{"line":41,"column":3}},"line":38},"9":{"name":"(anonymous_9)","decl":{"start":{"line":65,"column":48},"end":{"line":65,"column":49}},"loc":{"start":{"line":65,"column":67},"end":{"line":65,"column":118}},"line":65},"10":{"name":"(anonymous_10)","decl":{"start":{"line":72,"column":48},"end":{"line":72,"column":49}},"loc":{"start":{"line":72,"column":67},"end":{"line":72,"column":118}},"line":72},"11":{"name":"(anonymous_11)","decl":{"start":{"line":82,"column":23},"end":{"line":82,"column":24}},"loc":{"start":{"line":82,"column":29},"end":{"line":85,"column":15}},"line":82},"12":{"name":"(anonymous_12)","decl":{"start":{"line":104,"column":25},"end":{"line":104,"column":26}},"loc":{"start":{"line":104,"column":37},"end":{"line":113,"column":17}},"line":104},"13":{"name":"(anonymous_13)","decl":{"start":{"line":123,"column":21},"end":{"line":123,"column":22}},"loc":{"start":{"line":123,"column":27},"end":{"line":123,"column":45}},"line":123},"14":{"name":"(anonymous_14)","decl":{"start":{"line":123,"column":35},"end":{"line":123,"column":36}},"loc":{"start":{"line":123,"column":42},"end":{"line":123,"column":44}},"line":123},"15":{"name":"(anonymous_15)","decl":{"start":{"line":141,"column":72},"end":{"line":141,"column":73}},"loc":{"start":{"line":141,"column":78},"end":{"line":141,"column":92}},"line":141},"16":{"name":"(anonymous_16)","decl":{"start":{"line":152,"column":46},"end":{"line":152,"column":47}},"loc":{"start":{"line":152,"column":65},"end":{"line":152,"column":112}},"line":152},"17":{"name":"(anonymous_17)","decl":{"start":{"line":152,"column":124},"end":{"line":152,"column":125}},"loc":{"start":{"line":152,"column":130},"end":{"line":152,"column":144}},"line":152},"18":{"name":"(anonymous_18)","decl":{"start":{"line":159,"column":46},"end":{"line":159,"column":47}},"loc":{"start":{"line":159,"column":65},"end":{"line":159,"column":112}},"line":159},"19":{"name":"(anonymous_19)","decl":{"start":{"line":159,"column":124},"end":{"line":159,"column":125}},"loc":{"start":{"line":159,"column":130},"end":{"line":159,"column":144}},"line":159},"20":{"name":"(anonymous_20)","decl":{"start":{"line":174,"column":25},"end":{"line":174,"column":26}},"loc":{"start":{"line":174,"column":31},"end":{"line":174,"column":39}},"line":174}},"branchMap":{"0":{"loc":{"start":{"line":44,"column":38},"end":{"line":44,"column":64}},"type":"cond-expr","locations":[{"start":{"line":44,"column":49},"end":{"line":44,"column":59}},{"start":{"line":44,"column":62},"end":{"line":44,"column":64}}],"line":44},"1":{"loc":{"start":{"line":65,"column":67},"end":{"line":65,"column":118}},"type":"cond-expr","locations":[{"start":{"line":65,"column":78},"end":{"line":65,"column":105}},{"start":{"line":65,"column":108},"end":{"line":65,"column":118}}],"line":65},"2":{"loc":{"start":{"line":72,"column":67},"end":{"line":72,"column":118}},"type":"cond-expr","locations":[{"start":{"line":72,"column":78},"end":{"line":72,"column":105}},{"start":{"line":72,"column":108},"end":{"line":72,"column":118}}],"line":72},"3":{"loc":{"start":{"line":86,"column":26},"end":{"line":86,"column":91}},"type":"cond-expr","locations":[{"start":{"line":86,"column":45},"end":{"line":86,"column":67}},{"start":{"line":86,"column":70},"end":{"line":86,"column":91}}],"line":86},"4":{"loc":{"start":{"line":89,"column":15},"end":{"line":98,"column":15}},"type":"cond-expr","locations":[{"start":{"line":90,"column":16},"end":{"line":92,"column":22}},{"start":{"line":94,"column":16},"end":{"line":97,"column":22}}],"line":89},"5":{"loc":{"start":{"line":100,"column":13},"end":{"line":118,"column":20}},"type":"cond-expr","locations":[{"start":{"line":101,"column":14},"end":{"line":117,"column":23}},{"start":{"line":118,"column":16},"end":{"line":118,"column":20}}],"line":100},"6":{"loc":{"start":{"line":122,"column":36},"end":{"line":122,"column":57}},"type":"cond-expr","locations":[{"start":{"line":122,"column":43},"end":{"line":122,"column":52}},{"start":{"line":122,"column":55},"end":{"line":122,"column":57}}],"line":122},"7":{"loc":{"start":{"line":124,"column":24},"end":{"line":124,"column":57}},"type":"cond-expr","locations":[{"start":{"line":124,"column":31},"end":{"line":124,"column":43}},{"start":{"line":124,"column":46},"end":{"line":124,"column":57}}],"line":124},"8":{"loc":{"start":{"line":127,"column":13},"end":{"line":135,"column":13}},"type":"cond-expr","locations":[{"start":{"line":128,"column":14},"end":{"line":130,"column":20}},{"start":{"line":132,"column":14},"end":{"line":134,"column":20}}],"line":127},"9":{"loc":{"start":{"line":141,"column":41},"end":{"line":141,"column":59}},"type":"cond-expr","locations":[{"start":{"line":141,"column":48},"end":{"line":141,"column":54}},{"start":{"line":141,"column":57},"end":{"line":141,"column":59}}],"line":141},"10":{"loc":{"start":{"line":141,"column":107},"end":{"line":141,"column":130}},"type":"cond-expr","locations":[{"start":{"line":141,"column":114},"end":{"line":141,"column":121}},{"start":{"line":141,"column":124},"end":{"line":141,"column":130}}],"line":141},"11":{"loc":{"start":{"line":142,"column":41},"end":{"line":142,"column":59}},"type":"cond-expr","locations":[{"start":{"line":142,"column":48},"end":{"line":142,"column":54}},{"start":{"line":142,"column":57},"end":{"line":142,"column":59}}],"line":142},"12":{"loc":{"start":{"line":152,"column":65},"end":{"line":152,"column":112}},"type":"cond-expr","locations":[{"start":{"line":152,"column":76},"end":{"line":152,"column":96}},{"start":{"line":152,"column":99},"end":{"line":152,"column":112}}],"line":152},"13":{"loc":{"start":{"line":159,"column":65},"end":{"line":159,"column":112}},"type":"cond-expr","locations":[{"start":{"line":159,"column":76},"end":{"line":159,"column":96}},{"start":{"line":159,"column":99},"end":{"line":159,"column":112}}],"line":159},"14":{"loc":{"start":{"line":175,"column":28},"end":{"line":175,"column":93}},"type":"cond-expr","locations":[{"start":{"line":175,"column":47},"end":{"line":175,"column":69}},{"start":{"line":175,"column":72},"end":{"line":175,"column":93}}],"line":175},"15":{"loc":{"start":{"line":177,"column":17},"end":{"line":186,"column":17}},"type":"cond-expr","locations":[{"start":{"line":178,"column":18},"end":{"line":180,"column":24}},{"start":{"line":182,"column":18},"end":{"line":185,"column":24}}],"line":177}},"s":{"0":1,"1":1,"2":1,"3":1,"4":1,"5":1,"6":1,"7":0,"8":1,"9":1,"10":1,"11":1,"12":1,"13":0,"14":0,"15":1,"16":0,"17":1,"18":1,"19":1,"20":1,"21":1,"22":0,"23":0,"24":1,"25":1,"26":1,"27":0,"28":0,"29":0,"30":0,"31":0,"32":0,"33":0,"34":0,"35":0,"36":0,"37":1,"38":0,"39":1,"40":0,"41":0},"f":{"0":1,"1":1,"2":0,"3":1,"4":1,"5":0,"6":0,"7":1,"8":0,"9":1,"10":1,"11":0,"12":0,"13":0,"14":0,"15":0,"16":1,"17":0,"18":1,"19":0,"20":0},"b":{"0":[0,1],"1":[0,1],"2":[0,1],"3":[1,0],"4":[1,0],"5":[0,1],"6":[0,1],"7":[0,1],"8":[0,1],"9":[0,1],"10":[0,1],"11":[0,1],"12":[0,1],"13":[0,1],"14":[1,0],"15":[1,0]},"_coverageSchema":"1a1c01bbd47fc00a2c39e90264f33305004495a9","hash":"09f3aadd4e70ccb70ee0cc3d95aadd365cb33596"}
,"/home/defon/movie-explorer/src/components/SkeletonCard.jsx": {"path":"/home/defon/movie-explorer/src/components/SkeletonCard.jsx","statementMap":{"0":{"start":{"line":6,"column":2},"end":{"line":14,"column":3}}},"fnMap":{"0":{"name":"SkeletonCard","decl":{"start":{"line":5,"column":24},"end":{"line":5,"column":36}},"loc":{"start":{"line":5,"column":39},"end":{"line":15,"column":1}},"line":5}},"branchMap":{},"s":{"0":40},"f":{"0":40},"b":{},"_coverageSchema":"1a1c01bbd47fc00a2c39e90264f33305004495a9","hash":"bebf847c1d3c17c4657b099566b922a721b48cc5"}
,"/home/defon/movie-explorer/src/context/ThemeContext.jsx": {"path":"/home/defon/movie-explorer/src/context/ThemeContext.jsx","statementMap":{"0":{"start":{"line":8,"column":21},"end":{"line":8,"column":40}},"1":{"start":{"line":9,"column":20},"end":{"line":9,"column":42}},"2":{"start":{"line":12,"column":28},"end":{"line":23,"column":4}},"3":{"start":{"line":13,"column":4},"end":{"line":22,"column":5}},"4":{"start":{"line":14,"column":21},"end":{"line":14,"column":61}},"5":{"start":{"line":15,"column":6},"end":{"line":15,"column":64}},"6":{"start":{"line":15,"column":51},"end":{"line":15,"column":64}},"7":{"start":{"line":16,"column":6},"end":{"line":18,"column":7}},"8":{"start":{"line":17,"column":8},"end":{"line":17,"column":21}},"9":{"start":{"line":19,"column":6},"end":{"line":19,"column":19}},"10":{"start":{"line":21,"column":6},"end":{"line":21,"column":19}},"11":{"start":{"line":25,"column":2},"end":{"line":34,"column":13}},"12":{"start":{"line":26,"column":4},"end":{"line":28,"column":14}},"13":{"start":{"line":27,"column":6},"end":{"line":27,"column":53}},"14":{"start":{"line":29,"column":4},"end":{"line":33,"column":5}},"15":{"start":{"line":30,"column":6},"end":{"line":30,"column":58}},"16":{"start":{"line":32,"column":6},"end":{"line":32,"column":61}},"17":{"start":{"line":36,"column":17},"end":{"line":36,"column":73}},"18":{"start":{"line":36,"column":23},"end":{"line":36,"column":73}},"19":{"start":{"line":36,"column":40},"end":{"line":36,"column":71}},"20":{"start":{"line":38,"column":2},"end":{"line":38,"column":102}},"21":{"start":{"line":42,"column":14},"end":{"line":42,"column":38}},"22":{"start":{"line":43,"column":2},"end":{"line":43,"column":73}},"23":{"start":{"line":43,"column":12},"end":{"line":43,"column":73}},"24":{"start":{"line":44,"column":2},"end":{"line":44,"column":12}}},"fnMap":{"0":{"name":"ThemeProvider","decl":{"start":{"line":11,"column":16},"end":{"line":11,"column":29}},"loc":{"start":{"line":11,"column":44},"end":{"line":39,"column":1}},"line":11},"1":{"name":"(anonymous_1)","decl":{"start":{"line":12,"column":37},"end":{"line":12,"column":38}},"loc":{"start":{"line":12,"column":43},"end":{"line":23,"column":3}},"line":12},"2":{"name":"(anonymous_2)","decl":{"start":{"line":25,"column":12},"end":{"line":25,"column":13}},"loc":{"start":{"line":25,"column":18},"end":{"line":34,"column":3}},"line":25},"3":{"name":"(anonymous_3)","decl":{"start":{"line":36,"column":17},"end":{"line":36,"column":18}},"loc":{"start":{"line":36,"column":23},"end":{"line":36,"column":73}},"line":36},"4":{"name":"(anonymous_4)","decl":{"start":{"line":36,"column":32},"end":{"line":36,"column":33}},"loc":{"start":{"line":36,"column":40},"end":{"line":36,"column":71}},"line":36},"5":{"name":"useTheme","decl":{"start":{"line":41,"column":16},"end":{"line":41,"column":24}},"loc":{"start":{"line":41,"column":27},"end":{"line":45,"column":1}},"line":41}},"branchMap":{"0":{"loc":{"start":{"line":15,"column":6},"end":{"line":15,"column":64}},"type":"if","locations":[{"start":{"line":15,"column":6},"end":{"line":15,"column":64}},{"start":{},"end":{}}],"line":15},"1":{"loc":{"start":{"line":15,"column":10},"end":{"line":15,"column":49}},"type":"binary-expr","locations":[{"start":{"line":15,"column":10},"end":{"line":15,"column":27}},{"start":{"line":15,"column":31},"end":{"line":15,"column":49}}],"line":15},"2":{"loc":{"start":{"line":16,"column":6},"end":{"line":18,"column":7}},"type":"if","locations":[{"start":{"line":16,"column":6},"end":{"line":18,"column":7}},{"start":{},"end":{}}],"line":16},"3":{"loc":{"start":{"line":16,"column":10},"end":{"line":16,"column":88}},"type":"binary-expr","locations":[{"start":{"line":16,"column":10},"end":{"line":16,"column":27}},{"start":{"line":16,"column":31},"end":{"line":16,"column":88}}],"line":16},"4":{"loc":{"start":{"line":29,"column":4},"end":{"line":33,"column":5}},"type":"if","locations":[{"start":{"line":29,"column":4},"end":{"line":33,"column":5}},{"start":{"line":31,"column":11},"end":{"line":33,"column":5}}],"line":29},"5":{"loc":{"start":{"line":36,"column":40},"end":{"line":36,"column":71}},"type":"cond-expr","locations":[{"start":{"line":36,"column":55},"end":{"line":36,"column":62}},{"start":{"line":36,"column":65},"end":{"line":36,"column":71}}],"line":36},"6":{"loc":{"start":{"line":43,"column":2},"end":{"line":43,"column":73}},"type":"if","locations":[{"start":{"line":43,"column":2},"end":{"line":43,"column":73}},{"start":{},"end":{}}],"line":43}},"s":{"0":3,"1":3,"2":11,"3":8,"4":8,"5":7,"6":1,"7":6,"8":3,"9":3,"10":1,"11":11,"12":11,"13":11,"14":11,"15":8,"16":3,"17":11,"18":3,"19":3,"20":11,"21":13,"22":12,"23":2,"24":10},"f":{"0":11,"1":8,"2":11,"3":3,"4":3,"5":13},"b":{"0":[1,6],"1":[7,7],"2":[3,3],"3":[6,3],"4":[8,3],"5":[2,1],"6":[2,10]},"_coverageSchema":"1a1c01bbd47fc00a2c39e90264f33305004495a9","hash":"eab77eb7ea98e5fcd5568c9badbde164020771aa"}
,"/home/defon/movie-explorer/src/hooks/useDebounce.js": {"path":"/home/defon/movie-explorer/src/hooks/useDebounce.js","statementMap":{"0":{"start":{"line":9,"column":46},"end":{"line":9,"column":61}},"1":{"start":{"line":11,"column":2},"end":{"line":17,"column":20}},"2":{"start":{"line":12,"column":20},"end":{"line":14,"column":13}},"3":{"start":{"line":13,"column":6},"end":{"line":13,"column":30}},"4":{"start":{"line":16,"column":4},"end":{"line":16,"column":45}},"5":{"start":{"line":16,"column":17},"end":{"line":16,"column":45}},"6":{"start":{"line":19,"column":2},"end":{"line":19,"column":23}}},"fnMap":{"0":{"name":"useDebounce","decl":{"start":{"line":8,"column":24},"end":{"line":8,"column":35}},"loc":{"start":{"line":8,"column":56},"end":{"line":20,"column":1}},"line":8},"1":{"name":"(anonymous_1)","decl":{"start":{"line":11,"column":12},"end":{"line":11,"column":13}},"loc":{"start":{"line":11,"column":18},"end":{"line":17,"column":3}},"line":11},"2":{"name":"(anonymous_2)","decl":{"start":{"line":12,"column":38},"end":{"line":12,"column":39}},"loc":{"start":{"line":12,"column":44},"end":{"line":14,"column":5}},"line":12},"3":{"name":"(anonymous_3)","decl":{"start":{"line":16,"column":11},"end":{"line":16,"column":12}},"loc":{"start":{"line":16,"column":17},"end":{"line":16,"column":45}},"line":16}},"branchMap":{"0":{"loc":{"start":{"line":8,"column":43},"end":{"line":8,"column":54}},"type":"default-arg","locations":[{"start":{"line":8,"column":51},"end":{"line":8,"column":54}}],"line":8}},"s":{"0":4,"1":4,"2":3,"3":1,"4":3,"5":3,"6":4},"f":{"0":4,"1":3,"2":1,"3":3},"b":{"0":[0]},"_coverageSchema":"1a1c01bbd47fc00a2c39e90264f33305004495a9","hash":"3ca2be4d76dc29c44a48642f1dd67281fd9c9826"}
,"/home/defon/movie-explorer/src/pages/HomePage.jsx": {"path":"/home/defon/movie-explorer/src/pages/HomePage.jsx","statementMap":{"0":{"start":{"line":21,"column":22},"end":{"line":26,"column":1}},"1":{"start":{"line":29,"column":34},"end":{"line":29,"column":41}},"2":{"start":{"line":30,"column":22},"end":{"line":30,"column":34}},"3":{"start":{"line":39,"column":6},"end":{"line":45,"column":4}},"4":{"start":{"line":41,"column":36},"end":{"line":41,"column":54}},"5":{"start":{"line":43,"column":6},"end":{"line":43,"column":76}},"6":{"start":{"line":47,"column":2},"end":{"line":56,"column":60}},"7":{"start":{"line":48,"column":4},"end":{"line":48,"column":36}},"8":{"start":{"line":48,"column":30},"end":{"line":48,"column":36}},"9":{"start":{"line":49,"column":16},"end":{"line":53,"column":31}},"10":{"start":{"line":50,"column":6},"end":{"line":52,"column":7}},"11":{"start":{"line":51,"column":8},"end":{"line":51,"column":23}},"12":{"start":{"line":54,"column":4},"end":{"line":54,"column":36}},"13":{"start":{"line":55,"column":4},"end":{"line":55,"column":33}},"14":{"start":{"line":55,"column":17},"end":{"line":55,"column":33}},"15":{"start":{"line":58,"column":2},"end":{"line":71,"column":3}},"16":{"start":{"line":59,"column":4},"end":{"line":70,"column":5}},"17":{"start":{"line":66,"column":12},"end":{"line":66,"column":36}},"18":{"start":{"line":73,"column":2},"end":{"line":82,"column":3}},"19":{"start":{"line":74,"column":4},"end":{"line":81,"column":5}},"20":{"start":{"line":84,"column":16},"end":{"line":84,"column":33}},"21":{"start":{"line":85,"column":15},"end":{"line":85,"column":52}},"22":{"start":{"line":85,"column":36},"end":{"line":85,"column":51}},"23":{"start":{"line":88,"column":2},"end":{"line":90,"column":3}},"24":{"start":{"line":89,"column":4},"end":{"line":89,"column":85}},"25":{"start":{"line":89,"column":34},"end":{"line":89,"column":84}},"26":{"start":{"line":91,"column":2},"end":{"line":93,"column":3}},"27":{"start":{"line":92,"column":4},"end":{"line":92,"column":83}},"28":{"start":{"line":92,"column":34},"end":{"line":92,"column":82}},"29":{"start":{"line":94,"column":2},"end":{"line":98,"column":3}},"30":{"start":{"line":95,"column":4},"end":{"line":95,"column":81}},"31":{"start":{"line":95,"column":35},"end":{"line":95,"column":80}},"32":{"start":{"line":96,"column":9},"end":{"line":98,"column":3}},"33":{"start":{"line":97,"column":4},"end":{"line":97,"column":94}},"34":{"start":{"line":97,"column":35},"end":{"line":97,"column":93}},"35":{"start":{"line":100,"column":2},"end":{"line":116,"column":3}},"36":{"start":{"line":110,"column":12},"end":{"line":110,"column":66}},"37":{"start":{"line":120,"column":22},"end":{"line":120,"column":34}},"38":{"start":{"line":129,"column":6},"end":{"line":133,"column":4}},"39":{"start":{"line":131,"column":36},"end":{"line":131,"column":73}},"40":{"start":{"line":132,"column":33},"end":{"line":132,"column":96}},"41":{"start":{"line":135,"column":2},"end":{"line":144,"column":60}},"42":{"start":{"line":136,"column":4},"end":{"line":136,"column":36}},"43":{"start":{"line":136,"column":30},"end":{"line":136,"column":36}},"44":{"start":{"line":137,"column":16},"end":{"line":141,"column":31}},"45":{"start":{"line":138,"column":6},"end":{"line":140,"column":7}},"46":{"start":{"line":139,"column":8},"end":{"line":139,"column":23}},"47":{"start":{"line":142,"column":4},"end":{"line":142,"column":36}},"48":{"start":{"line":143,"column":4},"end":{"line":143,"column":33}},"49":{"start":{"line":143,"column":17},"end":{"line":143,"column":33}},"50":{"start":{"line":146,"column":2},"end":{"line":159,"column":3}},"51":{"start":{"line":147,"column":4},"end":{"line":158,"column":5}},"52":{"start":{"line":154,"column":12},"end":{"line":154,"column":36}},"53":{"start":{"line":161,"column":2},"end":{"line":170,"column":3}},"54":{"start":{"line":162,"column":4},"end":{"line":169,"column":5}},"55":{"start":{"line":172,"column":16},"end":{"line":172,"column":33}},"56":{"start":{"line":173,"column":17},"end":{"line":173,"column":54}},"57":{"start":{"line":173,"column":38},"end":{"line":173,"column":53}},"58":{"start":{"line":175,"column":2},"end":{"line":191,"column":3}},"59":{"start":{"line":185,"column":12},"end":{"line":185,"column":68}},"60":{"start":{"line":195,"column":32},"end":{"line":195,"column":90}},"61":{"start":{"line":196,"column":27},"end":{"line":196,"column":52}},"62":{"start":{"line":198,"column":2},"end":{"line":252,"column":3}},"63":{"start":{"line":208,"column":31},"end":{"line":208,"column":84}},"64":{"start":{"line":208,"column":50},"end":{"line":208,"column":82}},"65":{"start":{"line":225,"column":26},"end":{"line":225,"column":77}},"66":{"start":{"line":226,"column":32},"end":{"line":226,"column":76}},"67":{"start":{"line":227,"column":16},"end":{"line":227,"column":65}},"68":{"start":{"line":227,"column":35},"end":{"line":227,"column":63}},"69":{"start":{"line":239,"column":28},"end":{"line":239,"column":77}},"70":{"start":{"line":240,"column":16},"end":{"line":240,"column":56}},"71":{"start":{"line":240,"column":35},"end":{"line":240,"column":54}},"72":{"start":{"line":249,"column":8},"end":{"line":249,"column":78}}},"fnMap":{"0":{"name":"MovieSection","decl":{"start":{"line":28,"column":9},"end":{"line":28,"column":21}},"loc":{"start":{"line":28,"column":44},"end":{"line":117,"column":1}},"line":28},"1":{"name":"(anonymous_1)","decl":{"start":{"line":41,"column":13},"end":{"line":41,"column":14}},"loc":{"start":{"line":41,"column":36},"end":{"line":41,"column":54}},"line":41},"2":{"name":"(anonymous_2)","decl":{"start":{"line":42,"column":22},"end":{"line":42,"column":23}},"loc":{"start":{"line":42,"column":32},"end":{"line":44,"column":5}},"line":42},"3":{"name":"(anonymous_3)","decl":{"start":{"line":47,"column":12},"end":{"line":47,"column":13}},"loc":{"start":{"line":47,"column":18},"end":{"line":56,"column":3}},"line":47},"4":{"name":"(anonymous_4)","decl":{"start":{"line":49,"column":41},"end":{"line":49,"column":42}},"loc":{"start":{"line":49,"column":54},"end":{"line":53,"column":5}},"line":49},"5":{"name":"(anonymous_5)","decl":{"start":{"line":55,"column":11},"end":{"line":55,"column":12}},"loc":{"start":{"line":55,"column":17},"end":{"line":55,"column":33}},"line":55},"6":{"name":"(anonymous_6)","decl":{"start":{"line":65,"column":41},"end":{"line":65,"column":42}},"loc":{"start":{"line":66,"column":12},"end":{"line":66,"column":36}},"line":66},"7":{"name":"(anonymous_7)","decl":{"start":{"line":85,"column":29},"end":{"line":85,"column":30}},"loc":{"start":{"line":85,"column":36},"end":{"line":85,"column":51}},"line":85},"8":{"name":"(anonymous_8)","decl":{"start":{"line":89,"column":27},"end":{"line":89,"column":28}},"loc":{"start":{"line":89,"column":34},"end":{"line":89,"column":84}},"line":89},"9":{"name":"(anonymous_9)","decl":{"start":{"line":92,"column":27},"end":{"line":92,"column":28}},"loc":{"start":{"line":92,"column":34},"end":{"line":92,"column":82}},"line":92},"10":{"name":"(anonymous_10)","decl":{"start":{"line":95,"column":25},"end":{"line":95,"column":26}},"loc":{"start":{"line":95,"column":35},"end":{"line":95,"column":80}},"line":95},"11":{"name":"(anonymous_11)","decl":{"start":{"line":97,"column":25},"end":{"line":97,"column":26}},"loc":{"start":{"line":97,"column":35},"end":{"line":97,"column":93}},"line":97},"12":{"name":"(anonymous_12)","decl":{"start":{"line":109,"column":22},"end":{"line":109,"column":23}},"loc":{"start":{"line":110,"column":12},"end":{"line":110,"column":66}},"line":110},"13":{"name":"DiscoverSection","decl":{"start":{"line":119,"column":9},"end":{"line":119,"column":24}},"loc":{"start":{"line":119,"column":38},"end":{"line":192,"column":1}},"line":119},"14":{"name":"(anonymous_14)","decl":{"start":{"line":131,"column":13},"end":{"line":131,"column":14}},"loc":{"start":{"line":131,"column":36},"end":{"line":131,"column":73}},"line":131},"15":{"name":"(anonymous_15)","decl":{"start":{"line":132,"column":22},"end":{"line":132,"column":23}},"loc":{"start":{"line":132,"column":33},"end":{"line":132,"column":96}},"line":132},"16":{"name":"(anonymous_16)","decl":{"start":{"line":135,"column":12},"end":{"line":135,"column":13}},"loc":{"start":{"line":135,"column":18},"end":{"line":144,"column":3}},"line":135},"17":{"name":"(anonymous_17)","decl":{"start":{"line":137,"column":41},"end":{"line":137,"column":42}},"loc":{"start":{"line":137,"column":54},"end":{"line":141,"column":5}},"line":137},"18":{"name":"(anonymous_18)","decl":{"start":{"line":143,"column":11},"end":{"line":143,"column":12}},"loc":{"start":{"line":143,"column":17},"end":{"line":143,"column":33}},"line":143},"19":{"name":"(anonymous_19)","decl":{"start":{"line":153,"column":41},"end":{"line":153,"column":42}},"loc":{"start":{"line":154,"column":12},"end":{"line":154,"column":36}},"line":154},"20":{"name":"(anonymous_20)","decl":{"start":{"line":173,"column":31},"end":{"line":173,"column":32}},"loc":{"start":{"line":173,"column":38},"end":{"line":173,"column":53}},"line":173},"21":{"name":"(anonymous_21)","decl":{"start":{"line":184,"column":22},"end":{"line":184,"column":23}},"loc":{"start":{"line":185,"column":12},"end":{"line":185,"column":68}},"line":185},"22":{"name":"HomePage","decl":{"start":{"line":194,"column":24},"end":{"line":194,"column":32}},"loc":{"start":{"line":194,"column":35},"end":{"line":253,"column":1}},"line":194},"23":{"name":"(anonymous_23)","decl":{"start":{"line":208,"column":24},"end":{"line":208,"column":25}},"loc":{"start":{"line":208,"column":31},"end":{"line":208,"column":84}},"line":208},"24":{"name":"(anonymous_24)","decl":{"start":{"line":208,"column":42},"end":{"line":208,"column":43}},"loc":{"start":{"line":208,"column":50},"end":{"line":208,"column":82}},"line":208},"25":{"name":"(anonymous_25)","decl":{"start":{"line":224,"column":24},"end":{"line":224,"column":25}},"loc":{"start":{"line":224,"column":31},"end":{"line":228,"column":15}},"line":224},"26":{"name":"(anonymous_26)","decl":{"start":{"line":227,"column":27},"end":{"line":227,"column":28}},"loc":{"start":{"line":227,"column":35},"end":{"line":227,"column":63}},"line":227},"27":{"name":"(anonymous_27)","decl":{"start":{"line":238,"column":24},"end":{"line":238,"column":25}},"loc":{"start":{"line":238,"column":31},"end":{"line":241,"column":15}},"line":238},"28":{"name":"(anonymous_28)","decl":{"start":{"line":240,"column":27},"end":{"line":240,"column":28}},"loc":{"start":{"line":240,"column":35},"end":{"line":240,"column":54}},"line":240},"29":{"name":"(anonymous_29)","decl":{"start":{"line":248,"column":25},"end":{"line":248,"column":26}},"loc":{"start":{"line":249,"column":8},"end":{"line":249,"column":78}},"line":249}},"branchMap":{"0":{"loc":{"start":{"line":41,"column":16},"end":{"line":41,"column":29}},"type":"default-arg","locations":[{"start":{"line":41,"column":28},"end":{"line":41,"column":29}}],"line":41},"1":{"loc":{"start":{"line":43,"column":13},"end":{"line":43,"column":76}},"type":"cond-expr","locations":[{"start":{"line":43,"column":51},"end":{"line":43,"column":64}},{"start":{"line":43,"column":67},"end":{"line":43,"column":76}}],"line":43},"2":{"loc":{"start":{"line":43,"column":26},"end":{"line":43,"column":47}},"type":"binary-expr","locations":[{"start":{"line":43,"column":26},"end":{"line":43,"column":42}},{"start":{"line":43,"column":46},"end":{"line":43,"column":47}}],"line":43},"3":{"loc":{"start":{"line":48,"column":4},"end":{"line":48,"column":36}},"type":"if","locations":[{"start":{"line":48,"column":4},"end":{"line":48,"column":36}},{"start":{},"end":{}}],"line":48},"4":{"loc":{"start":{"line":50,"column":6},"end":{"line":52,"column":7}},"type":"if","locations":[{"start":{"line":50,"column":6},"end":{"line":52,"column":7}},{"start":{},"end":{}}],"line":50},"5":{"loc":{"start":{"line":50,"column":10},"end":{"line":50,"column":73}},"type":"binary-expr","locations":[{"start":{"line":50,"column":10},"end":{"line":50,"column":35}},{"start":{"line":50,"column":39},"end":{"line":50,"column":50}},{"start":{"line":50,"column":54},"end":{"line":50,"column":73}}],"line":50},"6":{"loc":{"start":{"line":58,"column":2},"end":{"line":71,"column":3}},"type":"if","locations":[{"start":{"line":58,"column":2},"end":{"line":71,"column":3}},{"start":{},"end":{}}],"line":58},"7":{"loc":{"start":{"line":73,"column":2},"end":{"line":82,"column":3}},"type":"if","locations":[{"start":{"line":73,"column":2},"end":{"line":82,"column":3}},{"start":{},"end":{}}],"line":73},"8":{"loc":{"start":{"line":84,"column":16},"end":{"line":84,"column":33}},"type":"binary-expr","locations":[{"start":{"line":84,"column":16},"end":{"line":84,"column":27}},{"start":{"line":84,"column":31},"end":{"line":84,"column":33}}],"line":84},"9":{"loc":{"start":{"line":85,"column":36},"end":{"line":85,"column":51}},"type":"binary-expr","locations":[{"start":{"line":85,"column":36},"end":{"line":85,"column":45}},{"start":{"line":85,"column":49},"end":{"line":85,"column":51}}],"line":85},"10":{"loc":{"start":{"line":88,"column":2},"end":{"line":90,"column":3}},"type":"if","locations":[{"start":{"line":88,"column":2},"end":{"line":90,"column":3}},{"start":{},"end":{}}],"line":88},"11":{"loc":{"start":{"line":89,"column":35},"end":{"line":89,"column":54}},"type":"binary-expr","locations":[{"start":{"line":89,"column":35},"end":{"line":89,"column":49}},{"start":{"line":89,"column":53},"end":{"line":89,"column":54}}],"line":89},"12":{"loc":{"start":{"line":91,"column":2},"end":{"line":93,"column":3}},"type":"if","locations":[{"start":{"line":91,"column":2},"end":{"line":93,"column":3}},{"start":{},"end":{}}],"line":91},"13":{"loc":{"start":{"line":94,"column":2},"end":{"line":98,"column":3}},"type":"if","locations":[{"start":{"line":94,"column":2},"end":{"line":98,"column":3}},{"start":{"line":96,"column":9},"end":{"line":98,"column":3}}],"line":94},"14":{"loc":{"start":{"line":95,"column":36},"end":{"line":95,"column":55}},"type":"binary-expr","locations":[{"start":{"line":95,"column":36},"end":{"line":95,"column":50}},{"start":{"line":95,"column":54},"end":{"line":95,"column":55}}],"line":95},"15":{"loc":{"start":{"line":95,"column":60},"end":{"line":95,"column":79}},"type":"binary-expr","locations":[{"start":{"line":95,"column":60},"end":{"line":95,"column":74}},{"start":{"line":95,"column":78},"end":{"line":95,"column":79}}],"line":95},"16":{"loc":{"start":{"line":96,"column":9},"end":{"line":98,"column":3}},"type":"if","locations":[{"start":{"line":96,"column":9},"end":{"line":98,"column":3}},{"start":{},"end":{}}],"line":96},"17":{"loc":{"start":{"line":97,"column":36},"end":{"line":97,"column":56}},"type":"binary-expr","locations":[{"start":{"line":97,"column":36},"end":{"line":97,"column":50}},{"start":{"line":97,"column":54},"end":{"line":97,"column":56}}],"line":97},"18":{"loc":{"start":{"line":97,"column":72},"end":{"line":97,"column":92}},"type":"binary-expr","locations":[{"start":{"line":97,"column":72},"end":{"line":97,"column":86}},{"start":{"line":97,"column":90},"end":{"line":97,"column":92}}],"line":97},"19":{"loc":{"start":{"line":105,"column":7},"end":{"line":113,"column":7}},"type":"cond-expr","locations":[{"start":{"line":106,"column":8},"end":{"line":106,"column":60}},{"start":{"line":108,"column":8},"end":{"line":112,"column":14}}],"line":105},"20":{"loc":{"start":{"line":131,"column":16},"end":{"line":131,"column":29}},"type":"default-arg","locations":[{"start":{"line":131,"column":28},"end":{"line":131,"column":29}}],"line":131},"21":{"loc":{"start":{"line":132,"column":33},"end":{"line":132,"column":96}},"type":"cond-expr","locations":[{"start":{"line":132,"column":71},"end":{"line":132,"column":84}},{"start":{"line":132,"column":87},"end":{"line":132,"column":96}}],"line":132},"22":{"loc":{"start":{"line":132,"column":46},"end":{"line":132,"column":67}},"type":"binary-expr","locations":[{"start":{"line":132,"column":46},"end":{"line":132,"column":62}},{"start":{"line":132,"column":66},"end":{"line":132,"column":67}}],"line":132},"23":{"loc":{"start":{"line":136,"column":4},"end":{"line":136,"column":36}},"type":"if","locations":[{"start":{"line":136,"column":4},"end":{"line":136,"column":36}},{"start":{},"end":{}}],"line":136},"24":{"loc":{"start":{"line":138,"column":6},"end":{"line":140,"column":7}},"type":"if","locations":[{"start":{"line":138,"column":6},"end":{"line":140,"column":7}},{"start":{},"end":{}}],"line":138},"25":{"loc":{"start":{"line":138,"column":10},"end":{"line":138,"column":73}},"type":"binary-expr","locations":[{"start":{"line":138,"column":10},"end":{"line":138,"column":35}},{"start":{"line":138,"column":39},"end":{"line":138,"column":50}},{"start":{"line":138,"column":54},"end":{"line":138,"column":73}}],"line":138},"26":{"loc":{"start":{"line":146,"column":2},"end":{"line":159,"column":3}},"type":"if","locations":[{"start":{"line":146,"column":2},"end":{"line":159,"column":3}},{"start":{},"end":{}}],"line":146},"27":{"loc":{"start":{"line":161,"column":2},"end":{"line":170,"column":3}},"type":"if","locations":[{"start":{"line":161,"column":2},"end":{"line":170,"column":3}},{"start":{},"end":{}}],"line":161},"28":{"loc":{"start":{"line":172,"column":16},"end":{"line":172,"column":33}},"type":"binary-expr","locations":[{"start":{"line":172,"column":16},"end":{"line":172,"column":27}},{"start":{"line":172,"column":31},"end":{"line":172,"column":33}}],"line":172},"29":{"loc":{"start":{"line":173,"column":38},"end":{"line":173,"column":53}},"type":"binary-expr","locations":[{"start":{"line":173,"column":38},"end":{"line":173,"column":47}},{"start":{"line":173,"column":51},"end":{"line":173,"column":53}}],"line":173},"30":{"loc":{"start":{"line":180,"column":7},"end":{"line":188,"column":7}},"type":"cond-expr","locations":[{"start":{"line":181,"column":8},"end":{"line":181,"column":68}},{"start":{"line":183,"column":8},"end":{"line":187,"column":14}}],"line":180},"31":{"loc":{"start":{"line":225,"column":26},"end":{"line":225,"column":77}},"type":"cond-expr","locations":[{"start":{"line":225,"column":50},"end":{"line":225,"column":52}},{"start":{"line":225,"column":55},"end":{"line":225,"column":77}}],"line":225},"32":{"loc":{"start":{"line":226,"column":32},"end":{"line":226,"column":76}},"type":"cond-expr","locations":[{"start":{"line":226,"column":43},"end":{"line":226,"column":45}},{"start":{"line":226,"column":48},"end":{"line":226,"column":76}}],"line":226}},"s":{"0":1,"1":8,"2":8,"3":8,"4":4,"5":12,"6":8,"7":4,"8":4,"9":0,"10":0,"11":0,"12":0,"13":0,"14":0,"15":8,"16":4,"17":32,"18":4,"19":0,"20":4,"21":4,"22":4,"23":4,"24":0,"25":0,"26":4,"27":0,"28":0,"29":4,"30":0,"31":0,"32":4,"33":0,"34":0,"35":4,"36":0,"37":2,"38":2,"39":1,"40":3,"41":2,"42":1,"43":1,"44":0,"45":0,"46":0,"47":0,"48":0,"49":0,"50":2,"51":1,"52":8,"53":1,"54":0,"55":1,"56":1,"57":1,"58":1,"59":0,"60":1,"61":1,"62":1,"63":0,"64":0,"65":0,"66":0,"67":0,"68":0,"69":0,"70":0,"71":0,"72":4},"f":{"0":8,"1":4,"2":12,"3":4,"4":0,"5":0,"6":32,"7":4,"8":0,"9":0,"10":0,"11":0,"12":0,"13":2,"14":1,"15":3,"16":1,"17":0,"18":0,"19":8,"20":1,"21":0,"22":1,"23":0,"24":0,"25":0,"26":0,"27":0,"28":0,"29":4},"b":{"0":[4],"1":[0,12],"2":[12,0],"3":[4,0],"4":[0,0],"5":[0,0,0],"6":[4,4],"7":[0,4],"8":[4,0],"9":[4,0],"10":[0,4],"11":[0,0],"12":[0,4],"13":[0,4],"14":[0,0],"15":[0,0],"16":[0,4],"17":[0,0],"18":[0,0],"19":[4,0],"20":[1],"21":[0,3],"22":[3,0],"23":[1,0],"24":[0,0],"25":[0,0,0],"26":[1,1],"27":[0,1],"28":[1,0],"29":[1,0],"30":[1,0],"31":[0,0],"32":[0,0]},"_coverageSchema":"1a1c01bbd47fc00a2c39e90264f33305004495a9","hash":"1232d0bbf4608b0f824b681aae8f759c0dd3afa1"}
,"/home/defon/movie-explorer/src/utils/formatRating.js": {"path":"/home/defon/movie-explorer/src/utils/formatRating.js","statementMap":{"0":{"start":{"line":6,"column":2},"end":{"line":8,"column":3}},"1":{"start":{"line":7,"column":4},"end":{"line":7,"column":14}},"2":{"start":{"line":10,"column":2},"end":{"line":10,"column":39}}},"fnMap":{"0":{"name":"formatRating","decl":{"start":{"line":5,"column":24},"end":{"line":5,"column":36}},"loc":{"start":{"line":5,"column":50},"end":{"line":11,"column":1}},"line":5}},"branchMap":{"0":{"loc":{"start":{"line":6,"column":2},"end":{"line":8,"column":3}},"type":"if","locations":[{"start":{"line":6,"column":2},"end":{"line":8,"column":3}},{"start":{},"end":{}}],"line":6}},"s":{"0":7,"1":2,"2":5},"f":{"0":7},"b":{"0":[2,5]},"_coverageSchema":"1a1c01bbd47fc00a2c39e90264f33305004495a9","hash":"99ab8b0f09350aef3f4bc63e25da8da386efa72b"}
}
