TN:
SF:src/components/ErrorMessage.jsx
FN:1,ErrorMessage
FNF:1
FNH:1
FNDA:4,ErrorMessage
DA:2,4
LF:1
LH:1
BRDA:1,0,0,0
BRDA:5,1,0,0
BRDA:5,1,1,4
BRDA:6,2,0,0
BRDA:6,2,1,4
BRF:5
BRH:2
end_of_record
TN:
SF:src/components/FavoriteButton.jsx
FN:1,FavoriteButton
FNF:1
FNH:0
FNDA:0,FavoriteButton
DA:2,0
LF:1
LH:0
BRDA:1,0,0,0
BRDA:5,1,0,0
BRDA:5,1,1,0
BRDA:8,2,0,0
BRDA:8,2,1,0
BRDA:8,3,0,0
BRDA:8,3,1,0
BRDA:10,4,0,0
BRDA:10,4,1,0
BRDA:10,5,0,0
BRDA:10,5,1,0
BRF:11
BRH:0
end_of_record
TN:
SF:src/components/Loader.jsx
FN:1,Loader
FNF:1
FNH:0
FNDA:0,Loader
DA:2,0
LF:1
LH:0
BRDA:1,0,0,0
BRF:1
BRH:0
end_of_record
TN:
SF:src/components/MovieCard.jsx
FN:7,MovieCard
FN:31,(anonymous_1)
FNF:2
FNH:1
FNDA:2,MovieCard
FNDA:0,(anonymous_1)
DA:8,2
DA:9,2
DA:11,2
DA:31,0
LF:4
LH:3
BRDA:8,0,0,1
BRDA:8,0,1,1
BRDA:9,1,0,2
BRDA:9,1,1,0
BRDA:28,2,0,0
BRDA:28,2,1,2
BRDA:32,3,0,0
BRDA:32,3,1,0
BRF:8
BRH:4
end_of_record
TN:
SF:src/components/SkeletonCard.jsx
FN:1,SkeletonCard
FNF:1
FNH:1
FNDA:40,SkeletonCard
DA:2,40
LF:1
LH:1
BRF:0
BRH:0
end_of_record
TN:
SF:src/context/ThemeContext.jsx
FN:6,ThemeProvider
FN:7,(anonymous_1)
FN:20,(anonymous_2)
FN:31,(anonymous_3)
FN:31,(anonymous_4)
FN:36,useTheme
FNF:6
FNH:3
FNDA:1,ThemeProvider
FNDA:1,(anonymous_1)
FNDA:1,(anonymous_2)
FNDA:0,(anonymous_3)
FNDA:0,(anonymous_4)
FNDA:0,useTheme
DA:3,1
DA:4,1
DA:7,1
DA:8,1
DA:9,1
DA:10,1
DA:11,1
DA:12,0
DA:14,1
DA:16,0
DA:20,1
DA:21,1
DA:22,1
DA:24,1
DA:25,1
DA:27,0
DA:31,1
DA:33,1
DA:37,0
DA:38,0
DA:39,0
LF:21
LH:15
BRDA:10,0,0,0
BRDA:10,0,1,1
BRDA:10,1,0,1
BRDA:10,1,1,1
BRDA:11,2,0,0
BRDA:11,2,1,1
BRDA:11,3,0,1
BRDA:11,3,1,0
BRDA:24,4,0,1
BRDA:24,4,1,0
BRDA:31,5,0,0
BRDA:31,5,1,0
BRDA:38,6,0,0
BRDA:38,6,1,0
BRF:14
BRH:6
end_of_record
TN:
SF:src/hooks/useDebounce.js
FN:3,useDebounce
FN:6,(anonymous_1)
FN:7,(anonymous_2)
FN:11,(anonymous_3)
FNF:4
FNH:4
FNDA:1,useDebounce
FNDA:1,(anonymous_1)
FNDA:1,(anonymous_2)
FNDA:1,(anonymous_3)
DA:4,1
DA:6,1
DA:7,1
DA:8,1
DA:11,1
DA:14,1
LF:6
LH:6
BRDA:3,0,0,0
BRF:1
BRH:0
end_of_record
TN:
SF:src/pages/HomePage.jsx
FN:23,MovieSection
FN:36,(anonymous_1)
FN:37,(anonymous_2)
FN:42,(anonymous_3)
FN:44,(anonymous_4)
FN:50,(anonymous_5)
FN:60,(anonymous_6)
FN:80,(anonymous_7)
FN:84,(anonymous_8)
FN:87,(anonymous_9)
FN:90,(anonymous_10)
FN:92,(anonymous_11)
FN:104,(anonymous_12)
FN:114,DiscoverSection
FN:126,(anonymous_14)
FN:127,(anonymous_15)
FN:130,(anonymous_16)
FN:132,(anonymous_17)
FN:138,(anonymous_18)
FN:148,(anonymous_19)
FN:168,(anonymous_20)
FN:179,(anonymous_21)
FN:189,HomePage
FN:203,(anonymous_23)
FN:203,(anonymous_24)
FN:219,(anonymous_25)
FN:222,(anonymous_26)
FN:233,(anonymous_27)
FN:235,(anonymous_28)
FN:243,(anonymous_29)
FNF:30
FNH:12
FNDA:8,MovieSection
FNDA:4,(anonymous_1)
FNDA:0,(anonymous_2)
FNDA:4,(anonymous_3)
FNDA:0,(anonymous_4)
FNDA:0,(anonymous_5)
FNDA:32,(anonymous_6)
FNDA:0,(anonymous_7)
FNDA:0,(anonymous_8)
FNDA:0,(anonymous_9)
FNDA:0,(anonymous_10)
FNDA:0,(anonymous_11)
FNDA:0,(anonymous_12)
FNDA:2,DiscoverSection
FNDA:1,(anonymous_14)
FNDA:3,(anonymous_15)
FNDA:1,(anonymous_16)
FNDA:0,(anonymous_17)
FNDA:0,(anonymous_18)
FNDA:8,(anonymous_19)
FNDA:1,(anonymous_20)
FNDA:0,(anonymous_21)
FNDA:1,HomePage
FNDA:0,(anonymous_23)
FNDA:0,(anonymous_24)
FNDA:0,(anonymous_25)
FNDA:0,(anonymous_26)
FNDA:0,(anonymous_27)
FNDA:0,(anonymous_28)
FNDA:4,(anonymous_29)
DA:16,1
DA:24,8
DA:25,8
DA:34,8
DA:36,4
DA:38,0
DA:42,8
DA:43,4
DA:44,0
DA:45,0
DA:46,0
DA:49,0
DA:50,0
DA:53,8
DA:54,4
DA:61,32
DA:68,4
DA:69,4
DA:79,0
DA:80,0
DA:83,0
DA:84,0
DA:86,0
DA:87,0
DA:89,0
DA:90,0
DA:91,0
DA:92,0
DA:95,0
DA:105,0
DA:115,2
DA:124,2
DA:126,1
DA:127,3
DA:130,2
DA:131,1
DA:132,0
DA:133,0
DA:134,0
DA:137,0
DA:138,0
DA:141,2
DA:142,1
DA:149,8
DA:156,1
DA:157,0
DA:167,1
DA:168,1
DA:170,1
DA:180,0
DA:190,1
DA:191,1
DA:193,1
DA:203,0
DA:220,0
DA:221,0
DA:222,0
DA:234,0
DA:235,0
DA:244,4
LF:60
LH:29
BRDA:36,0,0,4
BRDA:38,1,0,0
BRDA:38,1,1,0
BRDA:38,2,0,0
BRDA:38,2,1,0
BRDA:43,3,0,4
BRDA:43,3,1,0
BRDA:45,4,0,0
BRDA:45,4,1,0
BRDA:45,5,0,0
BRDA:45,5,1,0
BRDA:45,5,2,0
BRDA:53,6,0,4
BRDA:53,6,1,4
BRDA:68,7,0,4
BRDA:68,7,1,0
BRDA:79,8,0,0
BRDA:79,8,1,0
BRDA:80,9,0,0
BRDA:80,9,1,0
BRDA:83,10,0,0
BRDA:83,10,1,0
BRDA:84,11,0,0
BRDA:84,11,1,0
BRDA:86,12,0,0
BRDA:86,12,1,0
BRDA:89,13,0,0
BRDA:89,13,1,0
BRDA:90,14,0,0
BRDA:90,14,1,0
BRDA:90,15,0,0
BRDA:90,15,1,0
BRDA:91,16,0,0
BRDA:91,16,1,0
BRDA:92,17,0,0
BRDA:92,17,1,0
BRDA:92,18,0,0
BRDA:92,18,1,0
BRDA:100,19,0,0
BRDA:100,19,1,0
BRDA:126,20,0,1
BRDA:127,21,0,0
BRDA:127,21,1,3
BRDA:127,22,0,3
BRDA:127,22,1,0
BRDA:131,23,0,1
BRDA:131,23,1,0
BRDA:133,24,0,0
BRDA:133,24,1,0
BRDA:133,25,0,0
BRDA:133,25,1,0
BRDA:133,25,2,0
BRDA:141,26,0,1
BRDA:141,26,1,1
BRDA:156,27,0,0
BRDA:156,27,1,1
BRDA:167,28,0,1
BRDA:167,28,1,0
BRDA:168,29,0,1
BRDA:168,29,1,0
BRDA:175,30,0,1
BRDA:175,30,1,0
BRDA:220,31,0,0
BRDA:220,31,1,0
BRDA:221,32,0,0
BRDA:221,32,1,0
BRF:66
BRH:15
end_of_record
TN:
SF:src/utils/formatRating.js
FN:1,formatRating
FNF:1
FNH:1
FNDA:2,formatRating
DA:2,2
DA:3,0
DA:6,2
LF:3
LH:2
BRDA:2,0,0,0
BRDA:2,0,1,2
BRF:2
BRH:1
end_of_record
